#
# There is insufficient memory for the Java Runtime Environment to continue.
# Native memory allocation (malloc) failed to allocate 32744 bytes for ChunkPool::allocate
# Possible reasons:
#   The system is out of physical RAM or swap space
#   The process is running with CompressedOops enabled, and the Java Heap may be blocking the growth of the native heap
# Possible solutions:
#   Reduce memory load on the system
#   Increase physical memory or swap space
#   Check if swap backing store is full
#   Decrease Java heap size (-Xmx/-Xms)
#   Decrease number of Java threads
#   Decrease Java thread stack sizes (-Xss)
#   Set larger code cache with -XX:ReservedCodeCacheSize=
#   JVM is running with Unscaled Compressed Oops mode in which the Java heap is
#     placed in the first 4GB address space. The Java Heap base address is the
#     maximum limit for the native heap growth. Please use -XX:HeapBaseMinAddress
#     to set the Java Heap base and to place the Java Heap above 4GB virtual address.
# This output file may be truncated or incomplete.
#
#  Out of Memory Error (arena.cpp:79), pid=10688, tid=24236
#
# JRE version: OpenJDK Runtime Environment (17.0.10) (build 17.0.10+0--11572160)
# Java VM: OpenJDK 64-Bit Server VM (17.0.10+0--11572160, mixed mode, tiered, compressed oops, compressed class ptrs, g1 gc, windows-amd64)
# No core dump will be written. Minidumps are not enabled by default on client versions of Windows
#

---------------  S U M M A R Y ------------

Command Line: -Dorg.gradle.appname=gradlew org.gradle.wrapper.GradleWrapperMain -q -Ptarget-platform=android-arm64 -Ptarget=C:\Users\62887\Documents\@Yusuf\PROJECT_FLUTTER\palugada\lib\main.dart -Pbase-application-name=android.app.Application -Pdart-defines=RkxVVFRFUl9XRUJfQ0FOVkFTS0lUX1VSTD1odHRwczovL3d3dy5nc3RhdGljLmNvbS9mbHV0dGVyLWNhbnZhc2tpdC9lZGQ4NTQ2MTE2NDU3YmRmMWM1YmRmYjEzZWNiOTQ2M2QyYmI1ZWQ0Lw== -Pdart-obfuscation=false -Ptrack-widget-creation=true -Ptree-shake-icons=false -Pfilesystem-scheme=org-dartlang-root assembleDebug

Host: Intel(R) Core(TM) i3-1005G1 CPU @ 1.20GHz, 4 cores, 3G,  Windows 11 , 64 bit Build 22621 (10.0.22621.3672)
Time: Tue Jul 16 23:49:24 2024 SE Asia Standard Time elapsed time: 6.762117 seconds (0d 0h 0m 6s)

---------------  T H R E A D  ---------------

Current thread (0x000001abfa307540):  JavaThread "C1 CompilerThread0" daemon [_thread_in_native, id=24236, stack(0x0000002ae1e00000,0x0000002ae1f00000)]


Current CompileTask:
C1:   6762  295       3       java.io.WinNTFileSystem::resolve (275 bytes)

Stack: [0x0000002ae1e00000,0x0000002ae1f00000]
Native frames: (J=compiled Java code, j=interpreted, Vv=VM code, C=native code)
V  [jvm.dll+0x688e89]
V  [jvm.dll+0x84247a]
V  [jvm.dll+0x8440be]
V  [jvm.dll+0x844723]
V  [jvm.dll+0x24be0f]
V  [jvm.dll+0xac721]
V  [jvm.dll+0xacb6c]
V  [jvm.dll+0x1787e3]
V  [jvm.dll+0x1788ad]
V  [jvm.dll+0x17b139]
V  [jvm.dll+0x17cdd1]
V  [jvm.dll+0x137393]
V  [jvm.dll+0x136c9f]
V  [jvm.dll+0x136ed6]
V  [jvm.dll+0x13636a]
V  [jvm.dll+0x138021]
V  [jvm.dll+0x22cd78]
V  [jvm.dll+0x22aeb0]
V  [jvm.dll+0x7f6917]
V  [jvm.dll+0x7f0d1a]
V  [jvm.dll+0x687d05]
C  [ucrtbase.dll+0x29333]
C  [KERNEL32.DLL+0x1257d]
C  [ntdll.dll+0x5af28]


---------------  P R O C E S S  ---------------

Threads class SMR info:
_java_thread_list=0x000001abfa45a690, length=12, elements={
0x000001abe33307c0, 0x000001abfa03fc40, 0x000001abfa040710, 0x000001abfa08b830,
0x000001abfa08c100, 0x000001abfa08c9d0, 0x000001abfa304020, 0x000001abfa306c30,
0x000001abfa307540, 0x000001abfa0c83b0, 0x000001abfa43fe90, 0x000001abfa4589d0
}

Java Threads: ( => current thread )
  0x000001abe33307c0 JavaThread "main" [_thread_in_native, id=12644, stack(0x0000002ae1000000,0x0000002ae1100000)]
  0x000001abfa03fc40 JavaThread "Reference Handler" daemon [_thread_blocked, id=16932, stack(0x0000002ae1700000,0x0000002ae1800000)]
  0x000001abfa040710 JavaThread "Finalizer" daemon [_thread_blocked, id=21908, stack(0x0000002ae1800000,0x0000002ae1900000)]
  0x000001abfa08b830 JavaThread "Signal Dispatcher" daemon [_thread_blocked, id=25708, stack(0x0000002ae1900000,0x0000002ae1a00000)]
  0x000001abfa08c100 JavaThread "Attach Listener" daemon [_thread_blocked, id=18348, stack(0x0000002ae1a00000,0x0000002ae1b00000)]
  0x000001abfa08c9d0 JavaThread "Service Thread" daemon [_thread_blocked, id=1940, stack(0x0000002ae1b00000,0x0000002ae1c00000)]
  0x000001abfa304020 JavaThread "Monitor Deflation Thread" daemon [_thread_blocked, id=24868, stack(0x0000002ae1c00000,0x0000002ae1d00000)]
  0x000001abfa306c30 JavaThread "C2 CompilerThread0" daemon [_thread_in_native, id=14072, stack(0x0000002ae1d00000,0x0000002ae1e00000)]
=>0x000001abfa307540 JavaThread "C1 CompilerThread0" daemon [_thread_in_native, id=24236, stack(0x0000002ae1e00000,0x0000002ae1f00000)]
  0x000001abfa0c83b0 JavaThread "Sweeper thread" daemon [_thread_blocked, id=26612, stack(0x0000002ae1f00000,0x0000002ae2000000)]
  0x000001abfa43fe90 JavaThread "Notification Thread" daemon [_thread_blocked, id=24920, stack(0x0000002ae2000000,0x0000002ae2100000)]
  0x000001abfa4589d0 JavaThread "Common-Cleaner" daemon [_thread_blocked, id=14616, stack(0x0000002ae2200000,0x0000002ae2300000)]

Other Threads:
  0x000001abfa06da80 VMThread "VM Thread" [stack: 0x0000002ae1600000,0x0000002ae1700000] [id=14468]
  0x000001abfa444b90 WatcherThread [stack: 0x0000002ae2100000,0x0000002ae2200000] [id=21344]
  0x000001abe336aab0 GCTaskThread "GC Thread#0" [stack: 0x0000002ae1100000,0x0000002ae1200000] [id=12832]
  0x000001abe3373110 ConcurrentGCThread "G1 Main Marker" [stack: 0x0000002ae1200000,0x0000002ae1300000] [id=21256]
  0x000001abe3373a40 ConcurrentGCThread "G1 Conc#0" [stack: 0x0000002ae1300000,0x0000002ae1400000] [id=21900]
  0x000001abe33ae390 ConcurrentGCThread "G1 Refine#0" [stack: 0x0000002ae1400000,0x0000002ae1500000] [id=24592]
  0x000001abe33b00e0 ConcurrentGCThread "G1 Service" [stack: 0x0000002ae1500000,0x0000002ae1600000] [id=21820]

Threads with active compile tasks:
C2 CompilerThread0     7621  298 %     4       java.lang.StringUTF16::compress @ 3 (50 bytes)
C1 CompilerThread0     7621  295       3       java.io.WinNTFileSystem::resolve (275 bytes)

VM state: not at safepoint (normal execution)

VM Mutex/Monitor currently owned by a thread: None

Heap address: 0x00000000c4000000, size: 960 MB, Compressed Oops mode: 32-bit

CDS archive(s) not mapped
Compressed class space mapped at: 0x0000000100000000-0x0000000140000000, reserved size: 1073741824
Narrow klass base: 0x0000000000000000, Narrow klass shift: 3, Narrow klass range: 0x140000000

GC Precious Log:
 CPUs: 4 total, 4 available
 Memory: 3834M
 Large Page Support: Disabled
 NUMA Support: Disabled
 Compressed Oops: Enabled (32-bit)
 Heap Region Size: 1M
 Heap Min Capacity: 8M
 Heap Initial Capacity: 60M
 Heap Max Capacity: 960M
 Pre-touch: Disabled
 Parallel Workers: 4
 Concurrent Workers: 1
 Concurrent Refinement Workers: 4
 Periodic GC: Disabled

Heap:
 garbage-first heap   total 61440K, used 2048K [0x00000000c4000000, 0x0000000100000000)
  region size 1024K, 4 young (4096K), 0 survivors (0K)
 Metaspace       used 7954K, committed 8064K, reserved 1114112K
  class space    used 703K, committed 768K, reserved 1048576K

Heap Regions: E=young(eden), S=young(survivor), O=old, HS=humongous(starts), HC=humongous(continues), CS=collection set, F=free, OA=open archive, CA=closed archive, TAMS=top-at-mark-start (previous, next)
|   0|0x00000000c4000000, 0x00000000c4000000, 0x00000000c4100000|  0%| F|  |TAMS 0x00000000c4000000, 0x00000000c4000000| Untracked 
|   1|0x00000000c4100000, 0x00000000c4100000, 0x00000000c4200000|  0%| F|  |TAMS 0x00000000c4100000, 0x00000000c4100000| Untracked 
|   2|0x00000000c4200000, 0x00000000c4200000, 0x00000000c4300000|  0%| F|  |TAMS 0x00000000c4200000, 0x00000000c4200000| Untracked 
|   3|0x00000000c4300000, 0x00000000c4300000, 0x00000000c4400000|  0%| F|  |TAMS 0x00000000c4300000, 0x00000000c4300000| Untracked 
|   4|0x00000000c4400000, 0x00000000c4400000, 0x00000000c4500000|  0%| F|  |TAMS 0x00000000c4400000, 0x00000000c4400000| Untracked 
|   5|0x00000000c4500000, 0x00000000c4500000, 0x00000000c4600000|  0%| F|  |TAMS 0x00000000c4500000, 0x00000000c4500000| Untracked 
|   6|0x00000000c4600000, 0x00000000c4600000, 0x00000000c4700000|  0%| F|  |TAMS 0x00000000c4600000, 0x00000000c4600000| Untracked 
|   7|0x00000000c4700000, 0x00000000c4700000, 0x00000000c4800000|  0%| F|  |TAMS 0x00000000c4700000, 0x00000000c4700000| Untracked 
|   8|0x00000000c4800000, 0x00000000c4800000, 0x00000000c4900000|  0%| F|  |TAMS 0x00000000c4800000, 0x00000000c4800000| Untracked 
|   9|0x00000000c4900000, 0x00000000c4900000, 0x00000000c4a00000|  0%| F|  |TAMS 0x00000000c4900000, 0x00000000c4900000| Untracked 
|  10|0x00000000c4a00000, 0x00000000c4a00000, 0x00000000c4b00000|  0%| F|  |TAMS 0x00000000c4a00000, 0x00000000c4a00000| Untracked 
|  11|0x00000000c4b00000, 0x00000000c4b00000, 0x00000000c4c00000|  0%| F|  |TAMS 0x00000000c4b00000, 0x00000000c4b00000| Untracked 
|  12|0x00000000c4c00000, 0x00000000c4c00000, 0x00000000c4d00000|  0%| F|  |TAMS 0x00000000c4c00000, 0x00000000c4c00000| Untracked 
|  13|0x00000000c4d00000, 0x00000000c4d00000, 0x00000000c4e00000|  0%| F|  |TAMS 0x00000000c4d00000, 0x00000000c4d00000| Untracked 
|  14|0x00000000c4e00000, 0x00000000c4e00000, 0x00000000c4f00000|  0%| F|  |TAMS 0x00000000c4e00000, 0x00000000c4e00000| Untracked 
|  15|0x00000000c4f00000, 0x00000000c4f00000, 0x00000000c5000000|  0%| F|  |TAMS 0x00000000c4f00000, 0x00000000c4f00000| Untracked 
|  16|0x00000000c5000000, 0x00000000c5000000, 0x00000000c5100000|  0%| F|  |TAMS 0x00000000c5000000, 0x00000000c5000000| Untracked 
|  17|0x00000000c5100000, 0x00000000c5100000, 0x00000000c5200000|  0%| F|  |TAMS 0x00000000c5100000, 0x00000000c5100000| Untracked 
|  18|0x00000000c5200000, 0x00000000c5200000, 0x00000000c5300000|  0%| F|  |TAMS 0x00000000c5200000, 0x00000000c5200000| Untracked 
|  19|0x00000000c5300000, 0x00000000c5300000, 0x00000000c5400000|  0%| F|  |TAMS 0x00000000c5300000, 0x00000000c5300000| Untracked 
|  20|0x00000000c5400000, 0x00000000c5400000, 0x00000000c5500000|  0%| F|  |TAMS 0x00000000c5400000, 0x00000000c5400000| Untracked 
|  21|0x00000000c5500000, 0x00000000c5500000, 0x00000000c5600000|  0%| F|  |TAMS 0x00000000c5500000, 0x00000000c5500000| Untracked 
|  22|0x00000000c5600000, 0x00000000c5600000, 0x00000000c5700000|  0%| F|  |TAMS 0x00000000c5600000, 0x00000000c5600000| Untracked 
|  23|0x00000000c5700000, 0x00000000c5700000, 0x00000000c5800000|  0%| F|  |TAMS 0x00000000c5700000, 0x00000000c5700000| Untracked 
|  24|0x00000000c5800000, 0x00000000c5800000, 0x00000000c5900000|  0%| F|  |TAMS 0x00000000c5800000, 0x00000000c5800000| Untracked 
|  25|0x00000000c5900000, 0x00000000c5900000, 0x00000000c5a00000|  0%| F|  |TAMS 0x00000000c5900000, 0x00000000c5900000| Untracked 
|  26|0x00000000c5a00000, 0x00000000c5a00000, 0x00000000c5b00000|  0%| F|  |TAMS 0x00000000c5a00000, 0x00000000c5a00000| Untracked 
|  27|0x00000000c5b00000, 0x00000000c5b00000, 0x00000000c5c00000|  0%| F|  |TAMS 0x00000000c5b00000, 0x00000000c5b00000| Untracked 
|  28|0x00000000c5c00000, 0x00000000c5c00000, 0x00000000c5d00000|  0%| F|  |TAMS 0x00000000c5c00000, 0x00000000c5c00000| Untracked 
|  29|0x00000000c5d00000, 0x00000000c5d00000, 0x00000000c5e00000|  0%| F|  |TAMS 0x00000000c5d00000, 0x00000000c5d00000| Untracked 
|  30|0x00000000c5e00000, 0x00000000c5e00000, 0x00000000c5f00000|  0%| F|  |TAMS 0x00000000c5e00000, 0x00000000c5e00000| Untracked 
|  31|0x00000000c5f00000, 0x00000000c5f00000, 0x00000000c6000000|  0%| F|  |TAMS 0x00000000c5f00000, 0x00000000c5f00000| Untracked 
|  32|0x00000000c6000000, 0x00000000c6000000, 0x00000000c6100000|  0%| F|  |TAMS 0x00000000c6000000, 0x00000000c6000000| Untracked 
|  33|0x00000000c6100000, 0x00000000c6100000, 0x00000000c6200000|  0%| F|  |TAMS 0x00000000c6100000, 0x00000000c6100000| Untracked 
|  34|0x00000000c6200000, 0x00000000c6200000, 0x00000000c6300000|  0%| F|  |TAMS 0x00000000c6200000, 0x00000000c6200000| Untracked 
|  35|0x00000000c6300000, 0x00000000c6300000, 0x00000000c6400000|  0%| F|  |TAMS 0x00000000c6300000, 0x00000000c6300000| Untracked 
|  36|0x00000000c6400000, 0x00000000c6400000, 0x00000000c6500000|  0%| F|  |TAMS 0x00000000c6400000, 0x00000000c6400000| Untracked 
|  37|0x00000000c6500000, 0x00000000c6500000, 0x00000000c6600000|  0%| F|  |TAMS 0x00000000c6500000, 0x00000000c6500000| Untracked 
|  38|0x00000000c6600000, 0x00000000c6600000, 0x00000000c6700000|  0%| F|  |TAMS 0x00000000c6600000, 0x00000000c6600000| Untracked 
|  39|0x00000000c6700000, 0x00000000c6700000, 0x00000000c6800000|  0%| F|  |TAMS 0x00000000c6700000, 0x00000000c6700000| Untracked 
|  40|0x00000000c6800000, 0x00000000c6800000, 0x00000000c6900000|  0%| F|  |TAMS 0x00000000c6800000, 0x00000000c6800000| Untracked 
|  41|0x00000000c6900000, 0x00000000c6900000, 0x00000000c6a00000|  0%| F|  |TAMS 0x00000000c6900000, 0x00000000c6900000| Untracked 
|  42|0x00000000c6a00000, 0x00000000c6a00000, 0x00000000c6b00000|  0%| F|  |TAMS 0x00000000c6a00000, 0x00000000c6a00000| Untracked 
|  43|0x00000000c6b00000, 0x00000000c6b00000, 0x00000000c6c00000|  0%| F|  |TAMS 0x00000000c6b00000, 0x00000000c6b00000| Untracked 
|  44|0x00000000c6c00000, 0x00000000c6c00000, 0x00000000c6d00000|  0%| F|  |TAMS 0x00000000c6c00000, 0x00000000c6c00000| Untracked 
|  45|0x00000000c6d00000, 0x00000000c6d00000, 0x00000000c6e00000|  0%| F|  |TAMS 0x00000000c6d00000, 0x00000000c6d00000| Untracked 
|  46|0x00000000c6e00000, 0x00000000c6e00000, 0x00000000c6f00000|  0%| F|  |TAMS 0x00000000c6e00000, 0x00000000c6e00000| Untracked 
|  47|0x00000000c6f00000, 0x00000000c6f00000, 0x00000000c7000000|  0%| F|  |TAMS 0x00000000c6f00000, 0x00000000c6f00000| Untracked 
|  48|0x00000000c7000000, 0x00000000c7000000, 0x00000000c7100000|  0%| F|  |TAMS 0x00000000c7000000, 0x00000000c7000000| Untracked 
|  49|0x00000000c7100000, 0x00000000c7100000, 0x00000000c7200000|  0%| F|  |TAMS 0x00000000c7100000, 0x00000000c7100000| Untracked 
|  50|0x00000000c7200000, 0x00000000c7200000, 0x00000000c7300000|  0%| F|  |TAMS 0x00000000c7200000, 0x00000000c7200000| Untracked 
|  51|0x00000000c7300000, 0x00000000c7300000, 0x00000000c7400000|  0%| F|  |TAMS 0x00000000c7300000, 0x00000000c7300000| Untracked 
|  52|0x00000000c7400000, 0x00000000c7400000, 0x00000000c7500000|  0%| F|  |TAMS 0x00000000c7400000, 0x00000000c7400000| Untracked 
|  53|0x00000000c7500000, 0x00000000c7500000, 0x00000000c7600000|  0%| F|  |TAMS 0x00000000c7500000, 0x00000000c7500000| Untracked 
|  54|0x00000000c7600000, 0x00000000c7600000, 0x00000000c7700000|  0%| F|  |TAMS 0x00000000c7600000, 0x00000000c7600000| Untracked 
|  55|0x00000000c7700000, 0x00000000c7700000, 0x00000000c7800000|  0%| F|  |TAMS 0x00000000c7700000, 0x00000000c7700000| Untracked 
|  56|0x00000000c7800000, 0x00000000c78816f0, 0x00000000c7900000| 50%| E|  |TAMS 0x00000000c7800000, 0x00000000c7800000| Complete 
|  57|0x00000000c7900000, 0x00000000c7a00000, 0x00000000c7a00000|100%| E|  |TAMS 0x00000000c7900000, 0x00000000c7900000| Complete 
|  58|0x00000000c7a00000, 0x00000000c7b00000, 0x00000000c7b00000|100%| E|CS|TAMS 0x00000000c7a00000, 0x00000000c7a00000| Complete 
|  59|0x00000000c7b00000, 0x00000000c7c00000, 0x00000000c7c00000|100%| E|CS|TAMS 0x00000000c7b00000, 0x00000000c7b00000| Complete 

Card table byte_map: [0x000001abf59e0000,0x000001abf5bc0000] _byte_map_base: 0x000001abf53c0000

Marking Bits (Prev, Next): (CMBitMap*) 0x000001abe336afe0, (CMBitMap*) 0x000001abe336b020
 Prev Bits: [0x000001abf5da0000, 0x000001abf6ca0000)
 Next Bits: [0x000001abf6ca0000, 0x000001abf7ba0000)

Polling page: 0x000001abe2ae0000

Metaspace:

Usage:
  Non-class:      7.08 MB used.
      Class:    703.04 KB used.
       Both:      7.77 MB used.

Virtual space:
  Non-class space:       64.00 MB reserved,       7.12 MB ( 11%) committed,  1 nodes.
      Class space:        1.00 GB reserved,     768.00 KB ( <1%) committed,  1 nodes.
             Both:        1.06 GB reserved,       7.88 MB ( <1%) committed. 

Chunk freelists:
   Non-Class:  8.44 MB
       Class:  15.20 MB
        Both:  23.64 MB

MaxMetaspaceSize: unlimited
CompressedClassSpaceSize: 1.00 GB
Initial GC threshold: 21.00 MB
Current GC threshold: 21.00 MB
CDS: off
MetaspaceReclaimPolicy: balanced
 - commit_granule_bytes: 65536.
 - commit_granule_words: 8192.
 - virtual_space_node_default_size: 8388608.
 - enlarge_chunks_in_place: 1.
 - new_chunks_are_fully_committed: 0.
 - uncommit_free_chunks: 1.
 - use_allocation_guard: 0.
 - handle_deallocations: 1.


Internal statistics:

num_allocs_failed_limit: 0.
num_arena_births: 10.
num_arena_deaths: 0.
num_vsnodes_births: 2.
num_vsnodes_deaths: 0.
num_space_committed: 126.
num_space_uncommitted: 0.
num_chunks_returned_to_freelist: 0.
num_chunks_taken_from_freelist: 44.
num_chunk_merges: 0.
num_chunk_splits: 18.
num_chunks_enlarged: 14.
num_inconsistent_stats: 0.

CodeHeap 'non-profiled nmethods': size=120000Kb used=75Kb max_used=75Kb free=119924Kb
 bounds [0x000001abee2d0000, 0x000001abee540000, 0x000001abf5800000]
CodeHeap 'profiled nmethods': size=120000Kb used=395Kb max_used=395Kb free=119604Kb
 bounds [0x000001abe6800000, 0x000001abe6a70000, 0x000001abedd30000]
CodeHeap 'non-nmethods': size=5760Kb used=1135Kb max_used=1149Kb free=4624Kb
 bounds [0x000001abedd30000, 0x000001abedfa0000, 0x000001abee2d0000]
 total_blobs=700 nmethods=294 adapters=319
 compilation: enabled
              stopped_count=0, restarted_count=0
 full_count=0

Compilation events (20 events):
Event: 5.844 Thread 0x000001abfa307540  288       3       java.util.ArrayList::add (25 bytes)
Event: 5.845 Thread 0x000001abfa307540 nmethod 288 0x000001abe6860c10 code [0x000001abe6860de0, 0x000001abe6861208]
Event: 5.845 Thread 0x000001abfa307540  289       3       java.util.ArrayList::add (23 bytes)
Event: 5.846 Thread 0x000001abfa307540 nmethod 289 0x000001abe6861410 code [0x000001abe68615e0, 0x000001abe6861988]
Event: 5.846 Thread 0x000001abfa307540  290       3       java.util.zip.ZipFile$Source::getEntryNext (9 bytes)
Event: 5.846 Thread 0x000001abfa307540 nmethod 290 0x000001abe6861b10 code [0x000001abe6861ca0, 0x000001abe6861dd8]
Event: 5.874 Thread 0x000001abfa307540  291       3       java.lang.String::replace (42 bytes)
Event: 5.875 Thread 0x000001abfa307540 nmethod 291 0x000001abe6861e90 code [0x000001abe6862060, 0x000001abe6862398]
Event: 5.876 Thread 0x000001abfa307540  292       3       java.lang.String::toLowerCase (29 bytes)
Event: 5.876 Thread 0x000001abfa307540 nmethod 292 0x000001abe6862490 code [0x000001abe6862660, 0x000001abe6862918]
Event: 5.892 Thread 0x000001abfa307540  293       1       java.io.File::getPath (5 bytes)
Event: 5.892 Thread 0x000001abfa307540 nmethod 293 0x000001abee2e1b10 code [0x000001abee2e1ca0, 0x000001abee2e1d78]
Event: 5.898 Thread 0x000001abfa306c30 nmethod 274 0x000001abee2e1e10 code [0x000001abee2e1fa0, 0x000001abee2e2468]
Event: 5.898 Thread 0x000001abfa306c30  279       4       java.lang.StringLatin1::indexOfChar (33 bytes)
Event: 5.927 Thread 0x000001abfa306c30 nmethod 279 0x000001abee2e2610 code [0x000001abee2e2780, 0x000001abee2e28f8]
Event: 5.927 Thread 0x000001abfa306c30  287       4       java.util.zip.ZipUtils::CENEXT (9 bytes)
Event: 5.928 Thread 0x000001abfa306c30 nmethod 287 0x000001abee2e2a10 code [0x000001abee2e2b80, 0x000001abee2e2c38]
Event: 6.532 Thread 0x000001abfa307540  294       3       java.lang.StringUTF16::compress (20 bytes)
Event: 6.532 Thread 0x000001abfa307540 nmethod 294 0x000001abe6862a10 code [0x000001abe6862bc0, 0x000001abe6862e08]
Event: 6.666 Thread 0x000001abfa307540  295       3       java.io.WinNTFileSystem::resolve (275 bytes)

GC Heap History (0 events):
No events

Dll operation events (2 events):
Event: 0.085 Loaded shared library C:\Program Files\Android\Android Studio1\jbr\bin\java.dll
Event: 2.657 Loaded shared library C:\Program Files\Android\Android Studio1\jbr\bin\verify.dll

Deoptimization events (12 events):
Event: 5.093 Thread 0x000001abe33307c0 DEOPT PACKING pc=0x000001abe685540c sp=0x0000002ae10f97d0
Event: 5.093 Thread 0x000001abe33307c0 DEOPT UNPACKING pc=0x000001abedd8ace3 sp=0x0000002ae10f8c60 mode 0
Event: 5.093 Thread 0x000001abe33307c0 DEOPT PACKING pc=0x000001abe685540c sp=0x0000002ae10f97d0
Event: 5.093 Thread 0x000001abe33307c0 DEOPT UNPACKING pc=0x000001abedd8ace3 sp=0x0000002ae10f8c60 mode 0
Event: 5.093 Thread 0x000001abe33307c0 DEOPT PACKING pc=0x000001abe685540c sp=0x0000002ae10f97d0
Event: 5.093 Thread 0x000001abe33307c0 DEOPT UNPACKING pc=0x000001abedd8ace3 sp=0x0000002ae10f8c60 mode 0
Event: 5.093 Thread 0x000001abe33307c0 DEOPT PACKING pc=0x000001abe685540c sp=0x0000002ae10f97d0
Event: 5.093 Thread 0x000001abe33307c0 DEOPT UNPACKING pc=0x000001abedd8ace3 sp=0x0000002ae10f8c60 mode 0
Event: 5.635 Thread 0x000001abe33307c0 DEOPT PACKING pc=0x000001abe6815de7 sp=0x0000002ae10fce90
Event: 5.635 Thread 0x000001abe33307c0 DEOPT UNPACKING pc=0x000001abedd8ace3 sp=0x0000002ae10fc2b0 mode 0
Event: 5.875 Thread 0x000001abe33307c0 DEOPT PACKING pc=0x000001abe6815151 sp=0x0000002ae10fc8f0
Event: 5.875 Thread 0x000001abe33307c0 DEOPT UNPACKING pc=0x000001abedd8ace3 sp=0x0000002ae10fbd68 mode 0

Classes unloaded (0 events):
No events

Classes redefined (0 events):
No events

Internal exceptions (1 events):
Event: 5.799 Thread 0x000001abe33307c0 Exception <a 'java/lang/NoSuchMethodError'{0x00000000c79de098}: 'int java.lang.invoke.DirectMethodHandle$Holder.invokeStaticInit(java.lang.Object, java.lang.Object)'> (0x00000000c79de098) 
thrown [s\src\hotspot\share\interpreter\linkResolver.cpp, line 771]

VM Operations (10 events):
Event: 1.299 Executing VM operation: Cleanup
Event: 1.315 Executing VM operation: Cleanup done
Event: 2.447 Executing VM operation: HandshakeAllThreads
Event: 2.461 Executing VM operation: HandshakeAllThreads done
Event: 3.464 Executing VM operation: Cleanup
Event: 3.480 Executing VM operation: Cleanup done
Event: 4.484 Executing VM operation: Cleanup
Event: 4.484 Executing VM operation: Cleanup done
Event: 6.504 Executing VM operation: Cleanup
Event: 6.504 Executing VM operation: Cleanup done

Events (20 events):
Event: 4.834 loading class java/io/FilePermissionCollection
Event: 4.835 loading class java/io/FilePermissionCollection done
Event: 4.835 loading class java/util/Vector
Event: 4.844 loading class java/util/Vector done
Event: 4.844 loading class java/io/FilePermissionCollection$1
Event: 4.845 loading class java/io/FilePermissionCollection$1 done
Event: 4.883 loading class jdk/internal/reflect/NativeMethodAccessorImpl
Event: 4.884 loading class jdk/internal/reflect/NativeMethodAccessorImpl done
Event: 4.884 loading class jdk/internal/reflect/DelegatingMethodAccessorImpl
Event: 4.884 loading class jdk/internal/reflect/DelegatingMethodAccessorImpl done
Event: 4.885 loading class sun/security/util/ManifestEntryVerifier
Event: 4.897 loading class sun/security/util/ManifestEntryVerifier done
Event: 5.798 loading class java/lang/NoSuchMethodError
Event: 5.798 loading class java/lang/IncompatibleClassChangeError
Event: 5.799 loading class java/lang/IncompatibleClassChangeError done
Event: 5.799 loading class java/lang/NoSuchMethodError done
Event: 5.870 loading class java/net/MalformedURLException
Event: 5.871 loading class java/net/MalformedURLException done
Event: 5.875 loading class java/io/FileFilter
Event: 5.875 loading class java/io/FileFilter done


Dynamic libraries:
0x00007ff71c2c0000 - 0x00007ff71c2ca000 	C:\Program Files\Android\Android Studio1\jbr\bin\java.exe
0x00007ff8415b0000 - 0x00007ff8417c7000 	C:\WINDOWS\SYSTEM32\ntdll.dll
0x00007ff83fee0000 - 0x00007ff83ffa4000 	C:\WINDOWS\System32\KERNEL32.DLL
0x00007ff83ece0000 - 0x00007ff83f08d000 	C:\WINDOWS\System32\KERNELBASE.dll
0x00007ff83ea00000 - 0x00007ff83eb11000 	C:\WINDOWS\System32\ucrtbase.dll
0x00007ff81c2b0000 - 0x00007ff81c2c7000 	C:\Program Files\Android\Android Studio1\jbr\bin\jli.dll
0x00007ff81b840000 - 0x00007ff81b85b000 	C:\Program Files\Android\Android Studio1\jbr\bin\VCRUNTIME140.dll
0x00007ff8407a0000 - 0x00007ff84094e000 	C:\WINDOWS\System32\USER32.dll
0x00007ff83f090000 - 0x00007ff83f0b6000 	C:\WINDOWS\System32\win32u.dll
0x00007ff83feb0000 - 0x00007ff83fed9000 	C:\WINDOWS\System32\GDI32.dll
0x00007ff829810000 - 0x00007ff829aa3000 	C:\WINDOWS\WinSxS\amd64_microsoft.windows.common-controls_6595b64144ccf1df_6.0.22621.3672_none_2713b9d173822955\COMCTL32.dll
0x00007ff83e8e0000 - 0x00007ff83e9f9000 	C:\WINDOWS\System32\gdi32full.dll
0x00007ff8414c0000 - 0x00007ff841567000 	C:\WINDOWS\System32\msvcrt.dll
0x00007ff83ebc0000 - 0x00007ff83ec5a000 	C:\WINDOWS\System32\msvcp_win.dll
0x00007ff8400f0000 - 0x00007ff840121000 	C:\WINDOWS\System32\IMM32.DLL
0x00007ff839b00000 - 0x00007ff839b0c000 	C:\Program Files\Android\Android Studio1\jbr\bin\vcruntime140_1.dll
0x00007ffff2f50000 - 0x00007ffff2fdd000 	C:\Program Files\Android\Android Studio1\jbr\bin\msvcp140.dll
0x00007fffdba70000 - 0x00007fffdc6f3000 	C:\Program Files\Android\Android Studio1\jbr\bin\server\jvm.dll
0x00007ff83f7d0000 - 0x00007ff83f882000 	C:\WINDOWS\System32\ADVAPI32.dll
0x00007ff83f370000 - 0x00007ff83f419000 	C:\WINDOWS\System32\sechost.dll
0x00007ff83eb90000 - 0x00007ff83ebb8000 	C:\WINDOWS\System32\bcrypt.dll
0x00007ff83ffb0000 - 0x00007ff8400c4000 	C:\WINDOWS\System32\RPCRT4.dll
0x00007ff83e150000 - 0x00007ff83e19d000 	C:\WINDOWS\SYSTEM32\POWRPROF.dll
0x00007ff836950000 - 0x00007ff836959000 	C:\WINDOWS\SYSTEM32\WSOCK32.dll
0x00007ff83f2f0000 - 0x00007ff83f361000 	C:\WINDOWS\System32\WS2_32.dll
0x00007ff8380e0000 - 0x00007ff838114000 	C:\WINDOWS\SYSTEM32\WINMM.dll
0x00007ff838d00000 - 0x00007ff838d0a000 	C:\WINDOWS\SYSTEM32\VERSION.dll
0x00007ff83e130000 - 0x00007ff83e143000 	C:\WINDOWS\SYSTEM32\UMPDC.dll
0x00007ff83d980000 - 0x00007ff83d998000 	C:\WINDOWS\SYSTEM32\kernel.appcore.dll
0x00007ff831bf0000 - 0x00007ff831bfa000 	C:\Program Files\Android\Android Studio1\jbr\bin\jimage.dll
0x00007ff83c180000 - 0x00007ff83c3b2000 	C:\WINDOWS\SYSTEM32\DBGHELP.DLL
0x00007ff83f890000 - 0x00007ff83fc18000 	C:\WINDOWS\System32\combase.dll
0x00007ff840130000 - 0x00007ff840207000 	C:\WINDOWS\System32\OLEAUT32.dll
0x00007ff837430000 - 0x00007ff837462000 	C:\WINDOWS\SYSTEM32\dbgcore.DLL
0x00007ff83ec60000 - 0x00007ff83ecdb000 	C:\WINDOWS\System32\bcryptPrimitives.dll
0x00007ff80a490000 - 0x00007ff80a4b5000 	C:\Program Files\Android\Android Studio1\jbr\bin\java.dll
0x00007ff81abb0000 - 0x00007ff81abc8000 	C:\Program Files\Android\Android Studio1\jbr\bin\zip.dll
0x00007ff840b60000 - 0x00007ff8413bf000 	C:\WINDOWS\System32\SHELL32.dll
0x00007ff83c830000 - 0x00007ff83d12c000 	C:\WINDOWS\SYSTEM32\windows.storage.dll
0x00007ff83c6f0000 - 0x00007ff83c82f000 	C:\WINDOWS\SYSTEM32\wintypes.dll
0x00007ff8413c0000 - 0x00007ff8414b4000 	C:\WINDOWS\System32\SHCORE.dll
0x00007ff840b00000 - 0x00007ff840b5e000 	C:\WINDOWS\System32\shlwapi.dll
0x00007ff83e810000 - 0x00007ff83e831000 	C:\WINDOWS\SYSTEM32\profapi.dll
0x00007ff815dc0000 - 0x00007ff815dd9000 	C:\Program Files\Android\Android Studio1\jbr\bin\net.dll
0x00007ff838120000 - 0x00007ff838256000 	C:\WINDOWS\SYSTEM32\WINHTTP.dll
0x00007ff83ddf0000 - 0x00007ff83de59000 	C:\WINDOWS\system32\mswsock.dll
0x00007ff811b00000 - 0x00007ff811b16000 	C:\Program Files\Android\Android Studio1\jbr\bin\nio.dll
0x00007ff8317e0000 - 0x00007ff8317f0000 	C:\Program Files\Android\Android Studio1\jbr\bin\verify.dll

dbghelp: loaded successfully - version: 4.0.5 - missing functions: none
symbol engine: initialized successfully - sym options: 0x614 - pdb path: .;C:\Program Files\Android\Android Studio1\jbr\bin;C:\WINDOWS\SYSTEM32;C:\WINDOWS\WinSxS\amd64_microsoft.windows.common-controls_6595b64144ccf1df_6.0.22621.3672_none_2713b9d173822955;C:\Program Files\Android\Android Studio1\jbr\bin\server

VM Arguments:
jvm_args: -Dorg.gradle.appname=gradlew 
java_command: org.gradle.wrapper.GradleWrapperMain -q -Ptarget-platform=android-arm64 -Ptarget=C:\Users\62887\Documents\@Yusuf\PROJECT_FLUTTER\palugada\lib\main.dart -Pbase-application-name=android.app.Application -Pdart-defines=RkxVVFRFUl9XRUJfQ0FOVkFTS0lUX1VSTD1odHRwczovL3d3dy5nc3RhdGljLmNvbS9mbHV0dGVyLWNhbnZhc2tpdC9lZGQ4NTQ2MTE2NDU3YmRmMWM1YmRmYjEzZWNiOTQ2M2QyYmI1ZWQ0Lw== -Pdart-obfuscation=false -Ptrack-widget-creation=true -Ptree-shake-icons=false -Pfilesystem-scheme=org-dartlang-root assembleDebug
java_class_path (initial): C:\Users\62887\Documents\@Yusuf\PROJECT_FLUTTER\palugada\android\\gradle\wrapper\gradle-wrapper.jar
Launcher Type: SUN_STANDARD

[Global flags]
     intx CICompilerCount                          = 3                                         {product} {ergonomic}
     uint ConcGCThreads                            = 1                                         {product} {ergonomic}
     uint G1ConcRefinementThreads                  = 4                                         {product} {ergonomic}
   size_t G1HeapRegionSize                         = 1048576                                   {product} {ergonomic}
    uintx GCDrainStackTargetSize                   = 64                                        {product} {ergonomic}
   size_t InitialHeapSize                          = 62914560                                  {product} {ergonomic}
   size_t MarkStackSize                            = 4194304                                   {product} {ergonomic}
   size_t MaxHeapSize                              = 1006632960                                {product} {ergonomic}
   size_t MaxNewSize                               = 603979776                                 {product} {ergonomic}
   size_t MinHeapDeltaBytes                        = 1048576                                   {product} {ergonomic}
   size_t MinHeapSize                              = 8388608                                   {product} {ergonomic}
    uintx NonNMethodCodeHeapSize                   = 5832780                                {pd product} {ergonomic}
    uintx NonProfiledCodeHeapSize                  = 122912730                              {pd product} {ergonomic}
    uintx ProfiledCodeHeapSize                     = 122912730                              {pd product} {ergonomic}
    uintx ReservedCodeCacheSize                    = 251658240                              {pd product} {ergonomic}
     bool SegmentedCodeCache                       = true                                      {product} {ergonomic}
   size_t SoftMaxHeapSize                          = 1006632960                             {manageable} {ergonomic}
     bool UseCompressedClassPointers               = true                           {product lp64_product} {ergonomic}
     bool UseCompressedOops                        = true                           {product lp64_product} {ergonomic}
     bool UseG1GC                                  = true                                      {product} {ergonomic}
     bool UseLargePagesIndividualAllocation        = false                                  {pd product} {ergonomic}

Logging:
Log output configuration:
 #0: stdout all=warning uptime,level,tags
 #1: stderr all=off uptime,level,tags

Environment Variables:
JAVA_HOME=C:\Program Files\Android\Android Studio1\jbr
CLASSPATH=C:\Users\62887\Documents\@Yusuf\PROJECT_FLUTTER\palugada\android\\gradle\wrapper\gradle-wrapper.jar
PATH=C:\Program Files\Android\Android Studio1\jbr\bin;C:\Program Files\Common Files\Oracle\Java\javapath;C:\WINDOWS\system32;C:\WINDOWS;C:\WINDOWS\System32\Wbem;C:\WINDOWS\System32\WindowsPowerShell\v1.0\;C:\WINDOWS\System32\OpenSSH\;C:\Users\62887\AppData\Local\Programs\Python\Python310;C:\Users\62887\AppData\Local\Programs\Python\Python310\Scripts;C:\Program Files\Git\cmd;C:\xampp\mysql\bin;C:\Program Files\nodejs;C:\Program Files\nodejs\;C:\xampp\php;C:\ProgramData\ComposerSetup\bin;C:\flutter\bin;C:\Users\62887\AppData\Local\Android\Sdk\platform-tools;C:\Users\62887\AppData\Local\Android\Sdk;C:\Program Files\Java\jdk-22;C:\Program Files\Java\jdk-22\bin;C:\flutter\bin\cache\dart-sdk\bin;C:\flutter\bin\.pub-cache\bin;C:\flutter\bin\cache\dart-sdk\bin;C:\Program Files (x86)\Windows Kits\10\Windows Performance Toolkit\;C:\Users\62887\AppData\Roaming\Pub\Cache\bin;C:\Users\62887\AppData\Local\Pub\Cache\bin;C:\Users\62887\AppData\Local\Microsoft\WindowsApps;C:\Users\62887\AppData\Local\Programs\Microsoft VS Code\bin;C:\Users\62887\AppData\Local\Programs\Python\Python310;C:\Users\62887\AppData\Local\Programs\Python\Python310\Scripts;C:\xampp\mysql\bin;C:\Program Files\nodejs;C:\Users\62887\AppData\Roaming\npm;C:\Users\62887\AppData\Roaming\Composer\vendor\bin;C:\flutter\bin;C:\Users\62887\AppData\Local\Android\Sdk\platform-tools;C:\Users\62887\AppData\Local\Android\Sdk;C:\flutter\bin\cache\dart-sdk\bin;C:\Users\62887\AppData\Roaming\Pub\Cache\bin;C:\dart-sdk\bin;C:\flutter\bin\cache\dart-sdk\bin;;C:\flutter\bin\mingit\cmd;C:\flutter\bin\mingit\cmd
USERNAME=62887
OS=Windows_NT
PROCESSOR_IDENTIFIER=Intel64 Family 6 Model 126 Stepping 5, GenuineIntel
TMP=C:\Users\62887\AppData\Local\Temp
TEMP=C:\Users\62887\AppData\Local\Temp



Periodic native trim disabled

JNI global refs:
JNI global refs: 7, weak refs: 0

JNI global refs memory usage: 843, weak refs: 209

OOME stack traces (most recent first):
Classloader memory used:
Loader bootstrap                                                                       : 966K
Loader jdk.internal.loader.ClassLoaders$AppClassLoader                                 : 18431B
Loader java.net.URLClassLoader                                                         : 9914B


---------------  S Y S T E M  ---------------

OS:
 Windows 11 , 64 bit Build 22621 (10.0.22621.3672)
OS uptime: 5 days 22:42 hours

CPU: total 4 (initial active 4) (2 cores per cpu, 2 threads per core) family 6 model 126 stepping 5 microcode 0xa8, cx8, cmov, fxsr, ht, mmx, 3dnowpref, sse, sse2, sse3, ssse3, sse4.1, sse4.2, popcnt, lzcnt, tsc, tscinvbit, avx, avx2, aes, erms, clmul, bmi1, bmi2, adx, avx512f, avx512dq, avx512cd, avx512bw, avx512vl, sha, fma, vzeroupper, avx512_vpopcntdq, avx512_vpclmulqdq, avx512_vaes, avx512_vnni, clflush, clflushopt, avx512_vbmi2, avx512_vbmi
Processor Information for all 4 processors :
  Max Mhz: 1190, Current Mhz: 1190, Mhz Limit: 1190

Memory: 4k page, system-wide physical 3834M (215M free)
TotalPageFile size 15610M (AvailPageFile size 3M)
current process WorkingSet (physical memory assigned to process): 39M, peak: 39M
current process commit charge ("private bytes"): 129M, peak: 130M

vm_info: OpenJDK 64-Bit Server VM (17.0.10+0--11572160) for windows-amd64 JRE (17.0.10+0--11572160), built on Mar 13 2024 23:56:38 by "androidbuild" with MS VC++ 16.10 / 16.11 (VS2019)

END.
