#
# There is insufficient memory for the Java Runtime Environment to continue.
# Native memory allocation (malloc) failed to allocate 32744 bytes for ChunkPool::allocate
# Possible reasons:
#   The system is out of physical RAM or swap space
#   The process is running with CompressedOops enabled, and the Java Heap may be blocking the growth of the native heap
# Possible solutions:
#   Reduce memory load on the system
#   Increase physical memory or swap space
#   Check if swap backing store is full
#   Decrease Java heap size (-Xmx/-Xms)
#   Decrease number of Java threads
#   Decrease Java thread stack sizes (-Xss)
#   Set larger code cache with -XX:ReservedCodeCacheSize=
#   JVM is running with Zero Based Compressed Oops mode in which the Java heap is
#     placed in the first 32GB address space. The Java Heap base address is the
#     maximum limit for the native heap growth. Please use -XX:HeapBaseMinAddress
#     to set the Java Heap base and to place the Java Heap above 32GB virtual address.
# This output file may be truncated or incomplete.
#
#  Out of Memory Error (arena.cpp:79), pid=22328, tid=23148
#
# JRE version: OpenJDK Runtime Environment (17.0.10) (build 17.0.10+0--11572160)
# Java VM: OpenJDK 64-Bit Server VM (17.0.10+0--11572160, mixed mode, tiered, compressed oops, compressed class ptrs, g1 gc, windows-amd64)
# No core dump will be written. Minidumps are not enabled by default on client versions of Windows
#

---------------  S U M M A R Y ------------

Command Line: -XX:+HeapDumpOnOutOfMemoryError --add-opens=java.base/java.util=ALL-UNNAMED --add-opens=java.base/java.lang=ALL-UNNAMED --add-opens=java.base/java.lang.invoke=ALL-UNNAMED --add-opens=java.prefs/java.util.prefs=ALL-UNNAMED --add-opens=java.base/java.nio.charset=ALL-UNNAMED --add-opens=java.base/java.net=ALL-UNNAMED --add-opens=java.base/java.util.concurrent.atomic=ALL-UNNAMED -Xmx4G -Dfile.encoding=windows-1252 -Duser.country=ID -Duser.language=en -Duser.variant org.gradle.launcher.daemon.bootstrap.GradleDaemon 7.6.3

Host: Intel(R) Core(TM) i3-1005G1 CPU @ 1.20GHz, 4 cores, 3G,  Windows 11 , 64 bit Build 22621 (10.0.22621.3672)
Time: Thu Jul 18 00:28:52 2024 SE Asia Standard Time elapsed time: 59.687744 seconds (0d 0h 0m 59s)

---------------  T H R E A D  ---------------

Current thread (0x000001a3ec0d2c30):  JavaThread "C1 CompilerThread0" daemon [_thread_in_native, id=23148, stack(0x0000003bd1b00000,0x0000003bd1c00000)]


Current CompileTask:
C1:  59687 14915       2      
[error occurred during error reporting (printing current compile task), id 0xe0000001, Out of Memory Error (s\src\hotspot\share\memory\arena.cpp:79)]

Stack: [0x0000003bd1b00000,0x0000003bd1c00000]
Native frames: (J=compiled Java code, j=interpreted, Vv=VM code, C=native code)
V  [jvm.dll+0x688e89]
V  [jvm.dll+0x84247a]
V  [jvm.dll+0x8440be]
V  [jvm.dll+0x844723]
V  [jvm.dll+0x24be0f]
V  [jvm.dll+0xac721]
V  [jvm.dll+0xacb6c]
V  [jvm.dll+0x7adcdc]
V  [jvm.dll+0x7addc9]
V  [jvm.dll+0x63c829]
V  [jvm.dll+0x2319b6]
V  [jvm.dll+0x231f37]
V  [jvm.dll+0x842308]
V  [jvm.dll+0x8440be]
V  [jvm.dll+0x844723]
V  [jvm.dll+0x24be0f]
V  [jvm.dll+0xac721]
V  [jvm.dll+0xacb6c]
V  [jvm.dll+0x11f162]
V  [jvm.dll+0x144953]
V  [jvm.dll+0x13a9cd]
V  [jvm.dll+0x146478]
V  [jvm.dll+0x1496f9]
V  [jvm.dll+0x149115]
V  [jvm.dll+0x140948]
V  [jvm.dll+0x142f05]
V  [jvm.dll+0x1410ec]
V  [jvm.dll+0x149bed]
V  [jvm.dll+0x149115]
V  [jvm.dll+0x140948]
V  [jvm.dll+0x142f05]
V  [jvm.dll+0x1411e4]
V  [jvm.dll+0x13b12f]
V  [jvm.dll+0x14ad76]
V  [jvm.dll+0x1368b0]
V  [jvm.dll+0x136c10]
V  [jvm.dll+0x136ed6]
V  [jvm.dll+0x13636a]
V  [jvm.dll+0x138021]
V  [jvm.dll+0x22cd78]
V  [jvm.dll+0x22aeb0]
V  [jvm.dll+0x7f6917]
V  [jvm.dll+0x7f0d1a]
V  [jvm.dll+0x687d05]
C  [ucrtbase.dll+0x29333]
C  [KERNEL32.DLL+0x1257d]
C  [ntdll.dll+0x5af28]


---------------  P R O C E S S  ---------------

Threads class SMR info:
_java_thread_list=0x000001a3f4a8d5c0, length=91, elements={
0x000001a3cdd7ef30, 0x000001a3ebf7a020, 0x000001a3ebf7abe0, 0x000001a3ebf66e90,
0x000001a3ec0cb3f0, 0x000001a3ec0cdcd0, 0x000001a3ec0d06a0, 0x000001a3ec0d1440,
0x000001a3ec0d2c30, 0x000001a3ec0efbd0, 0x000001a3ec242560, 0x000001a3ec243e90,
0x000001a3f1fa77f0, 0x000001a3f1a21040, 0x000001a3f1a21520, 0x000001a3f1f9dda0,
0x000001a3f208af60, 0x000001a3f208a600, 0x000001a3f20d98d0, 0x000001a3f1d1f440,
0x000001a3f21af340, 0x000001a3f21ae410, 0x000001a3f21af850, 0x000001a3f21acfd0,
0x000001a3f21ac0a0, 0x000001a3f21adf00, 0x000001a3f21ae920, 0x000001a3f21ac5b0,
0x000001a3f21acac0, 0x000001a3f21aee30, 0x000001a3f21ad9f0, 0x000001a3f140d9c0,
0x000001a3f1410240, 0x000001a3f140c070, 0x000001a3f1410750, 0x000001a3f140d4b0,
0x000001a3f140a210, 0x000001a3f140f820, 0x000001a3f14097f0, 0x000001a3f1410c60,
0x000001a3f140cfa0, 0x000001a3f140ded0, 0x000001a3f140b140, 0x000001a3f140ca90,
0x000001a3f140e8f0, 0x000001a3f140ee00, 0x000001a3f140a720, 0x000001a3f140ac30,
0x000001a3f140fd30, 0x000001a3f1411170, 0x000001a3f140bb60, 0x000001a3f140f310,
0x000001a3f140b650, 0x000001a3f447baa0, 0x000001a3f447e320, 0x000001a3f447cee0,
0x000001a3f447c9d0, 0x000001a3f447e830, 0x000001a3f447b080, 0x000001a3f447d900,
0x000001a3f447c4c0, 0x000001a3f447b590, 0x000001a3f447d3f0, 0x000001a3f447de10,
0x000001a3f4339fc0, 0x000001a3f4337740, 0x000001a3f4337c50, 0x000001a3f4339090,
0x000001a3f43395a0, 0x000001a3f4336810, 0x000001a3f4336d20, 0x000001a3f4339ab0,
0x000001a3f433a4d0, 0x000001a3f4338160, 0x000001a3f4338b80, 0x000001a3f4337230,
0x000001a3f4333060, 0x000001a3f433a9e0, 0x000001a3f43358e0, 0x000001a3f4334ec0,
0x000001a3f4333570, 0x000001a3f4333a80, 0x000001a3f4333f90, 0x000001a3f4338670,
0x000001a3f43344a0, 0x000001a3f43349b0, 0x000001a3f43353d0, 0x000001a3f2cb3860,
0x000001a3f21ad4e0, 0x000001a3f447bfb0, 0x000001a3f2bbeea0
}

Java Threads: ( => current thread )
  0x000001a3cdd7ef30 JavaThread "main" [_thread_blocked, id=23652, stack(0x0000003bd0d00000,0x0000003bd0e00000)]
  0x000001a3ebf7a020 JavaThread "Reference Handler" daemon [_thread_blocked, id=26616, stack(0x0000003bd1400000,0x0000003bd1500000)]
  0x000001a3ebf7abe0 JavaThread "Finalizer" daemon [_thread_blocked, id=17664, stack(0x0000003bd1500000,0x0000003bd1600000)]
  0x000001a3ebf66e90 JavaThread "Signal Dispatcher" daemon [_thread_blocked, id=2024, stack(0x0000003bd1600000,0x0000003bd1700000)]
  0x000001a3ec0cb3f0 JavaThread "Attach Listener" daemon [_thread_blocked, id=9476, stack(0x0000003bd1700000,0x0000003bd1800000)]
  0x000001a3ec0cdcd0 JavaThread "Service Thread" daemon [_thread_blocked, id=24264, stack(0x0000003bd1800000,0x0000003bd1900000)]
  0x000001a3ec0d06a0 JavaThread "Monitor Deflation Thread" daemon [_thread_blocked, id=3908, stack(0x0000003bd1900000,0x0000003bd1a00000)]
  0x000001a3ec0d1440 JavaThread "C2 CompilerThread0" daemon [_thread_in_native, id=10896, stack(0x0000003bd1a00000,0x0000003bd1b00000)]
=>0x000001a3ec0d2c30 JavaThread "C1 CompilerThread0" daemon [_thread_in_native, id=23148, stack(0x0000003bd1b00000,0x0000003bd1c00000)]
  0x000001a3ec0efbd0 JavaThread "Sweeper thread" daemon [_thread_blocked, id=764, stack(0x0000003bd1c00000,0x0000003bd1d00000)]
  0x000001a3ec242560 JavaThread "Common-Cleaner" daemon [_thread_blocked, id=22564, stack(0x0000003bd1d00000,0x0000003bd1e00000)]
  0x000001a3ec243e90 JavaThread "Notification Thread" daemon [_thread_blocked, id=22708, stack(0x0000003bd1e00000,0x0000003bd1f00000)]
  0x000001a3f1fa77f0 JavaThread "Daemon health stats" [_thread_blocked, id=2852, stack(0x0000003bd2300000,0x0000003bd2400000)]
  0x000001a3f1a21040 JavaThread "Incoming local TCP Connector on port 65380" [_thread_in_native, id=20888, stack(0x0000003bd2400000,0x0000003bd2500000)]
  0x000001a3f1a21520 JavaThread "Daemon periodic checks" [_thread_blocked, id=15820, stack(0x0000003bd2500000,0x0000003bd2600000)]
  0x000001a3f1f9dda0 JavaThread "Daemon" [_thread_blocked, id=14772, stack(0x0000003bd2600000,0x0000003bd2700000)]
  0x000001a3f208af60 JavaThread "Handler for socket connection from /127.0.0.1:65380 to /127.0.0.1:65381" [_thread_in_native, id=17724, stack(0x0000003bd2700000,0x0000003bd2800000)]
  0x000001a3f208a600 JavaThread "Cancel handler" [_thread_blocked, id=21952, stack(0x0000003bd2800000,0x0000003bd2900000)]
  0x000001a3f20d98d0 JavaThread "Daemon worker" [_thread_blocked, id=23788, stack(0x0000003bd2900000,0x0000003bd2a00000)]
  0x000001a3f1d1f440 JavaThread "Asynchronous log dispatcher for DefaultDaemonConnection: socket connection from /127.0.0.1:65380 to /127.0.0.1:65381" [_thread_blocked, id=16596, stack(0x0000003bd2a00000,0x0000003bd2b00000)]
  0x000001a3f21af340 JavaThread "Stdin handler" [_thread_blocked, id=6600, stack(0x0000003bd2b00000,0x0000003bd2c00000)]
  0x000001a3f21ae410 JavaThread "Daemon client event forwarder" [_thread_blocked, id=16692, stack(0x0000003bd2c00000,0x0000003bd2d00000)]
  0x000001a3f21af850 JavaThread "Cache worker for journal cache (C:\Users\62887\.gradle\caches\journal-1)" [_thread_blocked, id=15828, stack(0x0000003bd2d00000,0x0000003bd2e00000)]
  0x000001a3f21acfd0 JavaThread "File lock request listener" [_thread_in_native, id=23660, stack(0x0000003bd2e00000,0x0000003bd2f00000)]
  0x000001a3f21ac0a0 JavaThread "Cache worker for file hash cache (C:\Users\62887\.gradle\caches\7.6.3\fileHashes)" [_thread_blocked, id=10564, stack(0x0000003bd2f00000,0x0000003bd3000000)]
  0x000001a3f21adf00 JavaThread "File watcher server" daemon [_thread_in_native, id=19932, stack(0x0000003bd3000000,0x0000003bd3100000)]
  0x000001a3f21ae920 JavaThread "File watcher consumer" daemon [_thread_blocked, id=17488, stack(0x0000003bd3100000,0x0000003bd3200000)]
  0x000001a3f21ac5b0 JavaThread "Cache worker for checksums cache (C:\Users\62887\Documents\@Yusuf\PROJECT_FLUTTER\palugada\android\.gradle\7.6.3\checksums)" [_thread_blocked, id=21800, stack(0x0000003bd3200000,0x0000003bd3300000)]
  0x000001a3f21acac0 JavaThread "Cache worker for cache directory md-rule (C:\Users\62887\.gradle\caches\7.6.3\md-rule)" [_thread_blocked, id=5848, stack(0x0000003bd3300000,0x0000003bd3400000)]
  0x000001a3f21aee30 JavaThread "Cache worker for file content cache (C:\Users\62887\.gradle\caches\7.6.3\fileContent)" [_thread_blocked, id=8248, stack(0x0000003bd3400000,0x0000003bd3500000)]
  0x000001a3f21ad9f0 JavaThread "Cache worker for file hash cache (C:\Users\62887\Documents\@Yusuf\PROJECT_FLUTTER\palugada\android\.gradle\7.6.3\fileHashes)" [_thread_blocked, id=14576, stack(0x0000003bd3500000,0x0000003bd3600000)]
  0x000001a3f140d9c0 JavaThread "Cache worker for cache directory md-supplier (C:\Users\62887\.gradle\caches\7.6.3\md-supplier)" [_thread_blocked, id=9636, stack(0x0000003bd3600000,0x0000003bd3700000)]
  0x000001a3f1410240 JavaThread "Cache worker for execution history cache (C:\Users\62887\.gradle\caches\7.6.3\executionHistory)" [_thread_blocked, id=18016, stack(0x0000003bd3700000,0x0000003bd3800000)]
  0x000001a3f140c070 JavaThread "jar transforms" [_thread_blocked, id=26140, stack(0x0000003bd3800000,0x0000003bd3900000)]
  0x000001a3f1410750 JavaThread "Cache worker for kotlin-dsl (C:\Users\62887\.gradle\caches\7.6.3\kotlin-dsl)" [_thread_blocked, id=20108, stack(0x0000003bd3900000,0x0000003bd3a00000)]
  0x000001a3f140d4b0 JavaThread "jar transforms Thread 2" [_thread_blocked, id=25680, stack(0x0000003bd3a00000,0x0000003bd3b00000)]
  0x000001a3f140a210 JavaThread "Cache worker for dependencies-accessors (C:\Users\62887\Documents\@Yusuf\PROJECT_FLUTTER\palugada\android\.gradle\7.6.3\dependencies-accessors)" [_thread_blocked, id=9192, stack(0x0000003bd3b00000,0x0000003bd3c00000)]
  0x000001a3f140f820 JavaThread "Cache worker for Build Output Cleanup Cache (C:\flutter\packages\flutter_tools\gradle\.gradle\buildOutputCleanup)" [_thread_blocked, id=21044, stack(0x0000003bd3c00000,0x0000003bd3d00000)]
  0x000001a3f14097f0 JavaThread "jar transforms Thread 3" [_thread_blocked, id=24248, stack(0x0000003bd3d00000,0x0000003bd3e00000)]
  0x000001a3f1410c60 JavaThread "Memory manager" [_thread_blocked, id=17692, stack(0x0000003bd3e00000,0x0000003bd3f00000)]
  0x000001a3f140cfa0 JavaThread "jar transforms Thread 4" [_thread_blocked, id=26396, stack(0x0000003bd3f00000,0x0000003bd4000000)]
  0x000001a3f140ded0 JavaThread "included builds" [_thread_blocked, id=18424, stack(0x0000003bd4000000,0x0000003bd4100000)]
  0x000001a3f140b140 JavaThread "Execution worker" [_thread_blocked, id=12808, stack(0x0000003bd4100000,0x0000003bd4200000)]
  0x000001a3f140ca90 JavaThread "Execution worker Thread 2" [_thread_blocked, id=23488, stack(0x0000003bd4200000,0x0000003bd4300000)]
  0x000001a3f140e8f0 JavaThread "Execution worker Thread 3" [_thread_blocked, id=15924, stack(0x0000003bd4300000,0x0000003bd4400000)]
  0x000001a3f140ee00 JavaThread "Cache worker for execution history cache (C:\flutter\packages\flutter_tools\gradle\.gradle\7.6.3\executionHistory)" [_thread_blocked, id=26560, stack(0x0000003bd4400000,0x0000003bd4500000)]
  0x000001a3f140a720 JavaThread "Unconstrained build operations" [_thread_blocked, id=18144, stack(0x0000003bd4500000,0x0000003bd4600000)]
  0x000001a3f140ac30 JavaThread "Unconstrained build operations Thread 2" [_thread_blocked, id=23472, stack(0x0000003bd4600000,0x0000003bd4700000)]
  0x000001a3f140fd30 JavaThread "Unconstrained build operations Thread 3" [_thread_blocked, id=15776, stack(0x0000003bd4700000,0x0000003bd4800000)]
  0x000001a3f1411170 JavaThread "Unconstrained build operations Thread 4" [_thread_blocked, id=1144, stack(0x0000003bd4800000,0x0000003bd4900000)]
  0x000001a3f140bb60 JavaThread "Unconstrained build operations Thread 5" [_thread_blocked, id=25824, stack(0x0000003bd4900000,0x0000003bd4a00000)]
  0x000001a3f140f310 JavaThread "Unconstrained build operations Thread 6" [_thread_blocked, id=13320, stack(0x0000003bd4a00000,0x0000003bd4b00000)]
  0x000001a3f140b650 JavaThread "Unconstrained build operations Thread 7" [_thread_blocked, id=26540, stack(0x0000003bd4b00000,0x0000003bd4c00000)]
  0x000001a3f447baa0 JavaThread "Unconstrained build operations Thread 8" [_thread_blocked, id=12116, stack(0x0000003bd4c00000,0x0000003bd4d00000)]
  0x000001a3f447e320 JavaThread "Unconstrained build operations Thread 9" [_thread_blocked, id=5808, stack(0x0000003bd4d00000,0x0000003bd4e00000)]
  0x000001a3f447cee0 JavaThread "Unconstrained build operations Thread 10" [_thread_blocked, id=5196, stack(0x0000003bd4e00000,0x0000003bd4f00000)]
  0x000001a3f447c9d0 JavaThread "Unconstrained build operations Thread 11" [_thread_blocked, id=23632, stack(0x0000003bd4f00000,0x0000003bd5000000)]
  0x000001a3f447e830 JavaThread "Unconstrained build operations Thread 12" [_thread_blocked, id=18436, stack(0x0000003bd5000000,0x0000003bd5100000)]
  0x000001a3f447b080 JavaThread "Unconstrained build operations Thread 13" [_thread_blocked, id=15504, stack(0x0000003bd5100000,0x0000003bd5200000)]
  0x000001a3f447d900 JavaThread "Unconstrained build operations Thread 14" [_thread_blocked, id=12316, stack(0x0000003bd5200000,0x0000003bd5300000)]
  0x000001a3f447c4c0 JavaThread "Unconstrained build operations Thread 15" [_thread_blocked, id=20908, stack(0x0000003bd5300000,0x0000003bd5400000)]
  0x000001a3f447b590 JavaThread "Unconstrained build operations Thread 16" [_thread_blocked, id=21640, stack(0x0000003bd5400000,0x0000003bd5500000)]
  0x000001a3f447d3f0 JavaThread "Unconstrained build operations Thread 17" [_thread_blocked, id=20636, stack(0x0000003bd5500000,0x0000003bd5600000)]
  0x000001a3f447de10 JavaThread "Unconstrained build operations Thread 18" [_thread_blocked, id=7868, stack(0x0000003bd5600000,0x0000003bd5700000)]
  0x000001a3f4339fc0 JavaThread "Unconstrained build operations Thread 19" [_thread_blocked, id=6268, stack(0x0000003bd5700000,0x0000003bd5800000)]
  0x000001a3f4337740 JavaThread "Unconstrained build operations Thread 20" [_thread_blocked, id=1244, stack(0x0000003bd5800000,0x0000003bd5900000)]
  0x000001a3f4337c50 JavaThread "Unconstrained build operations Thread 21" [_thread_blocked, id=19460, stack(0x0000003bd5900000,0x0000003bd5a00000)]
  0x000001a3f4339090 JavaThread "Unconstrained build operations Thread 22" [_thread_blocked, id=19580, stack(0x0000003bd5a00000,0x0000003bd5b00000)]
  0x000001a3f43395a0 JavaThread "Unconstrained build operations Thread 23" [_thread_blocked, id=22340, stack(0x0000003bd5b00000,0x0000003bd5c00000)]
  0x000001a3f4336810 JavaThread "Unconstrained build operations Thread 24" [_thread_blocked, id=19600, stack(0x0000003bd5c00000,0x0000003bd5d00000)]
  0x000001a3f4336d20 JavaThread "Unconstrained build operations Thread 25" [_thread_blocked, id=20380, stack(0x0000003bd5d00000,0x0000003bd5e00000)]
  0x000001a3f4339ab0 JavaThread "Unconstrained build operations Thread 26" [_thread_blocked, id=26228, stack(0x0000003bd5e00000,0x0000003bd5f00000)]
  0x000001a3f433a4d0 JavaThread "Unconstrained build operations Thread 27" [_thread_blocked, id=19912, stack(0x0000003bd5f00000,0x0000003bd6000000)]
  0x000001a3f4338160 JavaThread "Unconstrained build operations Thread 28" [_thread_blocked, id=6316, stack(0x0000003bd6000000,0x0000003bd6100000)]
  0x000001a3f4338b80 JavaThread "Unconstrained build operations Thread 29" [_thread_blocked, id=24476, stack(0x0000003bd6100000,0x0000003bd6200000)]
  0x000001a3f4337230 JavaThread "Unconstrained build operations Thread 30" [_thread_blocked, id=14288, stack(0x0000003bd6200000,0x0000003bd6300000)]
  0x000001a3f4333060 JavaThread "Unconstrained build operations Thread 31" [_thread_blocked, id=10016, stack(0x0000003bd6300000,0x0000003bd6400000)]
  0x000001a3f433a9e0 JavaThread "Unconstrained build operations Thread 32" [_thread_blocked, id=4724, stack(0x0000003bd6400000,0x0000003bd6500000)]
  0x000001a3f43358e0 JavaThread "Unconstrained build operations Thread 33" [_thread_blocked, id=1984, stack(0x0000003bd6500000,0x0000003bd6600000)]
  0x000001a3f4334ec0 JavaThread "Unconstrained build operations Thread 34" [_thread_blocked, id=11068, stack(0x0000003bd6600000,0x0000003bd6700000)]
  0x000001a3f4333570 JavaThread "Unconstrained build operations Thread 35" [_thread_blocked, id=13356, stack(0x0000003bd6700000,0x0000003bd6800000)]
  0x000001a3f4333a80 JavaThread "Unconstrained build operations Thread 36" [_thread_blocked, id=22312, stack(0x0000003bd6800000,0x0000003bd6900000)]
  0x000001a3f4333f90 JavaThread "Unconstrained build operations Thread 37" [_thread_blocked, id=25224, stack(0x0000003bd6900000,0x0000003bd6a00000)]
  0x000001a3f4338670 JavaThread "Unconstrained build operations Thread 38" [_thread_blocked, id=23392, stack(0x0000003bd6a00000,0x0000003bd6b00000)]
  0x000001a3f43344a0 JavaThread "Unconstrained build operations Thread 39" [_thread_blocked, id=9740, stack(0x0000003bd6b00000,0x0000003bd6c00000)]
  0x000001a3f43349b0 JavaThread "Unconstrained build operations Thread 40" [_thread_blocked, id=8328, stack(0x0000003bd6c00000,0x0000003bd6d00000)]
  0x000001a3f43353d0 JavaThread "Cache worker for Build Output Cleanup Cache (C:\Users\62887\Documents\@Yusuf\PROJECT_FLUTTER\palugada\android\.gradle\buildOutputCleanup)" [_thread_blocked, id=10716, stack(0x0000003bd6d00000,0x0000003bd6e00000)]
  0x000001a3f2cb3860 JavaThread "Cache worker for execution history cache (C:\Users\62887\Documents\@Yusuf\PROJECT_FLUTTER\palugada\android\.gradle\7.6.3\executionHistory)" [_thread_blocked, id=7908, stack(0x0000003bd7000000,0x0000003bd7100000)]
  0x000001a3f21ad4e0 JavaThread "Exec process" [_thread_in_native, id=20804, stack(0x0000003bd6f00000,0x0000003bd7000000)]
  0x000001a3f447bfb0 JavaThread "Exec process Thread 2" [_thread_in_native, id=19404, stack(0x0000003bd7300000,0x0000003bd7400000)]
  0x000001a3f2bbeea0 JavaThread "Exec process Thread 3" [_thread_in_native, id=8004, stack(0x0000003bd7400000,0x0000003bd7500000)]

Other Threads:
  0x000001a3ebeff360 VMThread "VM Thread" [stack: 0x0000003bd1300000,0x0000003bd1400000] [id=17800]
  0x000001a3ec244980 WatcherThread [stack: 0x0000003bd1f00000,0x0000003bd2000000] [id=17780]
  0x000001a3cddead30 GCTaskThread "GC Thread#0" [stack: 0x0000003bd0e00000,0x0000003bd0f00000] [id=26032]
  0x000001a3ec5e8520 GCTaskThread "GC Thread#1" [stack: 0x0000003bd2000000,0x0000003bd2100000] [id=24832]
  0x000001a3ec5e87e0 GCTaskThread "GC Thread#2" [stack: 0x0000003bd2100000,0x0000003bd2200000] [id=6748]
  0x000001a3eccb27e0 GCTaskThread "GC Thread#3" [stack: 0x0000003bd2200000,0x0000003bd2300000] [id=1276]
  0x000001a3cddfbc80 ConcurrentGCThread "G1 Main Marker" [stack: 0x0000003bd0f00000,0x0000003bd1000000] [id=24944]
  0x000001a3cddfc6a0 ConcurrentGCThread "G1 Conc#0" [stack: 0x0000003bd1000000,0x0000003bd1100000] [id=2080]
  0x000001a3ebdb00a0 ConcurrentGCThread "G1 Refine#0" [stack: 0x0000003bd1100000,0x0000003bd1200000] [id=15444]
  0x000001a3fa1f0200 ConcurrentGCThread "G1 Refine#1" [stack: 0x0000003bd7100000,0x0000003bd7200000] [id=17984]
  0x000001a3fa1f13a0 ConcurrentGCThread "G1 Refine#2" [stack: 0x0000003bd7200000,0x0000003bd7300000] [id=24524]
  0x000001a3ebdb0ad0 ConcurrentGCThread "G1 Service" [stack: 0x0000003bd1200000,0x0000003bd1300000] [id=13600]

Threads with active compile tasks:
C2 CompilerThread0    59909 14914       4       org.gradle.internal.logging.text.AbstractLineChoppingStyledTextOutput$1::execute (9 bytes)
C1 CompilerThread0    59910 14915       2       org.gradle.internal.logging.text.AbstractLineChoppingStyledTextOutput$1::execute (140 bytes)

VM state: not at safepoint (normal execution)

VM Mutex/Monitor currently owned by a thread: None

Heap address: 0x0000000700000000, size: 4096 MB, Compressed Oops mode: Zero based, Oop shift amount: 3

CDS archive(s) not mapped
Compressed class space mapped at: 0x0000000800000000-0x0000000840000000, reserved size: 1073741824
Narrow klass base: 0x0000000800000000, Narrow klass shift: 0, Narrow klass range: 0x40000000

GC Precious Log:
 CPUs: 4 total, 4 available
 Memory: 3834M
 Large Page Support: Disabled
 NUMA Support: Disabled
 Compressed Oops: Enabled (Zero based)
 Heap Region Size: 2M
 Heap Min Capacity: 8M
 Heap Initial Capacity: 60M
 Heap Max Capacity: 4G
 Pre-touch: Disabled
 Parallel Workers: 4
 Concurrent Workers: 1
 Concurrent Refinement Workers: 4
 Periodic GC: Disabled

Heap:
 garbage-first heap   total 366592K, used 223889K [0x0000000700000000, 0x0000000800000000)
  region size 2048K, 31 young (63488K), 7 survivors (14336K)
 Metaspace       used 105107K, committed 106240K, reserved 1179648K
  class space    used 14474K, committed 14912K, reserved 1048576K

Heap Regions: E=young(eden), S=young(survivor), O=old, HS=humongous(starts), HC=humongous(continues), CS=collection set, F=free, OA=open archive, CA=closed archive, TAMS=top-at-mark-start (previous, next)
|   0|0x0000000700000000, 0x0000000700200000, 0x0000000700200000|100%| O|  |TAMS 0x0000000700200000, 0x0000000700000000| Untracked 
|   1|0x0000000700200000, 0x0000000700400000, 0x0000000700400000|100%|HS|  |TAMS 0x0000000700400000, 0x0000000700200000| Complete 
|   2|0x0000000700400000, 0x0000000700600000, 0x0000000700600000|100%|HC|  |TAMS 0x0000000700600000, 0x0000000700400000| Complete 
|   3|0x0000000700600000, 0x0000000700800000, 0x0000000700800000|100%| O|  |TAMS 0x0000000700800000, 0x0000000700600000| Untracked 
|   4|0x0000000700800000, 0x0000000700a00000, 0x0000000700a00000|100%| O|  |TAMS 0x0000000700a00000, 0x0000000700800000| Untracked 
|   5|0x0000000700a00000, 0x0000000700c00000, 0x0000000700c00000|100%| O|  |TAMS 0x0000000700c00000, 0x0000000700a00000| Untracked 
|   6|0x0000000700c00000, 0x0000000700e00000, 0x0000000700e00000|100%| O|  |TAMS 0x0000000700e00000, 0x0000000700c00000| Untracked 
|   7|0x0000000700e00000, 0x0000000701000000, 0x0000000701000000|100%| O|  |TAMS 0x0000000701000000, 0x0000000700e00000| Untracked 
|   8|0x0000000701000000, 0x0000000701200000, 0x0000000701200000|100%| O|  |TAMS 0x0000000701200000, 0x0000000701000000| Untracked 
|   9|0x0000000701200000, 0x0000000701400000, 0x0000000701400000|100%| O|  |TAMS 0x0000000701400000, 0x0000000701200000| Untracked 
|  10|0x0000000701400000, 0x0000000701600000, 0x0000000701600000|100%| O|  |TAMS 0x0000000701600000, 0x0000000701400000| Untracked 
|  11|0x0000000701600000, 0x0000000701800000, 0x0000000701800000|100%| O|  |TAMS 0x0000000701800000, 0x0000000701600000| Untracked 
|  12|0x0000000701800000, 0x0000000701a00000, 0x0000000701a00000|100%| O|  |TAMS 0x0000000701a00000, 0x0000000701800000| Untracked 
|  13|0x0000000701a00000, 0x0000000701c00000, 0x0000000701c00000|100%| O|  |TAMS 0x0000000701c00000, 0x0000000701a00000| Untracked 
|  14|0x0000000701c00000, 0x0000000701e00000, 0x0000000701e00000|100%| O|  |TAMS 0x0000000701e00000, 0x0000000701c00000| Untracked 
|  15|0x0000000701e00000, 0x0000000702000000, 0x0000000702000000|100%| O|  |TAMS 0x0000000702000000, 0x0000000701e00000| Untracked 
|  16|0x0000000702000000, 0x0000000702200000, 0x0000000702200000|100%| O|  |TAMS 0x0000000702200000, 0x0000000702000000| Untracked 
|  17|0x0000000702200000, 0x0000000702400000, 0x0000000702400000|100%| O|  |TAMS 0x0000000702400000, 0x0000000702200000| Untracked 
|  18|0x0000000702400000, 0x0000000702600000, 0x0000000702600000|100%| O|  |TAMS 0x0000000702600000, 0x0000000702400000| Untracked 
|  19|0x0000000702600000, 0x0000000702800000, 0x0000000702800000|100%| O|  |TAMS 0x0000000702800000, 0x0000000702600000| Untracked 
|  20|0x0000000702800000, 0x0000000702a00000, 0x0000000702a00000|100%| O|  |TAMS 0x0000000702a00000, 0x0000000702800000| Untracked 
|  21|0x0000000702a00000, 0x0000000702c00000, 0x0000000702c00000|100%| O|  |TAMS 0x0000000702c00000, 0x0000000702a00000| Untracked 
|  22|0x0000000702c00000, 0x0000000702e00000, 0x0000000702e00000|100%| O|  |TAMS 0x0000000702e00000, 0x0000000702c00000| Untracked 
|  23|0x0000000702e00000, 0x0000000703000000, 0x0000000703000000|100%|HS|  |TAMS 0x0000000703000000, 0x0000000702e00000| Complete 
|  24|0x0000000703000000, 0x0000000703200000, 0x0000000703200000|100%|HC|  |TAMS 0x0000000703200000, 0x0000000703000000| Complete 
|  25|0x0000000703200000, 0x0000000703400000, 0x0000000703400000|100%| O|  |TAMS 0x0000000703400000, 0x0000000703200000| Untracked 
|  26|0x0000000703400000, 0x0000000703600000, 0x0000000703600000|100%|HS|  |TAMS 0x0000000703600000, 0x0000000703400000| Complete 
|  27|0x0000000703600000, 0x0000000703800000, 0x0000000703800000|100%| O|  |TAMS 0x0000000703800000, 0x0000000703600000| Untracked 
|  28|0x0000000703800000, 0x0000000703a00000, 0x0000000703a00000|100%| O|  |TAMS 0x0000000703a00000, 0x0000000703800000| Untracked 
|  29|0x0000000703a00000, 0x0000000703c00000, 0x0000000703c00000|100%| O|  |TAMS 0x0000000703c00000, 0x0000000703a00000| Untracked 
|  30|0x0000000703c00000, 0x0000000703e00000, 0x0000000703e00000|100%| O|  |TAMS 0x0000000703e00000, 0x0000000703c00000| Untracked 
|  31|0x0000000703e00000, 0x0000000704000000, 0x0000000704000000|100%| O|  |TAMS 0x0000000704000000, 0x0000000703e00000| Untracked 
|  32|0x0000000704000000, 0x0000000704200000, 0x0000000704200000|100%| O|  |TAMS 0x0000000704200000, 0x0000000704000000| Untracked 
|  33|0x0000000704200000, 0x0000000704400000, 0x0000000704400000|100%| O|  |TAMS 0x0000000704400000, 0x0000000704200000| Untracked 
|  34|0x0000000704400000, 0x0000000704600000, 0x0000000704600000|100%| O|  |TAMS 0x0000000704600000, 0x0000000704400000| Untracked 
|  35|0x0000000704600000, 0x0000000704800000, 0x0000000704800000|100%| O|  |TAMS 0x0000000704800000, 0x0000000704600000| Untracked 
|  36|0x0000000704800000, 0x0000000704a00000, 0x0000000704a00000|100%| O|  |TAMS 0x0000000704a00000, 0x0000000704800000| Untracked 
|  37|0x0000000704a00000, 0x0000000704c00000, 0x0000000704c00000|100%| O|  |TAMS 0x0000000704c00000, 0x0000000704a00000| Untracked 
|  38|0x0000000704c00000, 0x0000000704e00000, 0x0000000704e00000|100%| O|  |TAMS 0x0000000704e00000, 0x0000000704c00000| Untracked 
|  39|0x0000000704e00000, 0x0000000705000000, 0x0000000705000000|100%| O|  |TAMS 0x0000000705000000, 0x0000000704e00000| Untracked 
|  40|0x0000000705000000, 0x0000000705200000, 0x0000000705200000|100%| O|  |TAMS 0x0000000705200000, 0x0000000705000000| Untracked 
|  41|0x0000000705200000, 0x0000000705400000, 0x0000000705400000|100%| O|  |TAMS 0x0000000705400000, 0x0000000705200000| Untracked 
|  42|0x0000000705400000, 0x0000000705600000, 0x0000000705600000|100%| O|  |TAMS 0x0000000705600000, 0x0000000705400000| Untracked 
|  43|0x0000000705600000, 0x0000000705800000, 0x0000000705800000|100%| O|  |TAMS 0x0000000705800000, 0x0000000705600000| Untracked 
|  44|0x0000000705800000, 0x0000000705a00000, 0x0000000705a00000|100%| O|  |TAMS 0x0000000705a00000, 0x0000000705800000| Untracked 
|  45|0x0000000705a00000, 0x0000000705c00000, 0x0000000705c00000|100%| O|  |TAMS 0x0000000705c00000, 0x0000000705a00000| Untracked 
|  46|0x0000000705c00000, 0x0000000705e00000, 0x0000000705e00000|100%| O|  |TAMS 0x0000000705e00000, 0x0000000705c00000| Untracked 
|  47|0x0000000705e00000, 0x0000000706000000, 0x0000000706000000|100%| O|  |TAMS 0x0000000706000000, 0x0000000705e00000| Untracked 
|  48|0x0000000706000000, 0x0000000706200000, 0x0000000706200000|100%| O|  |TAMS 0x0000000706200000, 0x0000000706000000| Untracked 
|  49|0x0000000706200000, 0x0000000706400000, 0x0000000706400000|100%| O|  |TAMS 0x0000000706400000, 0x0000000706200000| Untracked 
|  50|0x0000000706400000, 0x0000000706600000, 0x0000000706600000|100%| O|  |TAMS 0x0000000706600000, 0x0000000706400000| Untracked 
|  51|0x0000000706600000, 0x0000000706800000, 0x0000000706800000|100%| O|  |TAMS 0x0000000706600000, 0x0000000706600000| Untracked 
|  52|0x0000000706800000, 0x0000000706a00000, 0x0000000706a00000|100%|HS|  |TAMS 0x0000000706a00000, 0x0000000706800000| Complete 
|  53|0x0000000706a00000, 0x0000000706c00000, 0x0000000706c00000|100%|HS|  |TAMS 0x0000000706c00000, 0x0000000706a00000| Complete 
|  54|0x0000000706c00000, 0x0000000706e00000, 0x0000000706e00000|100%|HC|  |TAMS 0x0000000706e00000, 0x0000000706c00000| Complete 
|  55|0x0000000706e00000, 0x0000000707000000, 0x0000000707000000|100%| O|  |TAMS 0x0000000707000000, 0x0000000706e00000| Untracked 
|  56|0x0000000707000000, 0x0000000707200000, 0x0000000707200000|100%| O|  |TAMS 0x0000000707200000, 0x0000000707000000| Untracked 
|  57|0x0000000707200000, 0x0000000707400000, 0x0000000707400000|100%| O|  |TAMS 0x0000000707400000, 0x0000000707200000| Untracked 
|  58|0x0000000707400000, 0x0000000707600000, 0x0000000707600000|100%| O|  |TAMS 0x0000000707600000, 0x0000000707400000| Untracked 
|  59|0x0000000707600000, 0x0000000707800000, 0x0000000707800000|100%| O|  |TAMS 0x0000000707800000, 0x0000000707600000| Untracked 
|  60|0x0000000707800000, 0x0000000707a00000, 0x0000000707a00000|100%| O|  |TAMS 0x0000000707a00000, 0x0000000707800000| Untracked 
|  61|0x0000000707a00000, 0x0000000707c00000, 0x0000000707c00000|100%| O|  |TAMS 0x0000000707c00000, 0x0000000707a00000| Untracked 
|  62|0x0000000707c00000, 0x0000000707e00000, 0x0000000707e00000|100%| O|  |TAMS 0x0000000707e00000, 0x0000000707c00000| Untracked 
|  63|0x0000000707e00000, 0x0000000708000000, 0x0000000708000000|100%| O|  |TAMS 0x0000000708000000, 0x0000000707e00000| Untracked 
|  64|0x0000000708000000, 0x0000000708200000, 0x0000000708200000|100%| O|  |TAMS 0x0000000708066e00, 0x0000000708000000| Untracked 
|  65|0x0000000708200000, 0x0000000708400000, 0x0000000708400000|100%| O|  |TAMS 0x0000000708200000, 0x0000000708200000| Untracked 
|  66|0x0000000708400000, 0x0000000708600000, 0x0000000708600000|100%| O|  |TAMS 0x0000000708400000, 0x0000000708400000| Untracked 
|  67|0x0000000708600000, 0x0000000708800000, 0x0000000708800000|100%| O|  |TAMS 0x0000000708600000, 0x0000000708600000| Untracked 
|  68|0x0000000708800000, 0x0000000708a00000, 0x0000000708a00000|100%| O|  |TAMS 0x0000000708800000, 0x0000000708800000| Untracked 
|  69|0x0000000708a00000, 0x0000000708c00000, 0x0000000708c00000|100%| O|  |TAMS 0x0000000708a00000, 0x0000000708a00000| Untracked 
|  70|0x0000000708c00000, 0x0000000708e00000, 0x0000000708e00000|100%| O|  |TAMS 0x0000000708c00000, 0x0000000708c00000| Untracked 
|  71|0x0000000708e00000, 0x0000000709000000, 0x0000000709000000|100%| O|  |TAMS 0x0000000708e00000, 0x0000000708e00000| Untracked 
|  72|0x0000000709000000, 0x0000000709200000, 0x0000000709200000|100%| O|  |TAMS 0x0000000709000000, 0x0000000709000000| Untracked 
|  73|0x0000000709200000, 0x0000000709400000, 0x0000000709400000|100%| O|  |TAMS 0x0000000709200000, 0x0000000709200000| Untracked 
|  74|0x0000000709400000, 0x0000000709600000, 0x0000000709600000|100%| O|  |TAMS 0x0000000709400000, 0x0000000709400000| Untracked 
|  75|0x0000000709600000, 0x0000000709800000, 0x0000000709800000|100%| O|  |TAMS 0x0000000709600000, 0x0000000709600000| Untracked 
|  76|0x0000000709800000, 0x0000000709a00000, 0x0000000709a00000|100%| O|  |TAMS 0x0000000709800000, 0x0000000709800000| Untracked 
|  77|0x0000000709a00000, 0x0000000709c00000, 0x0000000709c00000|100%| O|  |TAMS 0x0000000709a00000, 0x0000000709a00000| Untracked 
|  78|0x0000000709c00000, 0x0000000709e00000, 0x0000000709e00000|100%| O|  |TAMS 0x0000000709c00000, 0x0000000709c00000| Untracked 
|  79|0x0000000709e00000, 0x0000000709ea4400, 0x000000070a000000| 32%| O|  |TAMS 0x0000000709e00000, 0x0000000709e00000| Untracked 
|  80|0x000000070a000000, 0x000000070a000000, 0x000000070a200000|  0%| F|  |TAMS 0x000000070a000000, 0x000000070a000000| Untracked 
|  81|0x000000070a200000, 0x000000070a200000, 0x000000070a400000|  0%| F|  |TAMS 0x000000070a200000, 0x000000070a200000| Untracked 
|  82|0x000000070a400000, 0x000000070a400000, 0x000000070a600000|  0%| F|  |TAMS 0x000000070a400000, 0x000000070a400000| Untracked 
|  83|0x000000070a600000, 0x000000070a600000, 0x000000070a800000|  0%| F|  |TAMS 0x000000070a600000, 0x000000070a600000| Untracked 
|  84|0x000000070a800000, 0x000000070a800000, 0x000000070aa00000|  0%| F|  |TAMS 0x000000070a800000, 0x000000070a800000| Untracked 
|  85|0x000000070aa00000, 0x000000070aa00000, 0x000000070ac00000|  0%| F|  |TAMS 0x000000070aa00000, 0x000000070aa00000| Untracked 
|  86|0x000000070ac00000, 0x000000070ac00000, 0x000000070ae00000|  0%| F|  |TAMS 0x000000070ac00000, 0x000000070ac00000| Untracked 
|  87|0x000000070ae00000, 0x000000070ae00000, 0x000000070b000000|  0%| F|  |TAMS 0x000000070ae00000, 0x000000070ae00000| Untracked 
|  88|0x000000070b000000, 0x000000070b000000, 0x000000070b200000|  0%| F|  |TAMS 0x000000070b000000, 0x000000070b000000| Untracked 
|  89|0x000000070b200000, 0x000000070b200000, 0x000000070b400000|  0%| F|  |TAMS 0x000000070b200000, 0x000000070b200000| Untracked 
|  90|0x000000070b400000, 0x000000070b400000, 0x000000070b600000|  0%| F|  |TAMS 0x000000070b400000, 0x000000070b400000| Untracked 
|  91|0x000000070b600000, 0x000000070b600000, 0x000000070b800000|  0%| F|  |TAMS 0x000000070b600000, 0x000000070b600000| Untracked 
|  92|0x000000070b800000, 0x000000070b800000, 0x000000070ba00000|  0%| F|  |TAMS 0x000000070b800000, 0x000000070b800000| Untracked 
|  93|0x000000070ba00000, 0x000000070ba00000, 0x000000070bc00000|  0%| F|  |TAMS 0x000000070ba00000, 0x000000070ba00000| Untracked 
|  94|0x000000070bc00000, 0x000000070bc00000, 0x000000070be00000|  0%| F|  |TAMS 0x000000070bc00000, 0x000000070bc00000| Untracked 
|  95|0x000000070be00000, 0x000000070be00000, 0x000000070c000000|  0%| F|  |TAMS 0x000000070be00000, 0x000000070be00000| Untracked 
|  96|0x000000070c000000, 0x000000070c000000, 0x000000070c200000|  0%| F|  |TAMS 0x000000070c000000, 0x000000070c000000| Untracked 
|  97|0x000000070c200000, 0x000000070c200000, 0x000000070c400000|  0%| F|  |TAMS 0x000000070c200000, 0x000000070c200000| Untracked 
|  98|0x000000070c400000, 0x000000070c400000, 0x000000070c600000|  0%| F|  |TAMS 0x000000070c400000, 0x000000070c400000| Untracked 
|  99|0x000000070c600000, 0x000000070c600000, 0x000000070c800000|  0%| F|  |TAMS 0x000000070c600000, 0x000000070c600000| Untracked 
| 100|0x000000070c800000, 0x000000070c800000, 0x000000070ca00000|  0%| F|  |TAMS 0x000000070c800000, 0x000000070c800000| Untracked 
| 101|0x000000070ca00000, 0x000000070ca00000, 0x000000070cc00000|  0%| F|  |TAMS 0x000000070ca00000, 0x000000070ca00000| Untracked 
| 102|0x000000070cc00000, 0x000000070cc00000, 0x000000070ce00000|  0%| F|  |TAMS 0x000000070cc00000, 0x000000070cc00000| Untracked 
| 103|0x000000070ce00000, 0x000000070ce00000, 0x000000070d000000|  0%| F|  |TAMS 0x000000070ce00000, 0x000000070ce00000| Untracked 
| 104|0x000000070d000000, 0x000000070d000000, 0x000000070d200000|  0%| F|  |TAMS 0x000000070d000000, 0x000000070d000000| Untracked 
| 105|0x000000070d200000, 0x000000070d200000, 0x000000070d400000|  0%| F|  |TAMS 0x000000070d200000, 0x000000070d200000| Untracked 
| 106|0x000000070d400000, 0x000000070d400000, 0x000000070d600000|  0%| F|  |TAMS 0x000000070d400000, 0x000000070d400000| Untracked 
| 107|0x000000070d600000, 0x000000070d600000, 0x000000070d800000|  0%| F|  |TAMS 0x000000070d600000, 0x000000070d600000| Untracked 
| 108|0x000000070d800000, 0x000000070d800000, 0x000000070da00000|  0%| F|  |TAMS 0x000000070d800000, 0x000000070d800000| Untracked 
| 109|0x000000070da00000, 0x000000070da00000, 0x000000070dc00000|  0%| F|  |TAMS 0x000000070da00000, 0x000000070da00000| Untracked 
| 110|0x000000070dc00000, 0x000000070dc00000, 0x000000070de00000|  0%| F|  |TAMS 0x000000070dc00000, 0x000000070dc00000| Untracked 
| 111|0x000000070de00000, 0x000000070de00000, 0x000000070e000000|  0%| F|  |TAMS 0x000000070de00000, 0x000000070de00000| Untracked 
| 112|0x000000070e000000, 0x000000070e000000, 0x000000070e200000|  0%| F|  |TAMS 0x000000070e000000, 0x000000070e000000| Untracked 
| 113|0x000000070e200000, 0x000000070e200000, 0x000000070e400000|  0%| F|  |TAMS 0x000000070e200000, 0x000000070e200000| Untracked 
| 114|0x000000070e400000, 0x000000070e400000, 0x000000070e600000|  0%| F|  |TAMS 0x000000070e400000, 0x000000070e400000| Untracked 
| 115|0x000000070e600000, 0x000000070e600000, 0x000000070e800000|  0%| F|  |TAMS 0x000000070e600000, 0x000000070e600000| Untracked 
| 116|0x000000070e800000, 0x000000070e800000, 0x000000070ea00000|  0%| F|  |TAMS 0x000000070e800000, 0x000000070e800000| Untracked 
| 117|0x000000070ea00000, 0x000000070ea00000, 0x000000070ec00000|  0%| F|  |TAMS 0x000000070ea00000, 0x000000070ea00000| Untracked 
| 118|0x000000070ec00000, 0x000000070ee00000, 0x000000070ee00000|100%| S|CS|TAMS 0x000000070ec00000, 0x000000070ec00000| Complete 
| 119|0x000000070ee00000, 0x000000070f000000, 0x000000070f000000|100%| S|CS|TAMS 0x000000070ee00000, 0x000000070ee00000| Complete 
| 120|0x000000070f000000, 0x000000070f200000, 0x000000070f200000|100%| S|CS|TAMS 0x000000070f000000, 0x000000070f000000| Complete 
| 121|0x000000070f200000, 0x000000070f400000, 0x000000070f400000|100%| S|CS|TAMS 0x000000070f200000, 0x000000070f200000| Complete 
| 122|0x000000070f400000, 0x000000070f400000, 0x000000070f600000|  0%| F|  |TAMS 0x000000070f400000, 0x000000070f400000| Untracked 
| 123|0x000000070f600000, 0x000000070f800000, 0x000000070f800000|100%| S|CS|TAMS 0x000000070f600000, 0x000000070f600000| Complete 
| 124|0x000000070f800000, 0x000000070fa00000, 0x000000070fa00000|100%| S|CS|TAMS 0x000000070f800000, 0x000000070f800000| Complete 
| 125|0x000000070fa00000, 0x000000070fc00000, 0x000000070fc00000|100%| S|CS|TAMS 0x000000070fa00000, 0x000000070fa00000| Complete 
| 126|0x000000070fc00000, 0x000000070fc00000, 0x000000070fe00000|  0%| F|  |TAMS 0x000000070fc00000, 0x000000070fc00000| Untracked 
| 127|0x000000070fe00000, 0x000000070fe00000, 0x0000000710000000|  0%| F|  |TAMS 0x000000070fe00000, 0x000000070fe00000| Untracked 
| 128|0x0000000710000000, 0x0000000710000000, 0x0000000710200000|  0%| F|  |TAMS 0x0000000710000000, 0x0000000710000000| Untracked 
| 129|0x0000000710200000, 0x0000000710200000, 0x0000000710400000|  0%| F|  |TAMS 0x0000000710200000, 0x0000000710200000| Untracked 
| 130|0x0000000710400000, 0x0000000710400000, 0x0000000710600000|  0%| F|  |TAMS 0x0000000710400000, 0x0000000710400000| Untracked 
| 131|0x0000000710600000, 0x0000000710600000, 0x0000000710800000|  0%| F|  |TAMS 0x0000000710600000, 0x0000000710600000| Untracked 
| 132|0x0000000710800000, 0x0000000710800000, 0x0000000710a00000|  0%| F|  |TAMS 0x0000000710800000, 0x0000000710800000| Untracked 
| 133|0x0000000710a00000, 0x0000000710a00000, 0x0000000710c00000|  0%| F|  |TAMS 0x0000000710a00000, 0x0000000710a00000| Untracked 
| 134|0x0000000710c00000, 0x0000000710c00000, 0x0000000710e00000|  0%| F|  |TAMS 0x0000000710c00000, 0x0000000710c00000| Untracked 
| 135|0x0000000710e00000, 0x0000000710e00000, 0x0000000711000000|  0%| F|  |TAMS 0x0000000710e00000, 0x0000000710e00000| Untracked 
| 136|0x0000000711000000, 0x0000000711000000, 0x0000000711200000|  0%| F|  |TAMS 0x0000000711000000, 0x0000000711000000| Untracked 
| 137|0x0000000711200000, 0x0000000711200000, 0x0000000711400000|  0%| F|  |TAMS 0x0000000711200000, 0x0000000711200000| Untracked 
| 138|0x0000000711400000, 0x0000000711400000, 0x0000000711600000|  0%| F|  |TAMS 0x0000000711400000, 0x0000000711400000| Untracked 
| 139|0x0000000711600000, 0x0000000711600000, 0x0000000711800000|  0%| F|  |TAMS 0x0000000711600000, 0x0000000711600000| Untracked 
| 140|0x0000000711800000, 0x0000000711800000, 0x0000000711a00000|  0%| F|  |TAMS 0x0000000711800000, 0x0000000711800000| Untracked 
| 141|0x0000000711a00000, 0x0000000711a00000, 0x0000000711c00000|  0%| F|  |TAMS 0x0000000711a00000, 0x0000000711a00000| Untracked 
| 142|0x0000000711c00000, 0x0000000711c00000, 0x0000000711e00000|  0%| F|  |TAMS 0x0000000711c00000, 0x0000000711c00000| Untracked 
| 143|0x0000000711e00000, 0x0000000711e00000, 0x0000000712000000|  0%| F|  |TAMS 0x0000000711e00000, 0x0000000711e00000| Untracked 
| 144|0x0000000712000000, 0x0000000712000000, 0x0000000712200000|  0%| F|  |TAMS 0x0000000712000000, 0x0000000712000000| Untracked 
| 145|0x0000000712200000, 0x0000000712200000, 0x0000000712400000|  0%| F|  |TAMS 0x0000000712200000, 0x0000000712200000| Untracked 
| 146|0x0000000712400000, 0x0000000712400000, 0x0000000712600000|  0%| F|  |TAMS 0x0000000712400000, 0x0000000712400000| Untracked 
| 147|0x0000000712600000, 0x0000000712600000, 0x0000000712800000|  0%| F|  |TAMS 0x0000000712600000, 0x0000000712600000| Untracked 
| 148|0x0000000712800000, 0x0000000712800000, 0x0000000712a00000|  0%| F|  |TAMS 0x0000000712800000, 0x0000000712800000| Untracked 
| 149|0x0000000712a00000, 0x0000000712a00000, 0x0000000712c00000|  0%| F|  |TAMS 0x0000000712a00000, 0x0000000712a00000| Untracked 
| 150|0x0000000712c00000, 0x0000000712c00000, 0x0000000712e00000|  0%| F|  |TAMS 0x0000000712c00000, 0x0000000712c00000| Untracked 
| 151|0x0000000712e00000, 0x0000000712e00000, 0x0000000713000000|  0%| F|  |TAMS 0x0000000712e00000, 0x0000000712e00000| Untracked 
| 152|0x0000000713000000, 0x0000000713000000, 0x0000000713200000|  0%| F|  |TAMS 0x0000000713000000, 0x0000000713000000| Untracked 
| 153|0x0000000713200000, 0x0000000713200000, 0x0000000713400000|  0%| F|  |TAMS 0x0000000713200000, 0x0000000713200000| Untracked 
| 154|0x0000000713400000, 0x0000000713400000, 0x0000000713600000|  0%| F|  |TAMS 0x0000000713400000, 0x0000000713400000| Untracked 
| 155|0x0000000713600000, 0x0000000713721380, 0x0000000713800000| 56%| E|  |TAMS 0x0000000713600000, 0x0000000713600000| Complete 
| 156|0x0000000713800000, 0x0000000713a00000, 0x0000000713a00000|100%| E|CS|TAMS 0x0000000713800000, 0x0000000713800000| Complete 
| 157|0x0000000713a00000, 0x0000000713c00000, 0x0000000713c00000|100%| E|CS|TAMS 0x0000000713a00000, 0x0000000713a00000| Complete 
| 158|0x0000000713c00000, 0x0000000713e00000, 0x0000000713e00000|100%| E|CS|TAMS 0x0000000713c00000, 0x0000000713c00000| Complete 
| 159|0x0000000713e00000, 0x0000000714000000, 0x0000000714000000|100%| E|CS|TAMS 0x0000000713e00000, 0x0000000713e00000| Complete 
| 160|0x0000000714000000, 0x0000000714200000, 0x0000000714200000|100%| E|CS|TAMS 0x0000000714000000, 0x0000000714000000| Complete 
| 161|0x0000000714200000, 0x0000000714400000, 0x0000000714400000|100%| E|CS|TAMS 0x0000000714200000, 0x0000000714200000| Complete 
| 162|0x0000000714400000, 0x0000000714600000, 0x0000000714600000|100%| E|CS|TAMS 0x0000000714400000, 0x0000000714400000| Complete 
| 163|0x0000000714600000, 0x0000000714800000, 0x0000000714800000|100%| E|CS|TAMS 0x0000000714600000, 0x0000000714600000| Complete 
| 164|0x0000000714800000, 0x0000000714a00000, 0x0000000714a00000|100%| E|CS|TAMS 0x0000000714800000, 0x0000000714800000| Complete 
| 165|0x0000000714a00000, 0x0000000714c00000, 0x0000000714c00000|100%| E|CS|TAMS 0x0000000714a00000, 0x0000000714a00000| Complete 
| 166|0x0000000714c00000, 0x0000000714e00000, 0x0000000714e00000|100%| E|CS|TAMS 0x0000000714c00000, 0x0000000714c00000| Complete 
| 167|0x0000000714e00000, 0x0000000715000000, 0x0000000715000000|100%| E|CS|TAMS 0x0000000714e00000, 0x0000000714e00000| Complete 
| 168|0x0000000715000000, 0x0000000715200000, 0x0000000715200000|100%| E|CS|TAMS 0x0000000715000000, 0x0000000715000000| Complete 
| 169|0x0000000715200000, 0x0000000715400000, 0x0000000715400000|100%| E|CS|TAMS 0x0000000715200000, 0x0000000715200000| Complete 
| 170|0x0000000715400000, 0x0000000715600000, 0x0000000715600000|100%| E|CS|TAMS 0x0000000715400000, 0x0000000715400000| Complete 
| 171|0x0000000715600000, 0x0000000715800000, 0x0000000715800000|100%| E|CS|TAMS 0x0000000715600000, 0x0000000715600000| Complete 
| 172|0x0000000715800000, 0x0000000715a00000, 0x0000000715a00000|100%| E|CS|TAMS 0x0000000715800000, 0x0000000715800000| Complete 
| 173|0x0000000715a00000, 0x0000000715c00000, 0x0000000715c00000|100%| E|CS|TAMS 0x0000000715a00000, 0x0000000715a00000| Complete 
| 174|0x0000000715c00000, 0x0000000715e00000, 0x0000000715e00000|100%| E|CS|TAMS 0x0000000715c00000, 0x0000000715c00000| Complete 
| 175|0x0000000715e00000, 0x0000000716000000, 0x0000000716000000|100%| E|CS|TAMS 0x0000000715e00000, 0x0000000715e00000| Complete 
| 176|0x0000000716000000, 0x0000000716200000, 0x0000000716200000|100%| E|CS|TAMS 0x0000000716000000, 0x0000000716000000| Complete 
| 177|0x0000000716200000, 0x0000000716400000, 0x0000000716400000|100%| E|CS|TAMS 0x0000000716200000, 0x0000000716200000| Complete 
| 178|0x0000000716400000, 0x0000000716600000, 0x0000000716600000|100%| E|CS|TAMS 0x0000000716400000, 0x0000000716400000| Complete 

Card table byte_map: [0x000001a3e0a50000,0x000001a3e1250000] _byte_map_base: 0x000001a3dd250000

Marking Bits (Prev, Next): (CMBitMap*) 0x000001a3cddeb390, (CMBitMap*) 0x000001a3cddeb350
 Prev Bits: [0x000001a3e5a50000, 0x000001a3e9a50000)
 Next Bits: [0x000001a3e1a50000, 0x000001a3e5a50000)

Polling page: 0x000001a3cd530000

Metaspace:

Usage:
  Non-class:     88.51 MB used.
      Class:     14.14 MB used.
       Both:    102.64 MB used.

Virtual space:
  Non-class space:      128.00 MB reserved,      89.19 MB ( 70%) committed,  2 nodes.
      Class space:        1.00 GB reserved,      14.56 MB (  1%) committed,  1 nodes.
             Both:        1.12 GB reserved,     103.75 MB (  9%) committed. 

Chunk freelists:
   Non-Class:  6.54 MB
       Class:  1.40 MB
        Both:  7.95 MB

MaxMetaspaceSize: unlimited
CompressedClassSpaceSize: 1.00 GB
Initial GC threshold: 21.00 MB
Current GC threshold: 157.94 MB
CDS: off
MetaspaceReclaimPolicy: balanced
 - commit_granule_bytes: 65536.
 - commit_granule_words: 8192.
 - virtual_space_node_default_size: 8388608.
 - enlarge_chunks_in_place: 1.
 - new_chunks_are_fully_committed: 0.
 - uncommit_free_chunks: 1.
 - use_allocation_guard: 0.
 - handle_deallocations: 1.


Internal statistics:

num_allocs_failed_limit: 6.
num_arena_births: 1370.
num_arena_deaths: 0.
num_vsnodes_births: 3.
num_vsnodes_deaths: 0.
num_space_committed: 1660.
num_space_uncommitted: 0.
num_chunks_returned_to_freelist: 6.
num_chunks_taken_from_freelist: 5556.
num_chunk_merges: 3.
num_chunk_splits: 3556.
num_chunks_enlarged: 2289.
num_inconsistent_stats: 0.

CodeHeap 'non-profiled nmethods': size=120000Kb used=8292Kb max_used=8292Kb free=111708Kb
 bounds [0x000001a3d8d20000, 0x000001a3d9540000, 0x000001a3e0250000]
CodeHeap 'profiled nmethods': size=120000Kb used=24359Kb max_used=26345Kb free=95640Kb
 bounds [0x000001a3d1250000, 0x000001a3d2c10000, 0x000001a3d8780000]
CodeHeap 'non-nmethods': size=5760Kb used=2419Kb max_used=2519Kb free=3340Kb
 bounds [0x000001a3d8780000, 0x000001a3d8a00000, 0x000001a3d8d20000]
 total_blobs=13381 nmethods=12437 adapters=856
 compilation: enabled
              stopped_count=0, restarted_count=0
 full_count=0

Compilation events (20 events):
Event: 54.445 Thread 0x000001a3ec0d2c30 14905       3       java.util.Formatter$FormatSpecifier::print (62 bytes)
Event: 54.447 Thread 0x000001a3ec0d2c30 nmethod 14905 0x000001a3d12c0b90 code [0x000001a3d12c0e00, 0x000001a3d12c1838]
Event: 54.452 Thread 0x000001a3ec0d2c30 14906       3       org.gradle.internal.serialize.InputStreamBackedDecoder::readBytes (11 bytes)
Event: 54.453 Thread 0x000001a3ec0d2c30 nmethod 14906 0x000001a3d1a3a010 code [0x000001a3d1a3a1c0, 0x000001a3d1a3a308]
Event: 54.454 Thread 0x000001a3ec0d2c30 14907       3       org.gradle.internal.serialize.InputStreamBackedDecoder::readByte (13 bytes)
Event: 54.455 Thread 0x000001a3ec0d2c30 nmethod 14907 0x000001a3d12e0f90 code [0x000001a3d12e1160, 0x000001a3d12e1518]
Event: 58.383 Thread 0x000001a3ec0d2c30 14908       3       java.util.HashMap$ValueSpliterator::forEachRemaining (186 bytes)
Event: 58.385 Thread 0x000001a3ec0d2c30 nmethod 14908 0x000001a3d130ed10 code [0x000001a3d130ef20, 0x000001a3d130f7a8]
Event: 58.499 Thread 0x000001a3ec0d2c30 14909       3       java.util.concurrent.locks.ReentrantReadWriteLock$Sync::tryAcquireShared (177 bytes)
Event: 58.501 Thread 0x000001a3ec0d2c30 nmethod 14909 0x000001a3d12c5c10 code [0x000001a3d12c5e60, 0x000001a3d12c69c8]
Event: 58.501 Thread 0x000001a3ec0d2c30 14910       3       java.util.concurrent.locks.ReentrantReadWriteLock$Sync::sharedCount (5 bytes)
Event: 58.501 Thread 0x000001a3ec0d2c30 nmethod 14910 0x000001a3d157a190 code [0x000001a3d157a320, 0x000001a3d157a418]
Event: 58.501 Thread 0x000001a3ec0d2c30 14911       3       java.util.concurrent.locks.ReentrantReadWriteLock$ReadLock::unlock (10 bytes)
Event: 58.501 Thread 0x000001a3ec0d2c30 nmethod 14911 0x000001a3d1b9ed90 code [0x000001a3d1b9ef60, 0x000001a3d1b9f238]
Event: 58.501 Thread 0x000001a3ec0d2c30 14912       3       java.util.concurrent.locks.ReentrantReadWriteLock$Sync::tryReleaseShared (146 bytes)
Event: 58.502 Thread 0x000001a3ec0d2c30 nmethod 14912 0x000001a3d141e210 code [0x000001a3d141e460, 0x000001a3d141efb8]
Event: 59.538 Thread 0x000001a3ec0d2c30 14913       1       org.gradle.internal.logging.events.RenderableOutputEvent::getBuildOperationId (5 bytes)
Event: 59.538 Thread 0x000001a3ec0d2c30 nmethod 14913 0x000001a3d9538d10 code [0x000001a3d9538ea0, 0x000001a3d9538f78]
Event: 59.673 Thread 0x000001a3ec0d2c30 14915       2       org.gradle.internal.logging.text.AbstractLineChoppingStyledTextOutput$1::execute (140 bytes)
Event: 59.673 Thread 0x000001a3ec0d1440 14914       4       org.gradle.internal.logging.text.AbstractLineChoppingStyledTextOutput$1::execute (9 bytes)

GC Heap History (20 events):
Event: 36.381 GC heap before
{Heap before GC invocations=64 (full 0):
 garbage-first heap   total 147456K, used 116917K [0x0000000700000000, 0x0000000800000000)
  region size 2048K, 16 young (32768K), 2 survivors (4096K)
 Metaspace       used 93367K, committed 94144K, reserved 1179648K
  class space    used 12871K, committed 13184K, reserved 1048576K
}
Event: 36.396 GC heap after
{Heap after GC invocations=65 (full 0):
 garbage-first heap   total 178176K, used 94208K [0x0000000700000000, 0x0000000800000000)
  region size 2048K, 2 young (4096K), 2 survivors (4096K)
 Metaspace       used 93367K, committed 94144K, reserved 1179648K
  class space    used 12871K, committed 13184K, reserved 1048576K
}
Event: 38.012 GC heap before
{Heap before GC invocations=66 (full 0):
 garbage-first heap   total 178176K, used 139264K [0x0000000700000000, 0x0000000800000000)
  region size 2048K, 25 young (51200K), 2 survivors (4096K)
 Metaspace       used 93969K, committed 94848K, reserved 1179648K
  class space    used 12953K, committed 13312K, reserved 1048576K
}
Event: 38.035 GC heap after
{Heap after GC invocations=67 (full 0):
 garbage-first heap   total 178176K, used 105589K [0x0000000700000000, 0x0000000800000000)
  region size 2048K, 4 young (8192K), 4 survivors (8192K)
 Metaspace       used 93969K, committed 94848K, reserved 1179648K
  class space    used 12953K, committed 13312K, reserved 1048576K
}
Event: 39.827 GC heap before
{Heap before GC invocations=67 (full 0):
 garbage-first heap   total 178176K, used 128117K [0x0000000700000000, 0x0000000800000000)
  region size 2048K, 17 young (34816K), 4 survivors (8192K)
 Metaspace       used 94334K, committed 95232K, reserved 1179648K
  class space    used 12975K, committed 13312K, reserved 1048576K
}
Event: 39.840 GC heap after
{Heap after GC invocations=68 (full 0):
 garbage-first heap   total 178176K, used 110307K [0x0000000700000000, 0x0000000800000000)
  region size 2048K, 2 young (4096K), 2 survivors (4096K)
 Metaspace       used 94334K, committed 95232K, reserved 1179648K
  class space    used 12975K, committed 13312K, reserved 1048576K
}
Event: 40.459 GC heap before
{Heap before GC invocations=69 (full 0):
 garbage-first heap   total 208896K, used 145123K [0x0000000700000000, 0x0000000800000000)
  region size 2048K, 17 young (34816K), 2 survivors (4096K)
 Metaspace       used 94698K, committed 95616K, reserved 1179648K
  class space    used 13026K, committed 13376K, reserved 1048576K
}
Event: 40.492 GC heap after
{Heap after GC invocations=70 (full 0):
 garbage-first heap   total 208896K, used 125751K [0x0000000700000000, 0x0000000800000000)
  region size 2048K, 3 young (6144K), 3 survivors (6144K)
 Metaspace       used 94698K, committed 95616K, reserved 1179648K
  class space    used 13026K, committed 13376K, reserved 1048576K
}
Event: 41.027 GC heap before
{Heap before GC invocations=70 (full 0):
 garbage-first heap   total 208896K, used 156471K [0x0000000700000000, 0x0000000800000000)
  region size 2048K, 19 young (38912K), 3 survivors (6144K)
 Metaspace       used 95018K, committed 96000K, reserved 1179648K
  class space    used 13074K, committed 13440K, reserved 1048576K
}
Event: 41.040 GC heap after
{Heap after GC invocations=71 (full 0):
 garbage-first heap   total 208896K, used 131588K [0x0000000700000000, 0x0000000800000000)
  region size 2048K, 3 young (6144K), 3 survivors (6144K)
 Metaspace       used 95018K, committed 96000K, reserved 1179648K
  class space    used 13074K, committed 13440K, reserved 1048576K
}
Event: 41.605 GC heap before
{Heap before GC invocations=72 (full 0):
 garbage-first heap   total 245760K, used 162308K [0x0000000700000000, 0x0000000800000000)
  region size 2048K, 18 young (36864K), 3 survivors (6144K)
 Metaspace       used 95357K, committed 96320K, reserved 1179648K
  class space    used 13119K, committed 13504K, reserved 1048576K
}
Event: 41.618 GC heap after
{Heap after GC invocations=73 (full 0):
 garbage-first heap   total 245760K, used 137627K [0x0000000700000000, 0x0000000800000000)
  region size 2048K, 3 young (6144K), 3 survivors (6144K)
 Metaspace       used 95357K, committed 96320K, reserved 1179648K
  class space    used 13119K, committed 13504K, reserved 1048576K
}
Event: 42.384 GC heap before
{Heap before GC invocations=73 (full 0):
 garbage-first heap   total 245760K, used 182683K [0x0000000700000000, 0x0000000800000000)
  region size 2048K, 26 young (53248K), 3 survivors (6144K)
 Metaspace       used 95697K, committed 96704K, reserved 1179648K
  class space    used 13155K, committed 13568K, reserved 1048576K
}
Event: 42.410 GC heap after
{Heap after GC invocations=74 (full 0):
 garbage-first heap   total 245760K, used 148447K [0x0000000700000000, 0x0000000800000000)
  region size 2048K, 4 young (8192K), 4 survivors (8192K)
 Metaspace       used 95697K, committed 96704K, reserved 1179648K
  class space    used 13155K, committed 13568K, reserved 1048576K
}
Event: 44.299 GC heap before
{Heap before GC invocations=75 (full 0):
 garbage-first heap   total 260096K, used 189407K [0x0000000700000000, 0x0000000800000000)
  region size 2048K, 24 young (49152K), 4 survivors (8192K)
 Metaspace       used 100974K, committed 102016K, reserved 1179648K
  class space    used 13925K, committed 14336K, reserved 1048576K
}
Event: 44.316 GC heap after
{Heap after GC invocations=76 (full 0):
 garbage-first heap   total 260096K, used 153064K [0x0000000700000000, 0x0000000800000000)
  region size 2048K, 2 young (4096K), 2 survivors (4096K)
 Metaspace       used 100974K, committed 102016K, reserved 1179648K
  class space    used 13925K, committed 14336K, reserved 1048576K
}
Event: 44.442 GC heap before
{Heap before GC invocations=76 (full 0):
 garbage-first heap   total 260096K, used 161256K [0x0000000700000000, 0x0000000800000000)
  region size 2048K, 6 young (12288K), 2 survivors (4096K)
 Metaspace       used 101279K, committed 102336K, reserved 1179648K
  class space    used 13967K, committed 14400K, reserved 1048576K
}
Event: 44.457 GC heap after
{Heap after GC invocations=77 (full 0):
 garbage-first heap   total 366592K, used 155409K [0x0000000700000000, 0x0000000800000000)
  region size 2048K, 1 young (2048K), 1 survivors (2048K)
 Metaspace       used 101279K, committed 102336K, reserved 1179648K
  class space    used 13967K, committed 14400K, reserved 1048576K
}
Event: 49.023 GC heap before
{Heap before GC invocations=77 (full 0):
 garbage-first heap   total 366592K, used 261905K [0x0000000700000000, 0x0000000800000000)
  region size 2048K, 54 young (110592K), 1 survivors (2048K)
 Metaspace       used 104596K, committed 105728K, reserved 1179648K
  class space    used 14390K, committed 14848K, reserved 1048576K
}
Event: 49.095 GC heap after
{Heap after GC invocations=78 (full 0):
 garbage-first heap   total 366592K, used 176785K [0x0000000700000000, 0x0000000800000000)
  region size 2048K, 7 young (14336K), 7 survivors (14336K)
 Metaspace       used 104596K, committed 105728K, reserved 1179648K
  class space    used 14390K, committed 14848K, reserved 1048576K
}

Dll operation events (2 events):
Event: 0.013 Loaded shared library C:\Program Files\Android\Android Studio1\jbr\bin\java.dll
Event: 0.747 Loaded shared library C:\Program Files\Android\Android Studio1\jbr\bin\verify.dll

Deoptimization events (20 events):
Event: 59.538 Thread 0x000001a3f447bfb0 Uncommon trap: trap_request=0xffffffde fr.pc=0x000001a3d929c16c relative=0x000000000000324c
Event: 59.538 Thread 0x000001a3f447bfb0 Uncommon trap: reason=class_check action=maybe_recompile pc=0x000001a3d929c16c method=org.gradle.internal.logging.sink.OutputEventTransformer.onOutput(Lorg/gradle/internal/logging/events/OutputEvent;)V @ 225 c2
Event: 59.538 Thread 0x000001a3f447bfb0 DEOPT PACKING pc=0x000001a3d929c16c sp=0x0000003bd73febb0
Event: 59.538 Thread 0x000001a3f447bfb0 DEOPT UNPACKING pc=0x000001a3d87da1a3 sp=0x0000003bd73feba8 mode 2
Event: 59.672 Thread 0x000001a3f447bfb0 Uncommon trap: trap_request=0xffffffc6 fr.pc=0x000001a3d8e082b8 relative=0x00000000000003b8
Event: 59.672 Thread 0x000001a3f447bfb0 Uncommon trap: reason=bimorphic_or_optimized_type_check action=maybe_recompile pc=0x000001a3d8e082b8 method=org.gradle.internal.logging.sink.OutputEventRenderer.onOutput(Lorg/gradle/internal/logging/events/OutputEvent;)V @ 1 c2
Event: 59.672 Thread 0x000001a3f447bfb0 DEOPT PACKING pc=0x000001a3d8e082b8 sp=0x0000003bd73fecf0
Event: 59.673 Thread 0x000001a3f447bfb0 DEOPT UNPACKING pc=0x000001a3d87da1a3 sp=0x0000003bd73fec48 mode 2
Event: 59.673 Thread 0x000001a3f447bfb0 Uncommon trap: trap_request=0xffffffde fr.pc=0x000001a3d929c16c relative=0x000000000000324c
Event: 59.673 Thread 0x000001a3f447bfb0 Uncommon trap: reason=class_check action=maybe_recompile pc=0x000001a3d929c16c method=org.gradle.internal.logging.sink.OutputEventTransformer.onOutput(Lorg/gradle/internal/logging/events/OutputEvent;)V @ 225 c2
Event: 59.673 Thread 0x000001a3f447bfb0 DEOPT PACKING pc=0x000001a3d929c16c sp=0x0000003bd73febb0
Event: 59.673 Thread 0x000001a3f447bfb0 DEOPT UNPACKING pc=0x000001a3d87da1a3 sp=0x0000003bd73feba8 mode 2
Event: 59.673 Thread 0x000001a3f447bfb0 Uncommon trap: trap_request=0xffffffc6 fr.pc=0x000001a3d8e082b8 relative=0x00000000000003b8
Event: 59.673 Thread 0x000001a3f447bfb0 Uncommon trap: reason=bimorphic_or_optimized_type_check action=maybe_recompile pc=0x000001a3d8e082b8 method=org.gradle.internal.logging.sink.OutputEventRenderer.onOutput(Lorg/gradle/internal/logging/events/OutputEvent;)V @ 1 c2
Event: 59.673 Thread 0x000001a3f447bfb0 DEOPT PACKING pc=0x000001a3d8e082b8 sp=0x0000003bd73fecf0
Event: 59.673 Thread 0x000001a3f447bfb0 DEOPT UNPACKING pc=0x000001a3d87da1a3 sp=0x0000003bd73fec48 mode 2
Event: 59.673 Thread 0x000001a3f447bfb0 Uncommon trap: trap_request=0xffffffde fr.pc=0x000001a3d929c16c relative=0x000000000000324c
Event: 59.673 Thread 0x000001a3f447bfb0 Uncommon trap: reason=class_check action=maybe_recompile pc=0x000001a3d929c16c method=org.gradle.internal.logging.sink.OutputEventTransformer.onOutput(Lorg/gradle/internal/logging/events/OutputEvent;)V @ 225 c2
Event: 59.673 Thread 0x000001a3f447bfb0 DEOPT PACKING pc=0x000001a3d929c16c sp=0x0000003bd73febb0
Event: 59.673 Thread 0x000001a3f447bfb0 DEOPT UNPACKING pc=0x000001a3d87da1a3 sp=0x0000003bd73feba8 mode 2

Classes unloaded (0 events):
No events

Classes redefined (0 events):
No events

Internal exceptions (20 events):
Event: 52.391 Thread 0x000001a3f140ded0 Exception <a 'java/lang/ClassNotFoundException'{0x000000071382df88}: org/gradle/process/internal/DefaultExecAction_DecoratedBeanInfo> (0x000000071382df88) 
thrown [s\src\hotspot\share\classfile\systemDictionary.cpp, line 256]
Event: 52.395 Thread 0x000001a3f140ded0 Exception <a 'java/lang/ClassNotFoundException'{0x000000071383fe20}: org/gradle/process/internal/DefaultExecActionBeanInfo> (0x000000071383fe20) 
thrown [s\src\hotspot\share\classfile\systemDictionary.cpp, line 256]
Event: 52.397 Thread 0x000001a3f140ded0 Exception <a 'java/lang/ClassNotFoundException'{0x0000000713855fb0}: org/gradle/process/internal/DefaultExecHandleBuilderBeanInfo> (0x0000000713855fb0) 
thrown [s\src\hotspot\share\classfile\systemDictionary.cpp, line 256]
Event: 52.399 Thread 0x000001a3f140ded0 Exception <a 'java/lang/ClassNotFoundException'{0x0000000713869270}: org/gradle/process/internal/AbstractExecHandleBuilderBeanInfo> (0x0000000713869270) 
thrown [s\src\hotspot\share\classfile\systemDictionary.cpp, line 256]
Event: 52.404 Thread 0x000001a3f140ded0 Exception <a 'java/lang/ClassNotFoundException'{0x000000071387d250}: org/gradle/process/internal/DefaultProcessForkOptionsBeanInfo> (0x000000071387d250) 
thrown [s\src\hotspot\share\classfile\systemDictionary.cpp, line 256]
Event: 52.407 Thread 0x000001a3f140ded0 Exception <a 'java/lang/ClassNotFoundException'{0x00000007138905f0}: org/gradle/process/internal/DefaultProcessForkOptionsCustomizer> (0x00000007138905f0) 
thrown [s\src\hotspot\share\classfile\systemDictionary.cpp, line 256]
Event: 52.411 Thread 0x000001a3f140ded0 Exception <a 'java/lang/ClassNotFoundException'{0x00000007138b1310}: org/gradle/process/internal/AbstractExecHandleBuilderCustomizer> (0x00000007138b1310) 
thrown [s\src\hotspot\share\classfile\systemDictionary.cpp, line 256]
Event: 52.413 Thread 0x000001a3f140ded0 Exception <a 'java/lang/ClassNotFoundException'{0x00000007138d6328}: org/gradle/process/internal/DefaultExecHandleBuilderCustomizer> (0x00000007138d6328) 
thrown [s\src\hotspot\share\classfile\systemDictionary.cpp, line 256]
Event: 52.421 Thread 0x000001a3f140ded0 Exception <a 'java/lang/ClassNotFoundException'{0x0000000713916b38}: org/gradle/process/internal/DefaultExecActionCustomizer> (0x0000000713916b38) 
thrown [s\src\hotspot\share\classfile\systemDictionary.cpp, line 256]
Event: 52.425 Thread 0x000001a3f140ded0 Exception <a 'java/lang/ClassNotFoundException'{0x0000000713932c98}: org/gradle/process/internal/DefaultExecAction_DecoratedCustomizer> (0x0000000713932c98) 
thrown [s\src\hotspot\share\classfile\systemDictionary.cpp, line 256]
Event: 52.443 Thread 0x000001a3f140ded0 Exception <a 'java/lang/ClassNotFoundException'{0x000000071396ca38}: org/gradle/api/logging/LogLevelBeanInfo> (0x000000071396ca38) 
thrown [s\src\hotspot\share\classfile\systemDictionary.cpp, line 256]
Event: 52.446 Thread 0x000001a3f140ded0 Exception <a 'java/lang/ClassNotFoundException'{0x000000071397e490}: org/gradle/api/logging/LogLevelCustomizer> (0x000000071397e490) 
thrown [s\src\hotspot\share\classfile\systemDictionary.cpp, line 256]
Event: 52.473 Thread 0x000001a3f140ded0 Exception <a 'java/lang/ClassNotFoundException'{0x00000007139c6970}: org/gradle/internal/logging/services/DefaultLoggingManagerBeanInfo> (0x00000007139c6970) 
thrown [s\src\hotspot\share\classfile\systemDictionary.cpp, line 256]
Event: 52.475 Thread 0x000001a3f140ded0 Exception <a 'java/lang/ClassNotFoundException'{0x00000007139d8f88}: org/gradle/internal/logging/services/DefaultLoggingManagerCustomizer> (0x00000007139d8f88) 
thrown [s\src\hotspot\share\classfile\systemDictionary.cpp, line 256]
Event: 52.514 Thread 0x000001a3f140ded0 Exception <a 'java/lang/ClassNotFoundException'{0x000000071360aa78}: java/lang/BooleanBeanInfo> (0x000000071360aa78) 
thrown [s\src\hotspot\share\classfile\systemDictionary.cpp, line 256]
Event: 52.520 Thread 0x000001a3f140ded0 Exception <a 'java/lang/ClassNotFoundException'{0x00000007136114b0}: java/lang/BooleanCustomizer> (0x00000007136114b0) 
thrown [s\src\hotspot\share\classfile\systemDictionary.cpp, line 256]
Event: 52.712 Thread 0x000001a3f21ad4e0 Exception <a 'java/lang/NoSuchMethodError'{0x0000000713687150}: 'void java.lang.invoke.DirectMethodHandle$Holder.invokeStatic(java.lang.Object, long)'> (0x0000000713687150) 
thrown [s\src\hotspot\share\interpreter\linkResolver.cpp, line 771]
Event: 52.715 Thread 0x000001a3f21ad4e0 Exception <a 'java/lang/NoSuchMethodError'{0x000000071368c500}: 'java.lang.Object java.lang.invoke.DirectMethodHandle$Holder.newInvokeSpecial(java.lang.Object, long)'> (0x000000071368c500) 
thrown [s\src\hotspot\share\interpreter\linkResolver.cpp, line 771]
Event: 52.727 Thread 0x000001a3f21ad4e0 Exception <a 'java/lang/NoSuchMethodError'{0x0000000713692ff0}: 'java.lang.Object java.lang.invoke.DirectMethodHandle$Holder.invokeStatic(java.lang.Object, java.lang.Object, long, java.lang.Object)'> (0x0000000713692ff0) 
thrown [s\src\hotspot\share\interpreter\linkResolver.cpp, line 771]
Event: 52.727 Thread 0x000001a3f21ad4e0 Exception <a 'java/lang/NoSuchMethodError'{0x0000000713696a30}: 'java.lang.Object java.lang.invoke.DirectMethodHandle$Holder.invokeStaticInit(java.lang.Object, java.lang.Object, long, java.lang.Object)'> (0x0000000713696a30) 
thrown [s\src\hotspot\share\interpreter\linkResolver.cpp, line 771]

VM Operations (20 events):
Event: 51.270 Executing VM operation: Cleanup
Event: 51.270 Executing VM operation: Cleanup done
Event: 52.107 Executing VM operation: HandshakeAllThreads
Event: 52.107 Executing VM operation: HandshakeAllThreads done
Event: 52.109 Executing VM operation: HandshakeAllThreads
Event: 52.109 Executing VM operation: HandshakeAllThreads done
Event: 52.119 Executing VM operation: HandshakeAllThreads
Event: 52.119 Executing VM operation: HandshakeAllThreads done
Event: 52.733 Executing VM operation: HandshakeAllThreads
Event: 52.733 Executing VM operation: HandshakeAllThreads done
Event: 52.733 Executing VM operation: Cleanup
Event: 52.734 Executing VM operation: Cleanup done
Event: 53.737 Executing VM operation: Cleanup
Event: 53.737 Executing VM operation: Cleanup done
Event: 54.748 Executing VM operation: Cleanup
Event: 54.748 Executing VM operation: Cleanup done
Event: 59.523 Executing VM operation: HandshakeAllThreads
Event: 59.524 Executing VM operation: HandshakeAllThreads done
Event: 59.524 Executing VM operation: Cleanup
Event: 59.524 Executing VM operation: Cleanup done

Events (20 events):
Event: 52.513 loading class java/lang/BooleanBeanInfo done
Event: 52.514 loading class java/lang/BooleanBeanInfo
Event: 52.514 loading class java/lang/BooleanBeanInfo done
Event: 52.514 loading class java/lang/BooleanCustomizer
Event: 52.514 loading class java/lang/BooleanCustomizer done
Event: 52.519 loading class java/lang/BooleanCustomizer
Event: 52.519 loading class java/lang/BooleanCustomizer done
Event: 52.575 Thread 0x000001a3f21ad4e0 Thread added: 0x000001a3f21ad4e0
Event: 52.620 loading class java/lang/ProcessImpl
Event: 52.628 loading class java/lang/ProcessImpl done
Event: 52.718 loading class java/lang/ProcessHandleImpl
Event: 52.724 loading class java/lang/ProcessHandleImpl done
Event: 52.729 loading class java/lang/ProcessImpl$2
Event: 52.729 loading class java/lang/ProcessImpl$2 done
Event: 52.730 loading class java/lang/Process$PipeInputStream
Event: 52.731 loading class java/lang/Process$PipeInputStream done
Event: 52.734 loading class jdk/internal/event/ProcessStartEvent
Event: 52.737 loading class jdk/internal/event/ProcessStartEvent done
Event: 52.746 Thread 0x000001a3f447bfb0 Thread added: 0x000001a3f447bfb0
Event: 52.746 Thread 0x000001a3f2bbeea0 Thread added: 0x000001a3f2bbeea0


Dynamic libraries:
0x00007ff665100000 - 0x00007ff66510a000 	C:\Program Files\Android\Android Studio1\jbr\bin\java.exe
0x00007ff8415b0000 - 0x00007ff8417c7000 	C:\WINDOWS\SYSTEM32\ntdll.dll
0x00007ff83fee0000 - 0x00007ff83ffa4000 	C:\WINDOWS\System32\KERNEL32.DLL
0x00007ff83ece0000 - 0x00007ff83f08d000 	C:\WINDOWS\System32\KERNELBASE.dll
0x00007ff83ea00000 - 0x00007ff83eb11000 	C:\WINDOWS\System32\ucrtbase.dll
0x00007ff82c4d0000 - 0x00007ff82c4e7000 	C:\Program Files\Android\Android Studio1\jbr\bin\jli.dll
0x00007ff82c110000 - 0x00007ff82c12b000 	C:\Program Files\Android\Android Studio1\jbr\bin\VCRUNTIME140.dll
0x00007ff8407a0000 - 0x00007ff84094e000 	C:\WINDOWS\System32\USER32.dll
0x00007ff83f090000 - 0x00007ff83f0b6000 	C:\WINDOWS\System32\win32u.dll
0x00007ff83feb0000 - 0x00007ff83fed9000 	C:\WINDOWS\System32\GDI32.dll
0x00007ff83e8e0000 - 0x00007ff83e9f9000 	C:\WINDOWS\System32\gdi32full.dll
0x00007ff83ebc0000 - 0x00007ff83ec5a000 	C:\WINDOWS\System32\msvcp_win.dll
0x00007ff829810000 - 0x00007ff829aa3000 	C:\WINDOWS\WinSxS\amd64_microsoft.windows.common-controls_6595b64144ccf1df_6.0.22621.3672_none_2713b9d173822955\COMCTL32.dll
0x00007ff8414c0000 - 0x00007ff841567000 	C:\WINDOWS\System32\msvcrt.dll
0x00007ff8400f0000 - 0x00007ff840121000 	C:\WINDOWS\System32\IMM32.DLL
0x00007ff837780000 - 0x00007ff83778c000 	C:\Program Files\Android\Android Studio1\jbr\bin\vcruntime140_1.dll
0x00007fffdf2a0000 - 0x00007fffdf32d000 	C:\Program Files\Android\Android Studio1\jbr\bin\msvcp140.dll
0x00007fffcc770000 - 0x00007fffcd3f3000 	C:\Program Files\Android\Android Studio1\jbr\bin\server\jvm.dll
0x00007ff83f7d0000 - 0x00007ff83f882000 	C:\WINDOWS\System32\ADVAPI32.dll
0x00007ff83f370000 - 0x00007ff83f419000 	C:\WINDOWS\System32\sechost.dll
0x00007ff83eb90000 - 0x00007ff83ebb8000 	C:\WINDOWS\System32\bcrypt.dll
0x00007ff83ffb0000 - 0x00007ff8400c4000 	C:\WINDOWS\System32\RPCRT4.dll
0x00007ff83e150000 - 0x00007ff83e19d000 	C:\WINDOWS\SYSTEM32\POWRPROF.dll
0x00007ff834830000 - 0x00007ff834839000 	C:\WINDOWS\SYSTEM32\WSOCK32.dll
0x00007ff83f2f0000 - 0x00007ff83f361000 	C:\WINDOWS\System32\WS2_32.dll
0x00007ff838d00000 - 0x00007ff838d0a000 	C:\WINDOWS\SYSTEM32\VERSION.dll
0x00007ff8380e0000 - 0x00007ff838114000 	C:\WINDOWS\SYSTEM32\WINMM.dll
0x00007ff83e130000 - 0x00007ff83e143000 	C:\WINDOWS\SYSTEM32\UMPDC.dll
0x00007ff83d980000 - 0x00007ff83d998000 	C:\WINDOWS\SYSTEM32\kernel.appcore.dll
0x00007ff831730000 - 0x00007ff83173a000 	C:\Program Files\Android\Android Studio1\jbr\bin\jimage.dll
0x00007ff83c180000 - 0x00007ff83c3b2000 	C:\WINDOWS\SYSTEM32\DBGHELP.DLL
0x00007ff83f890000 - 0x00007ff83fc18000 	C:\WINDOWS\System32\combase.dll
0x00007ff840130000 - 0x00007ff840207000 	C:\WINDOWS\System32\OLEAUT32.dll
0x00007ff837430000 - 0x00007ff837462000 	C:\WINDOWS\SYSTEM32\dbgcore.DLL
0x00007ff83ec60000 - 0x00007ff83ecdb000 	C:\WINDOWS\System32\bcryptPrimitives.dll
0x00007ff815df0000 - 0x00007ff815e15000 	C:\Program Files\Android\Android Studio1\jbr\bin\java.dll
0x00007ff82b670000 - 0x00007ff82b688000 	C:\Program Files\Android\Android Studio1\jbr\bin\zip.dll
0x00007ff840b60000 - 0x00007ff8413bf000 	C:\WINDOWS\System32\SHELL32.dll
0x00007ff83c830000 - 0x00007ff83d12c000 	C:\WINDOWS\SYSTEM32\windows.storage.dll
0x00007ff83c6f0000 - 0x00007ff83c82f000 	C:\WINDOWS\SYSTEM32\wintypes.dll
0x00007ff8413c0000 - 0x00007ff8414b4000 	C:\WINDOWS\System32\SHCORE.dll
0x00007ff840b00000 - 0x00007ff840b5e000 	C:\WINDOWS\System32\shlwapi.dll
0x00007ff83e810000 - 0x00007ff83e831000 	C:\WINDOWS\SYSTEM32\profapi.dll
0x00007ff828f80000 - 0x00007ff828f99000 	C:\Program Files\Android\Android Studio1\jbr\bin\net.dll
0x00007ff838120000 - 0x00007ff838256000 	C:\WINDOWS\SYSTEM32\WINHTTP.dll
0x00007ff83ddf0000 - 0x00007ff83de59000 	C:\WINDOWS\system32\mswsock.dll
0x00007ff828cf0000 - 0x00007ff828d06000 	C:\Program Files\Android\Android Studio1\jbr\bin\nio.dll
0x00007ff831360000 - 0x00007ff831370000 	C:\Program Files\Android\Android Studio1\jbr\bin\verify.dll
0x00007ff8158c0000 - 0x00007ff8158e7000 	C:\Users\62887\.gradle\native\c067742578af261105cb4f569cf0c3c89f3d7b1fecec35dd04571415982c5e48\windows-amd64\native-platform.dll
0x00007fffdaec0000 - 0x00007fffdb004000 	C:\Users\62887\.gradle\native\38dada09dfb8b06ba9b0570ebf7e218e3eb74d4ef43ca46872605cf95ebc2f47\windows-amd64\native-platform-file-events.dll
0x00007ff82cfc0000 - 0x00007ff82cfc9000 	C:\Program Files\Android\Android Studio1\jbr\bin\management.dll
0x00007ff82cee0000 - 0x00007ff82ceeb000 	C:\Program Files\Android\Android Studio1\jbr\bin\management_ext.dll
0x00007ff83fc20000 - 0x00007ff83fc28000 	C:\WINDOWS\System32\PSAPI.DLL
0x00007ff83e060000 - 0x00007ff83e07b000 	C:\WINDOWS\SYSTEM32\CRYPTSP.dll
0x00007ff83d8e0000 - 0x00007ff83d915000 	C:\WINDOWS\system32\rsaenh.dll
0x00007ff83def0000 - 0x00007ff83df18000 	C:\WINDOWS\SYSTEM32\USERENV.dll
0x00007ff83e050000 - 0x00007ff83e05c000 	C:\WINDOWS\SYSTEM32\CRYPTBASE.dll
0x00007ff83d3d0000 - 0x00007ff83d3fd000 	C:\WINDOWS\SYSTEM32\IPHLPAPI.DLL
0x00007ff83f7c0000 - 0x00007ff83f7c9000 	C:\WINDOWS\System32\NSI.dll
0x00007ff8386f0000 - 0x00007ff838709000 	C:\WINDOWS\SYSTEM32\dhcpcsvc6.DLL
0x00007ff837f70000 - 0x00007ff837f8f000 	C:\WINDOWS\SYSTEM32\dhcpcsvc.DLL
0x00007ff83d450000 - 0x00007ff83d548000 	C:\WINDOWS\SYSTEM32\DNSAPI.dll
0x00007ff82cb60000 - 0x00007ff82cb69000 	C:\Program Files\Android\Android Studio1\jbr\bin\extnet.dll
0x00007ff82c4c0000 - 0x00007ff82c4c8000 	C:\WINDOWS\system32\wshunix.dll

dbghelp: loaded successfully - version: 4.0.5 - missing functions: none
symbol engine: initialized successfully - sym options: 0x614 - pdb path: .;C:\Program Files\Android\Android Studio1\jbr\bin;C:\WINDOWS\SYSTEM32;C:\WINDOWS\WinSxS\amd64_microsoft.windows.common-controls_6595b64144ccf1df_6.0.22621.3672_none_2713b9d173822955;C:\Program Files\Android\Android Studio1\jbr\bin\server;C:\Users\62887\.gradle\native\c067742578af261105cb4f569cf0c3c89f3d7b1fecec35dd04571415982c5e48\windows-amd64;C:\Users\62887\.gradle\native\38dada09dfb8b06ba9b0570ebf7e218e3eb74d4ef43ca46872605cf95ebc2f47\windows-amd64

VM Arguments:
jvm_args: -XX:+HeapDumpOnOutOfMemoryError --add-opens=java.base/java.util=ALL-UNNAMED --add-opens=java.base/java.lang=ALL-UNNAMED --add-opens=java.base/java.lang.invoke=ALL-UNNAMED --add-opens=java.prefs/java.util.prefs=ALL-UNNAMED --add-opens=java.base/java.nio.charset=ALL-UNNAMED --add-opens=java.base/java.net=ALL-UNNAMED --add-opens=java.base/java.util.concurrent.atomic=ALL-UNNAMED -Xmx4G -Dfile.encoding=windows-1252 -Duser.country=ID -Duser.language=en -Duser.variant 
java_command: org.gradle.launcher.daemon.bootstrap.GradleDaemon 7.6.3
java_class_path (initial): C:\Users\62887\.gradle\wrapper\dists\gradle-7.6.3-all\aocdy2d2z8kodnny3rsumj8i8\gradle-7.6.3\lib\gradle-launcher-7.6.3.jar
Launcher Type: SUN_STANDARD

[Global flags]
     intx CICompilerCount                          = 3                                         {product} {ergonomic}
     uint ConcGCThreads                            = 1                                         {product} {ergonomic}
     uint G1ConcRefinementThreads                  = 4                                         {product} {ergonomic}
   size_t G1HeapRegionSize                         = 2097152                                   {product} {ergonomic}
    uintx GCDrainStackTargetSize                   = 64                                        {product} {ergonomic}
     bool HeapDumpOnOutOfMemoryError               = true                                   {manageable} {command line}
   size_t InitialHeapSize                          = 62914560                                  {product} {ergonomic}
   size_t MarkStackSize                            = 4194304                                   {product} {ergonomic}
   size_t MaxHeapSize                              = 4294967296                                {product} {command line}
   size_t MaxNewSize                               = 2575302656                                {product} {ergonomic}
   size_t MinHeapDeltaBytes                        = 2097152                                   {product} {ergonomic}
   size_t MinHeapSize                              = 8388608                                   {product} {ergonomic}
    uintx NonNMethodCodeHeapSize                   = 5832780                                {pd product} {ergonomic}
    uintx NonProfiledCodeHeapSize                  = 122912730                              {pd product} {ergonomic}
    uintx ProfiledCodeHeapSize                     = 122912730                              {pd product} {ergonomic}
    uintx ReservedCodeCacheSize                    = 251658240                              {pd product} {ergonomic}
     bool SegmentedCodeCache                       = true                                      {product} {ergonomic}
   size_t SoftMaxHeapSize                          = 4294967296                             {manageable} {ergonomic}
     bool UseCompressedClassPointers               = true                           {product lp64_product} {ergonomic}
     bool UseCompressedOops                        = true                           {product lp64_product} {ergonomic}
     bool UseG1GC                                  = true                                      {product} {ergonomic}
     bool UseLargePagesIndividualAllocation        = false                                  {pd product} {ergonomic}

Logging:
Log output configuration:
 #0: stdout all=warning uptime,level,tags
 #1: stderr all=off uptime,level,tags

Environment Variables:
JAVA_HOME=C:\Program Files\Android\Android Studio1\jbr
CLASSPATH=C:\Users\62887\Documents\@Yusuf\PROJECT_FLUTTER\palugada\android\\gradle\wrapper\gradle-wrapper.jar
PATH=C:\Program Files\Android\Android Studio1\jbr\bin;C:\Program Files\Common Files\Oracle\Java\javapath;C:\WINDOWS\system32;C:\WINDOWS;C:\WINDOWS\System32\Wbem;C:\WINDOWS\System32\WindowsPowerShell\v1.0\;C:\WINDOWS\System32\OpenSSH\;C:\Users\62887\AppData\Local\Programs\Python\Python310;C:\Users\62887\AppData\Local\Programs\Python\Python310\Scripts;C:\Program Files\Git\cmd;C:\xampp\mysql\bin;C:\Program Files\nodejs;C:\Program Files\nodejs\;C:\xampp\php;C:\ProgramData\ComposerSetup\bin;C:\flutter\bin;C:\Users\62887\AppData\Local\Android\Sdk\platform-tools;C:\Users\62887\AppData\Local\Android\Sdk;C:\Program Files\Java\jdk-22;C:\Program Files\Java\jdk-22\bin;C:\flutter\bin\cache\dart-sdk\bin;C:\flutter\bin\.pub-cache\bin;C:\flutter\bin\cache\dart-sdk\bin;C:\Program Files (x86)\Windows Kits\10\Windows Performance Toolkit\;C:\Users\62887\AppData\Roaming\Pub\Cache\bin;C:\Users\62887\AppData\Local\Pub\Cache\bin;C:\Users\62887\AppData\Local\Microsoft\WindowsApps;C:\Users\62887\AppData\Local\Programs\Microsoft VS Code\bin;C:\Users\62887\AppData\Local\Programs\Python\Python310;C:\Users\62887\AppData\Local\Programs\Python\Python310\Scripts;C:\xampp\mysql\bin;C:\Program Files\nodejs;C:\Users\62887\AppData\Roaming\npm;C:\Users\62887\AppData\Roaming\Composer\vendor\bin;C:\flutter\bin;C:\Users\62887\AppData\Local\Android\Sdk\platform-tools;C:\Users\62887\AppData\Local\Android\Sdk;C:\flutter\bin\cache\dart-sdk\bin;C:\Users\62887\AppData\Roaming\Pub\Cache\bin;C:\dart-sdk\bin;C:\flutter\bin\cache\dart-sdk\bin;;C:\flutter\bin\mingit\cmd;C:\flutter\bin\mingit\cmd
USERNAME=62887
OS=Windows_NT
PROCESSOR_IDENTIFIER=Intel64 Family 6 Model 126 Stepping 5, GenuineIntel
TMP=C:\Users\62887\AppData\Local\Temp
TEMP=C:\Users\62887\AppData\Local\Temp



Periodic native trim disabled

JNI global refs:
JNI global refs: 25, weak refs: 2

JNI global refs memory usage: 843, weak refs: 841

OOME stack traces (most recent first):
Classloader memory used:
Loader org.gradle.internal.classloader.VisitableURLClassLoader                         : 5048K
Loader org.gradle.internal.classloader.VisitableURLClassLoader                         : 3304K
Loader bootstrap                                                                       : 3036K
Loader org.gradle.initialization.MixInLegacyTypesClassLoader                           : 1364K
Loader org.gradle.groovy.scripts.internal.DefaultScriptCompilationHandler$ScriptClassLoader: 149K
Loader jdk.internal.reflect.DelegatingClassLoader                                      : 113K
Loader jdk.internal.loader.ClassLoaders$PlatformClassLoader                            : 65681B
Loader org.codehaus.groovy.runtime.callsite.CallSiteClassLoader                        : 32176B
Loader jdk.internal.loader.ClassLoaders$AppClassLoader                                 : 26009B
Loader sun.reflect.misc.MethodUtil                                                     : 373B


[error occurred during error reporting (Classloader stats), id 0xe0000001, Out of Memory Error (s\src\hotspot\share\memory\arena.cpp:79)]


---------------  S Y S T E M  ---------------

OS:
 Windows 11 , 64 bit Build 22621 (10.0.22621.3672)
OS uptime: 6 days 23:21 hours

CPU: total 4 (initial active 4) (2 cores per cpu, 2 threads per core) family 6 model 126 stepping 5 microcode 0xa8, cx8, cmov, fxsr, ht, mmx, 3dnowpref, sse, sse2, sse3, ssse3, sse4.1, sse4.2, popcnt, lzcnt, tsc, tscinvbit, avx, avx2, aes, erms, clmul, bmi1, bmi2, adx, avx512f, avx512dq, avx512cd, avx512bw, avx512vl, sha, fma, vzeroupper, avx512_vpopcntdq, avx512_vpclmulqdq, avx512_vaes, avx512_vnni, clflush, clflushopt, avx512_vbmi2, avx512_vbmi
Processor Information for all 4 processors :
  Max Mhz: 1190, Current Mhz: 1190, Mhz Limit: 1190

Memory: 4k page, system-wide physical 3834M (84M free)
TotalPageFile size 15610M (AvailPageFile size 0M)
current process WorkingSet (physical memory assigned to process): 231M, peak: 441M
current process commit charge ("private bytes"): 656M, peak: 701M

vm_info: OpenJDK 64-Bit Server VM (17.0.10+0--11572160) for windows-amd64 JRE (17.0.10+0--11572160), built on Mar 13 2024 23:56:38 by "androidbuild" with MS VC++ 16.10 / 16.11 (VS2019)

END.
