#
# There is insufficient memory for the Java Runtime Environment to continue.
# Native memory allocation (mmap) failed to map 65536 bytes for Failed to commit metaspace.
# Possible reasons:
#   The system is out of physical RAM or swap space
#   The process is running with CompressedOops enabled, and the Java Heap may be blocking the growth of the native heap
# Possible solutions:
#   Reduce memory load on the system
#   Increase physical memory or swap space
#   Check if swap backing store is full
#   Decrease Java heap size (-Xmx/-Xms)
#   Decrease number of Java threads
#   Decrease Java thread stack sizes (-Xss)
#   Set larger code cache with -XX:ReservedCodeCacheSize=
#   JVM is running with Unscaled Compressed Oops mode in which the Java heap is
#     placed in the first 4GB address space. The Java Heap base address is the
#     maximum limit for the native heap growth. Please use -XX:HeapBaseMinAddress
#     to set the Java Heap base and to place the Java Heap above 4GB virtual address.
# This output file may be truncated or incomplete.
#
#  Out of Memory Error (virtualSpaceNode.cpp:110), pid=15992, tid=15508
#
# JRE version: OpenJDK Runtime Environment (17.0.10) (build 17.0.10+0--11572160)
# Java VM: OpenJDK 64-Bit Server VM (17.0.10+0--11572160, mixed mode, tiered, compressed oops, compressed class ptrs, g1 gc, windows-amd64)
# No core dump will be written. Minidumps are not enabled by default on client versions of Windows
#

---------------  S U M M A R Y ------------

Command Line: -Dorg.gradle.appname=gradlew org.gradle.wrapper.GradleWrapperMain -q -Ptarget-platform=android-arm64 -Ptarget=C:\Users\62887\Documents\@Yusuf\PROJECT_FLUTTER\palugada\lib\main.dart -Pbase-application-name=android.app.Application -Pdart-defines=RkxVVFRFUl9XRUJfQ0FOVkFTS0lUX1VSTD1odHRwczovL3d3dy5nc3RhdGljLmNvbS9mbHV0dGVyLWNhbnZhc2tpdC9lZGQ4NTQ2MTE2NDU3YmRmMWM1YmRmYjEzZWNiOTQ2M2QyYmI1ZWQ0Lw== -Pdart-obfuscation=false -Ptrack-widget-creation=true -Ptree-shake-icons=false -Pfilesystem-scheme=org-dartlang-root assembleDebug

Host: Intel(R) Core(TM) i3-1005G1 CPU @ 1.20GHz, 4 cores, 3G,  Windows 11 , 64 bit Build 22621 (10.0.22621.3672)
Time: Thu Jul 18 00:28:53 2024 SE Asia Standard Time elapsed time: 63.383881 seconds (0d 0h 1m 3s)

---------------  T H R E A D  ---------------

Current thread (0x000001801c66e040):  JavaThread "main" [_thread_in_vm, id=15508, stack(0x0000006c5cf00000,0x0000006c5d000000)]

Stack: [0x0000006c5cf00000,0x0000006c5d000000]
Native frames: (J=compiled Java code, j=interpreted, Vv=VM code, C=native code)
V  [jvm.dll+0x688e89]
V  [jvm.dll+0x84247a]
V  [jvm.dll+0x8440be]
V  [jvm.dll+0x844723]
V  [jvm.dll+0x24be0f]
V  [jvm.dll+0x83d45b]
V  [jvm.dll+0x62d4a6]
V  [jvm.dll+0x1c28ce]
V  [jvm.dll+0x62fe01]
V  [jvm.dll+0x62de46]
V  [jvm.dll+0x240ee0]
V  [jvm.dll+0x1ef4fb]
V  [jvm.dll+0x1e4e1c]
V  [jvm.dll+0x54dd1c]
V  [jvm.dll+0x7bb845]
V  [jvm.dll+0x7bb95e]
V  [jvm.dll+0x41628a]
V  [jvm.dll+0x41c429]
C  [java.dll+0x17ec]

Java frames: (J=compiled Java code, j=interpreted, Vv=VM code)
J 758  java.lang.ClassLoader.defineClass1(Ljava/lang/ClassLoader;Ljava/lang/String;[BIILjava/security/ProtectionDomain;Ljava/lang/String;)Ljava/lang/Class; java.base@17.0.10 (0 bytes) @ 0x000001802764dddb [0x000001802764dd20+0x00000000000000bb]
J 937 c1 java.lang.ClassLoader.defineClass(Ljava/lang/String;[BIILjava/security/ProtectionDomain;)Ljava/lang/Class; java.base@17.0.10 (43 bytes) @ 0x000001801fcece44 [0x000001801fcecb00+0x0000000000000344]
J 860 c1 java.security.SecureClassLoader.defineClass(Ljava/lang/String;[BIILjava/security/CodeSource;)Ljava/lang/Class; java.base@17.0.10 (16 bytes) @ 0x000001801fcce48c [0x000001801fcce3c0+0x00000000000000cc]
J 788 c1 java.net.URLClassLoader.defineClass(Ljava/lang/String;Ljdk/internal/loader/Resource;)Ljava/lang/Class; java.base@17.0.10 (224 bytes) @ 0x000001801fca45a4 [0x000001801fca2bc0+0x00000000000019e4]
J 753 c1 java.net.URLClassLoader$1.run()Ljava/lang/Class; java.base@17.0.10 (81 bytes) @ 0x000001801fc8e3e4 [0x000001801fc8d7a0+0x0000000000000c44]
J 711 c1 java.net.URLClassLoader$1.run()Ljava/lang/Object; java.base@17.0.10 (5 bytes) @ 0x000001801fc7db44 [0x000001801fc7dac0+0x0000000000000084]
J 626 c1 java.security.AccessController.doPrivileged(Ljava/security/PrivilegedExceptionAction;Ljava/security/AccessControlContext;)Ljava/lang/Object; java.base@17.0.10 (26 bytes) @ 0x000001801fc424f4 [0x000001801fc42320+0x00000000000001d4]
J 709 c1 java.net.URLClassLoader.findClass(Ljava/lang/String;)Ljava/lang/Class; java.base@17.0.10 (47 bytes) @ 0x000001801fc7ce14 [0x000001801fc7cc80+0x0000000000000194]
J 602 c1 java.lang.ClassLoader.loadClass(Ljava/lang/String;Z)Ljava/lang/Class; java.base@17.0.10 (121 bytes) @ 0x000001801fc375dc [0x000001801fc37040+0x000000000000059c]
J 592 c1 java.lang.ClassLoader.loadClass(Ljava/lang/String;)Ljava/lang/Class; java.base@17.0.10 (7 bytes) @ 0x000001801fc2f73c [0x000001801fc2f640+0x00000000000000fc]
v  ~StubRoutines::call_stub
j  com.google.common.collect.Lists$ReverseList.listIterator(I)Ljava/util/ListIterator;+17
j  java.util.AbstractList.listIterator()Ljava/util/ListIterator;+2 java.base@17.0.10
j  com.google.common.collect.Lists$ReverseList.iterator()Ljava/util/Iterator;+1
j  org.gradle.util.internal.LimitedDescription.toString()Ljava/lang/String;+30
j  org.gradle.util.internal.GFileUtils.tail(Ljava/io/File;I)Ljava/lang/String;+62
j  org.gradle.launcher.daemon.diagnostics.DaemonDiagnostics.tailDaemonLog()Ljava/lang/String;+6
j  org.gradle.launcher.daemon.diagnostics.DaemonDiagnostics.describe()Ljava/lang/String;+37
j  org.gradle.launcher.daemon.client.DaemonClient.handleDaemonDisappearance(Lorg/gradle/launcher/daemon/protocol/Build;Lorg/gradle/launcher/daemon/diagnostics/DaemonDiagnostics;)Lorg/gradle/launcher/daemon/protocol/Result;+15
j  org.gradle.launcher.daemon.client.DaemonClient.monitorBuild(Lorg/gradle/launcher/daemon/protocol/Build;Lorg/gradle/launcher/daemon/diagnostics/DaemonDiagnostics;Lorg/gradle/internal/remote/internal/Connection;Lorg/gradle/initialization/BuildCancellationToken;Lorg/gradle/initialization/BuildEventConsumer;)Ljava/lang/Object;+111
j  org.gradle.launcher.daemon.client.DaemonClient.executeBuild(Lorg/gradle/launcher/daemon/protocol/Build;Lorg/gradle/launcher/daemon/client/DaemonClientConnection;Lorg/gradle/initialization/BuildCancellationToken;Lorg/gradle/initialization/BuildEventConsumer;)Lorg/gradle/launcher/exec/BuildActionResult;+128
j  org.gradle.launcher.daemon.client.DaemonClient.execute(Lorg/gradle/internal/invocation/BuildAction;Lorg/gradle/launcher/exec/BuildActionParameters;Lorg/gradle/initialization/BuildRequestContext;)Lorg/gradle/launcher/exec/BuildActionResult;+272
j  org.gradle.launcher.daemon.client.DaemonClient.execute(Lorg/gradle/internal/invocation/BuildAction;Ljava/lang/Object;Ljava/lang/Object;)Lorg/gradle/launcher/exec/BuildActionResult;+10
j  org.gradle.launcher.cli.RunBuildAction.run()V+74
j  org.gradle.internal.Actions$RunnableActionAdapter.execute(Ljava/lang/Object;)V+4
j  org.gradle.launcher.cli.DefaultCommandLineActionFactory$ParseAndBuildAction.execute(Lorg/gradle/launcher/bootstrap/ExecutionListener;)V+60
j  org.gradle.launcher.cli.DefaultCommandLineActionFactory$ParseAndBuildAction.execute(Ljava/lang/Object;)V+5
j  org.gradle.launcher.cli.DebugLoggerWarningAction.execute(Lorg/gradle/launcher/bootstrap/ExecutionListener;)V+9
j  org.gradle.launcher.cli.DebugLoggerWarningAction.execute(Ljava/lang/Object;)V+5
j  org.gradle.launcher.cli.WelcomeMessageAction.execute(Lorg/gradle/launcher/bootstrap/ExecutionListener;)V+218
j  org.gradle.launcher.cli.WelcomeMessageAction.execute(Ljava/lang/Object;)V+5
j  org.gradle.launcher.cli.NativeServicesInitializingAction.execute(Lorg/gradle/launcher/bootstrap/ExecutionListener;)V+35
j  org.gradle.launcher.cli.NativeServicesInitializingAction.execute(Ljava/lang/Object;)V+5
j  org.gradle.launcher.cli.ExceptionReportingAction.execute(Lorg/gradle/launcher/bootstrap/ExecutionListener;)V+5
j  org.gradle.launcher.cli.ExceptionReportingAction.execute(Ljava/lang/Object;)V+5
j  org.gradle.launcher.cli.DefaultCommandLineActionFactory$WithLogging.execute(Lorg/gradle/launcher/bootstrap/ExecutionListener;)V+299
j  org.gradle.launcher.Main.doAction([Ljava/lang/String;Lorg/gradle/launcher/bootstrap/ExecutionListener;)V+14
j  org.gradle.launcher.bootstrap.EntryPoint.run([Ljava/lang/String;)V+12
v  ~StubRoutines::call_stub
j  jdk.internal.reflect.NativeMethodAccessorImpl.invoke0(Ljava/lang/reflect/Method;Ljava/lang/Object;[Ljava/lang/Object;)Ljava/lang/Object;+0 java.base@17.0.10
j  jdk.internal.reflect.NativeMethodAccessorImpl.invoke(Ljava/lang/Object;[Ljava/lang/Object;)Ljava/lang/Object;+133 java.base@17.0.10
j  jdk.internal.reflect.DelegatingMethodAccessorImpl.invoke(Ljava/lang/Object;[Ljava/lang/Object;)Ljava/lang/Object;+6 java.base@17.0.10
j  java.lang.reflect.Method.invoke(Ljava/lang/Object;[Ljava/lang/Object;)Ljava/lang/Object;+59 java.base@17.0.10
j  org.gradle.launcher.bootstrap.ProcessBootstrap.runNoExit(Ljava/lang/String;[Ljava/lang/String;)V+159
j  org.gradle.launcher.bootstrap.ProcessBootstrap.run(Ljava/lang/String;[Ljava/lang/String;)V+2
v  ~StubRoutines::call_stub
j  jdk.internal.reflect.NativeMethodAccessorImpl.invoke0(Ljava/lang/reflect/Method;Ljava/lang/Object;[Ljava/lang/Object;)Ljava/lang/Object;+0 java.base@17.0.10
j  jdk.internal.reflect.NativeMethodAccessorImpl.invoke(Ljava/lang/Object;[Ljava/lang/Object;)Ljava/lang/Object;+133 java.base@17.0.10
j  jdk.internal.reflect.DelegatingMethodAccessorImpl.invoke(Ljava/lang/Object;[Ljava/lang/Object;)Ljava/lang/Object;+6 java.base@17.0.10
j  java.lang.reflect.Method.invoke(Ljava/lang/Object;[Ljava/lang/Object;)Ljava/lang/Object;+59 java.base@17.0.10
j  org.gradle.launcher.GradleMain.main([Ljava/lang/String;)V+100
v  ~StubRoutines::call_stub
j  jdk.internal.reflect.NativeMethodAccessorImpl.invoke0(Ljava/lang/reflect/Method;Ljava/lang/Object;[Ljava/lang/Object;)Ljava/lang/Object;+0 java.base@17.0.10
j  jdk.internal.reflect.NativeMethodAccessorImpl.invoke(Ljava/lang/Object;[Ljava/lang/Object;)Ljava/lang/Object;+133 java.base@17.0.10
j  jdk.internal.reflect.DelegatingMethodAccessorImpl.invoke(Ljava/lang/Object;[Ljava/lang/Object;)Ljava/lang/Object;+6 java.base@17.0.10
j  java.lang.reflect.Method.invoke(Ljava/lang/Object;[Ljava/lang/Object;)Ljava/lang/Object;+59 java.base@17.0.10
j  org.gradle.wrapper.BootstrapMainStarter.start([Ljava/lang/String;Ljava/io/File;)V+82
j  org.gradle.wrapper.WrapperExecutor.execute([Ljava/lang/String;Lorg/gradle/wrapper/Install;Lorg/gradle/wrapper/BootstrapMainStarter;)V+14
j  org.gradle.wrapper.GradleWrapperMain.main([Ljava/lang/String;)V+190
v  ~StubRoutines::call_stub

Compiled method (n/a)   63435  758     n 0       java.lang.ClassLoader::defineClass1 (native)
 total in heap  [0x000001802764db90,0x000001802764e068] = 1240
 relocation     [0x000001802764dce8,0x000001802764dd20] = 56
 main code      [0x000001802764dd20,0x000001802764e068] = 840

[Constant Pool (empty)]

[MachCode]
[Entry Point]
  # {method} {0x0000018034024f38} 'defineClass1' '(Ljava/lang/ClassLoader;Ljava/lang/String;[BIILjava/security/ProtectionDomain;Ljava/lang/String;)Ljava/lang/Class;' in 'java/lang/ClassLoader'
  # parm0:    rdx:rdx   = 'java/lang/ClassLoader'
  # parm1:    r8:r8     = 'java/lang/String'
  # parm2:    r9:r9     = '[B'
  # parm3:    rdi       = int
  # parm4:    rsi       = int
  # parm5:    rcx:rcx   = 'java/security/ProtectionDomain'
  # parm6:    [sp+0xa0]   = 'java/lang/String'  (sp of caller)
  0x000001802764dd20: 448b 5208 | 49c1 e203 | 493b c20f | 8407 0000 

  0x000001802764dd30: ;   {runtime_call ic_miss_stub}
  0x000001802764dd30: 00e9 4a38 | a7ff 6690 
[Verified Entry Point]
  0x000001802764dd38: 8984 2400 | 90ff ff55 | 488b ec48 | 81ec 9000 | 0000 4881 | 7d10 0000 | 0000 488d | 4510 480f 
  0x000001802764dd58: 4445 1048 | 8944 2440 | 4889 4c24 | 7048 83f9 | 0048 8d44 | 2470 480f | 4444 2470 | 4889 4424 
  0x000001802764dd78: 3848 8974 | 2430 4889 | 7c24 284c | 894c 2458 | 4983 f900 | 488d 4424 | 5848 0f44 | 4424 5848 
  0x000001802764dd98: 8944 2420 | 4c89 4424 | 5049 83f8 | 004c 8d4c | 2450 4c0f | 444c 2450 | 4889 5424 | 4848 83fa 
  0x000001802764ddb8: 004c 8d44 | 2448 4c0f | 4444 2448 

  0x000001802764ddc4: ;   {oop(a 'java/lang/Class'{0x00000000c4165ed8} = 'java/lang/ClassLoader')}
  0x000001802764ddc4: 49be d85e | 16c4 0000 | 0000 4c89 | 7424 784c | 8d74 2478 | 498b d6c5 

  0x000001802764dddc: ;   {internal_word}
  0x000001802764dddc: f877 49ba | dbdd 6427 | 8001 0000 | 4d89 97a0 | 0200 0049 | 89a7 9802 

  0x000001802764ddf4: ;   {external_word}
  0x000001802764ddf4: 0000 49ba | 8839 30cd | ff7f 0000 | 4180 3a00 | 0f84 5200 | 0000 5241 

  0x000001802764de0c: ;   {metadata({method} {0x0000018034024f38} 'defineClass1' '(Ljava/lang/ClassLoader;Ljava/lang/String;[BIILjava/security/ProtectionDomain;Ljava/lang/String;)Ljava/lang/Class;' in 'java/lang/ClassLoader')}
  0x000001802764de0c: 5041 5148 | ba30 4f02 | 3480 0100 | 0049 8bcf | 4883 ec20 | f7c4 0f00 | 0000 0f84 | 1a00 0000 
  0x000001802764de2c: 4883 ec08 

  0x000001802764de30: ;   {runtime_call}
  0x000001802764de30: 49ba b0f3 | e5cc ff7f | 0000 41ff | d248 83c4 | 08e9 0d00 

  0x000001802764de44: ;   {runtime_call}
  0x000001802764de44: 0000 49ba | b0f3 e5cc | ff7f 0000 | 41ff d248 | 83c4 2041 | 5941 585a | 498d 8fb8 | 0200 0041 
  0x000001802764de64: c787 4803 | 0000 0400 

  0x000001802764de6c: ;   {runtime_call}
  0x000001802764de6c: 0000 49ba | ac16 df15 | f87f 0000 | 41ff d2c5 | f877 41c7 | 8748 0300 | 0005 0000 | 00f0 8344 
  0x000001802764de8c: 24c0 0049 | 3baf 5003 | 0000 0f87 | 1100 0000 | 4181 bf38 | 0300 0000 | 0000 000f | 842c 0000 
  0x000001802764deac: 00c5 f877 | 4889 45f8 | 498b cf4c | 8be4 4883 | ec20 4883 

  0x000001802764dec0: ;   {runtime_call}
  0x000001802764dec0: e4f0 49ba | d011 f6cc | ff7f 0000 | 41ff d249 | 8be4 4d33 | e448 8b45 | f841 c787 | 4803 0000 
  0x000001802764dee0: 0800 0000 | 4181 bfb8 | 0300 0002 | 0000 000f | 843f 0100 

  0x000001802764def4: ;   {external_word}
  0x000001802764def4: 0049 ba88 | 3930 cdff | 7f00 0041 | 803a 000f | 8450 0000 | 0048 8945 

  0x000001802764df0c: ;   {metadata({method} {0x0000018034024f38} 'defineClass1' '(Ljava/lang/ClassLoader;Ljava/lang/String;[BIILjava/security/ProtectionDomain;Ljava/lang/String;)Ljava/lang/Class;' in 'java/lang/ClassLoader')}
  0x000001802764df0c: f848 ba30 | 4f02 3480 | 0100 0049 | 8bcf 4883 | ec20 f7c4 | 0f00 0000 | 0f84 1a00 | 0000 4883 
  0x000001802764df2c: ;   {runtime_call}
  0x000001802764df2c: ec08 49ba | b0f3 e5cc | ff7f 0000 | 41ff d248 | 83c4 08e9 | 0d00 0000 

  0x000001802764df44: ;   {runtime_call}
  0x000001802764df44: 49ba b0f3 | e5cc ff7f | 0000 41ff | d248 83c4 | 2048 8b45 | f849 c787 | 9802 0000 | 0000 0000 
  0x000001802764df64: 49c7 87a0 | 0200 0000 | 0000 00c5 | f877 4885 | c00f 8493 | 0000 0048 | f7c0 0100 | 0000 0f84 
  0x000001802764df84: 8300 0000 | 488b 40ff | 4180 7f38 | 000f 846f | 0000 0048 | 83f8 000f | 8465 0000 | 0049 8b4f 
  0x000001802764dfa4: 2048 83f9 | 000f 8414 | 0000 0048 | 83e9 0849 | 894f 2049 | 034f 3048 | 8901 e943 | 0000 0050 
  0x000001802764dfc4: 498b d748 | 8bc8 4883 | ec20 f7c4 | 0f00 0000 | 0f84 1a00 | 0000 4883 

  0x000001802764dfdc: ;   {runtime_call}
  0x000001802764dfdc: ec08 49ba | 908f a4cc | ff7f 0000 | 41ff d248 | 83c4 08e9 | 0d00 0000 

  0x000001802764dff4: ;   {runtime_call}
  0x000001802764dff4: 49ba 908f | a4cc ff7f | 0000 41ff | d248 83c4 | 2058 e903 | 0000 0048 | 8b00 498b | 8fd8 0000 
  0x000001802764e014: 00c7 8100 | 0100 0000 | 0000 00c9 | 4981 7f08 | 0000 0000 | 0f85 0100 

  0x000001802764e02c: ;   {runtime_call StubRoutines (1)}
  0x000001802764e02c: 0000 c3e9 | cc2e a2ff | c5f8 7748 | 8945 f84c | 8be4 4883 | ec20 4883 

  0x000001802764e044: ;   {runtime_call}
  0x000001802764e044: e4f0 49ba | 3024 e6cc | ff7f 0000 | 41ff d249 | 8be4 4d33 | e448 8b45 | f8e9 93fe | ffff f4f4 
  0x000001802764e064: f4f4 f4f4 
[/MachCode]


Compiled method (c1)   63448  937       3       java.lang.ClassLoader::defineClass (43 bytes)
 total in heap  [0x000001801fcec910,0x000001801fced228] = 2328
 relocation     [0x000001801fceca68,0x000001801fcecaf8] = 144
 main code      [0x000001801fcecb00,0x000001801fcecf80] = 1152
 stub code      [0x000001801fcecf80,0x000001801fcecff8] = 120
 metadata       [0x000001801fcecff8,0x000001801fced028] = 48
 scopes data    [0x000001801fced028,0x000001801fced118] = 240
 scopes pcs     [0x000001801fced118,0x000001801fced1f8] = 224
 dependencies   [0x000001801fced1f8,0x000001801fced200] = 8
 nul chk table  [0x000001801fced200,0x000001801fced228] = 40

[Constant Pool (empty)]

[MachCode]
[Entry Point]
  # {method} {0x0000018034024d18} 'defineClass' '(Ljava/lang/String;[BIILjava/security/ProtectionDomain;)Ljava/lang/Class;' in 'java/lang/ClassLoader'
  # this:     rdx:rdx   = 'java/lang/ClassLoader'
  # parm0:    r8:r8     = 'java/lang/String'
  # parm1:    r9:r9     = '[B'
  # parm2:    rdi       = int
  # parm3:    rsi       = int
  # parm4:    rcx:rcx   = 'java/security/ProtectionDomain'
  #           [sp+0xc0]  (sp of caller)
  0x000001801fcecb00: 448b 5208 | 49c1 e203 

  0x000001801fcecb08: ;   {runtime_call ic_miss_stub}
  0x000001801fcecb08: 4c3b d00f | 856f 4a3d | 0766 6666 | 0f1f 8400 | 0000 0000 | 6666 6690 
[Verified Entry Point]
  0x000001801fcecb20: 8984 2400 | 90ff ff55 | 4881 ecb0 | 0000 0048 | 8954 2478 

  0x000001801fcecb34: ;   {metadata(method data for {method} {0x0000018034024d18} 'defineClass' '(Ljava/lang/String;[BIILjava/security/ProtectionDomain;)Ljava/lang/Class;' in 'java/lang/ClassLoader')}
  0x000001801fcecb34: 48bb f80e | 9f34 8001 | 0000 8b83 | cc00 0000 | 83c0 0289 | 83cc 0000 | 0081 e0fe | 0700 0083 
  0x000001801fcecb54: f800 0f84 | 3e03 0000 | 89b4 2494 | 0000 0089 | bc24 9000 | 0000 4c89 | 8c24 8800 | 0000 488b 
  0x000001801fcecb74: ;   {metadata(method data for {method} {0x0000018034024d18} 'defineClass' '(Ljava/lang/String;[BIILjava/security/ProtectionDomain;)Ljava/lang/Class;' in 'java/lang/ClassLoader')}
  0x000001801fcecb74: da48 b8f8 | 0e9f 3480 | 0100 0048 | 8380 1001 | 0000 0149 | 8bd8 4c8b | c34c 8bc9 | 488b ca48 
  0x000001801fcecb94: 8bd1 4889 | 9c24 8000 

  0x000001801fcecb9c: ;   {optimized virtual_call}
  0x000001801fcecb9c: 0000 90e8 

  0x000001801fcecba0: ; ImmutableOopMap {[120]=Oop [136]=Oop [128]=Oop }
                      ;*invokevirtual preDefineClass {reexecute=0 rethrow=0 return_oop=0}
                      ; - java.lang.ClassLoader::defineClass@4 (line 1015)
  0x000001801fcecba0: 7c59 feff | 4889 8424 | 9800 0000 | 488b 5424 

  0x000001801fcecbb0: ;   {metadata(method data for {method} {0x0000018034024d18} 'defineClass' '(Ljava/lang/String;[BIILjava/security/ProtectionDomain;)Ljava/lang/Class;' in 'java/lang/ClassLoader')}
  0x000001801fcecbb0: 7849 b8f8 | 0e9f 3480 | 0100 0049 | 8380 4801 

  0x000001801fcecbc0: ;   {metadata(method data for {method} {0x0000018034024ae0} 'defineClassSourceLocation' '(Ljava/security/ProtectionDomain;)Ljava/lang/String;' in 'java/lang/ClassLoader')}
  0x000001801fcecbc0: 0000 0149 | b8d0 2a9f | 3480 0100 | 0041 8b90 | cc00 0000 | 83c2 0241 | 8990 cc00 | 0000 81e2 
  0x000001801fcecbe0: feff 1f00 | 83fa 000f | 84ce 0200 | 0048 3b00 

  0x000001801fcecbf0: ;   {metadata(method data for {method} {0x0000018034024ae0} 'defineClassSourceLocation' '(Ljava/security/ProtectionDomain;)Ljava/lang/String;' in 'java/lang/ClassLoader')}
  0x000001801fcecbf0: 4c8b c048 | bad0 2a9f | 3480 0100 | 0048 8382 | 1001 0000 | 0144 8b40 | 1049 83f8 

  0x000001801fcecc0c: ;   {metadata(method data for {method} {0x0000018034024ae0} 'defineClassSourceLocation' '(Ljava/security/ProtectionDomain;)Ljava/lang/String;' in 'java/lang/ClassLoader')}
  0x000001801fcecc0c: 0048 bad0 | 2a9f 3480 | 0100 0048 | be58 0100 | 0000 0000 | 000f 850a | 0000 0048 | be48 0100 
  0x000001801fcecc2c: 0000 0000 | 0048 8b3c | 3248 8d7f | 0148 893c | 320f 850f 

  0x000001801fcecc40: ;   {oop(NULL)}
  0x000001801fcecc40: 0000 0048 | bb00 0000 | 0000 0000 | 00e9 9d01 | 0000 493b | 0049 8bd0 

  0x000001801fcecc58: ;   {metadata(method data for {method} {0x0000018034024ae0} 'defineClassSourceLocation' '(Ljava/security/ProtectionDomain;)Ljava/lang/String;' in 'java/lang/ClassLoader')}
  0x000001801fcecc58: 48be d02a | 9f34 8001 | 0000 4883 | 8668 0100 | 0001 418b | 500c 4883 

  0x000001801fcecc70: ;   {metadata(method data for {method} {0x0000018034024ae0} 'defineClassSourceLocation' '(Ljava/security/ProtectionDomain;)Ljava/lang/String;' in 'java/lang/ClassLoader')}
  0x000001801fcecc70: fa00 48be | d02a 9f34 | 8001 0000 | 48bf b001 | 0000 0000 | 0000 0f85 | 0a00 0000 | 48bf a001 
  0x000001801fcecc90: 0000 0000 | 0000 488b | 1c3e 488d | 5b01 4889 | 1c3e 0f85 | 0f00 0000 

  0x000001801fcecca8: ;   {oop(NULL)}
  0x000001801fcecca8: 48bb 0000 | 0000 0000 | 0000 e938 

  0x000001801fceccb4: ;   {metadata(method data for {method} {0x0000018034024ae0} 'defineClassSourceLocation' '(Ljava/security/ProtectionDomain;)Ljava/lang/String;' in 'java/lang/ClassLoader')}
  0x000001801fceccb4: 0100 0048 | bed0 2a9f | 3480 0100 | 0048 8386 | c001 0000 | 0148 3b02 

  0x000001801fcecccc: ;   {metadata(method data for {method} {0x0000018034024ae0} 'defineClassSourceLocation' '(Ljava/security/ProtectionDomain;)Ljava/lang/String;' in 'java/lang/ClassLoader')}
  0x000001801fcecccc: 4c8b c248 | bed0 2a9f | 3480 0100 | 0048 8386 | f801 0000 

  0x000001801fcecce0: ;   {metadata(method data for {method} {0x00000180340e87e8} 'toString' '()Ljava/lang/String;' in 'java/net/URL')}
  0x000001801fcecce0: 0149 b800 | 9a76 3480 | 0100 0041 | 8bb0 cc00 | 0000 83c6 | 0241 89b0 | cc00 0000 | 81e6 feff 
  0x000001801fcecd00: 1f00 83fe | 000f 84e0 | 0100 004c 

  0x000001801fcecd0c: ;   {metadata(method data for {method} {0x00000180340e87e8} 'toString' '()Ljava/lang/String;' in 'java/net/URL')}
  0x000001801fcecd0c: 8bc2 48be | 009a 7634 | 8001 0000 | 4883 8610 | 0100 0001 

  0x000001801fcecd20: ;   {metadata(method data for {method} {0x00000180340e88a0} 'toExternalForm' '()Ljava/lang/String;' in 'java/net/URL')}
  0x000001801fcecd20: 49b8 889b | 7634 8001 | 0000 418b | b0cc 0000 | 0083 c602 | 4189 b0cc | 0000 0081 | e6fe ff1f 
  0x000001801fcecd40: 0083 fe00 | 0f84 c201 | 0000 8b72 | 3848 3b06 

  0x000001801fcecd50: ;   {metadata(method data for {method} {0x00000180340e88a0} 'toExternalForm' '()Ljava/lang/String;' in 'java/net/URL')}
  0x000001801fcecd50: 4c8b c648 | bf88 9b76 | 3480 0100 | 0045 8b40 | 0849 c1e0 | 034c 3b87 | 2001 0000 | 750d 4883 
  0x000001801fcecd70: 8728 0100 | 0001 e966 | 0000 004c | 3b87 3001 | 0000 750d | 4883 8738 | 0100 0001 | e950 0000 
  0x000001801fcecd90: 0048 81bf | 2001 0000 | 0000 0000 | 7517 4c89 | 8720 0100 | 0048 c787 | 2801 0000 | 0100 0000 
  0x000001801fcecdb0: e92c 0000 | 0048 81bf | 3001 0000 | 0000 0000 | 7517 4c89 | 8730 0100 | 0048 c787 | 3801 0000 
  0x000001801fcecdd0: 0100 0000 | e908 0000 | 0048 8387 | 1001 0000 | 014c 8bc2 

  0x000001801fcecde4: ;   {optimized virtual_call}
  0x000001801fcecde4: 488b d6e8 

  0x000001801fcecde8: ; ImmutableOopMap {[120]=Oop [136]=Oop [128]=Oop [152]=Oop }
                      ;*invokevirtual toExternalForm {reexecute=0 rethrow=0 return_oop=0}
                      ; - java.net.URL::toExternalForm@5 (line 1039)
                      ; - java.net.URL::toString@1 (line 1025)
                      ; - java.lang.ClassLoader::defineClassSourceLocation@22 (line 917)
                      ; - java.lang.ClassLoader::defineClass@12 (line 1016)
  0x000001801fcecde8: d434 f6ff | 488b d848 | 8b84 2498 | 0000 008b | b424 9400 | 0000 8bbc | 2490 0000 | 004c 8b8c 
  0x000001801fcece08: 2488 0000 | 004c 8b84 | 2480 0000 | 0048 8b54 

  0x000001801fcece18: ;   {metadata(method data for {method} {0x0000018034024d18} 'defineClass' '(Ljava/lang/String;[BIILjava/security/ProtectionDomain;)Ljava/lang/Class;' in 'java/lang/ClassLoader')}
  0x000001801fcece18: 2478 48b9 | f80e 9f34 | 8001 0000 | 4883 8180 | 0100 0001 | 4c8b da49 | 8bd3 488b | c848 891c 
  0x000001801fcece38: 2466 0f1f 

  0x000001801fcece3c: ;   {static_call}
  0x000001801fcece3c: 4400 00e8 

  0x000001801fcece40: ; ImmutableOopMap {[152]=Oop [120]=Oop }
                      ;*invokestatic defineClass1 {reexecute=0 rethrow=0 return_oop=0}
                      ; - java.lang.ClassLoader::defineClass@27 (line 1017)
  0x000001801fcece40: f40e 9607 | 488b 5424 

  0x000001801fcece48: ;   {metadata(method data for {method} {0x0000018034024d18} 'defineClass' '(Ljava/lang/String;[BIILjava/security/ProtectionDomain;)Ljava/lang/Class;' in 'java/lang/ClassLoader')}
  0x000001801fcece48: 7849 b8f8 | 0e9f 3480 | 0100 0049 | 8380 9001 | 0000 014c | 8bc0 4c8b | 8c24 9800 | 0000 488b 
  0x000001801fcece68: 5424 7848 | 8984 24a0 | 0000 000f 

  0x000001801fcece74: ;   {optimized virtual_call}
  0x000001801fcece74: 1f40 00e8 

  0x000001801fcece78: ; ImmutableOopMap {[160]=Oop }
                      ;*invokevirtual postDefineClass {reexecute=0 rethrow=0 return_oop=0}
                      ; - java.lang.ClassLoader::defineClass@37 (line 1018)
  0x000001801fcece78: 249f faff | 488b 8424 | a000 0000 | 4881 c4b0 | 0000 005d 

  0x000001801fcece8c: ;   {poll_return}
  0x000001801fcece8c: 493b a750 | 0300 000f | 8799 0000 

  0x000001801fcece98: ;   {metadata({method} {0x0000018034024d18} 'defineClass' '(Ljava/lang/String;[BIILjava/security/ProtectionDomain;)Ljava/lang/Class;' in 'java/lang/ClassLoader')}
  0x000001801fcece98: 00c3 49ba | 104d 0234 | 8001 0000 | 4c89 5424 | 0848 c704 | 24ff ffff 

  0x000001801fceceb0: ;   {runtime_call counter_overflow Runtime1 stub}
  0x000001801fceceb0: ffe8 caf6 

  0x000001801fceceb4: ; ImmutableOopMap {rdx=Oop [120]=Oop r8=Oop r9=Oop rcx=Oop }
                      ;*synchronization entry
                      ; - java.lang.ClassLoader::defineClass@-1 (line 1015)
  0x000001801fceceb4: 4707 e9a1 

  0x000001801fceceb8: ;   {metadata({method} {0x0000018034024ae0} 'defineClassSourceLocation' '(Ljava/security/ProtectionDomain;)Ljava/lang/String;' in 'java/lang/ClassLoader')}
  0x000001801fceceb8: fcff ff49 | bad8 4a02 | 3480 0100 | 004c 8954 | 2408 48c7 | 0424 ffff 

  0x000001801fceced0: ;   {runtime_call counter_overflow Runtime1 stub}
  0x000001801fceced0: ffff e8a9 

  0x000001801fceced4: ; ImmutableOopMap {[120]=Oop [136]=Oop [128]=Oop rax=Oop [152]=Oop }
                      ;*synchronization entry
                      ; - java.lang.ClassLoader::defineClassSourceLocation@-1 (line 914)
                      ; - java.lang.ClassLoader::defineClass@12 (line 1016)
  0x000001801fceced4: f647 07e9 | 11fd ffff 

  0x000001801fcecedc: ;   {runtime_call throw_null_pointer_exception Runtime1 stub}
  0x000001801fcecedc: e83f 9447 

  0x000001801fcecee0: ; ImmutableOopMap {[120]=Oop [136]=Oop [128]=Oop rax=Oop [152]=Oop }
                      ;*invokevirtual getCodeSource {reexecute=0 rethrow=0 return_oop=0}
                      ; - java.lang.ClassLoader::defineClassSourceLocation@1 (line 914)
                      ; - java.lang.ClassLoader::defineClass@12 (line 1016)
                      ;   {runtime_call throw_null_pointer_exception Runtime1 stub}
  0x000001801fcecee0: 07e8 3a94 

  0x000001801fcecee4: ; ImmutableOopMap {[120]=Oop [136]=Oop [128]=Oop rax=Oop [152]=Oop r8=Oop }
                      ;*invokevirtual getLocation {reexecute=0 rethrow=0 return_oop=0}
                      ; - java.lang.ClassLoader::defineClassSourceLocation@12 (line 916)
                      ; - java.lang.ClassLoader::defineClass@12 (line 1016)
                      ;   {runtime_call throw_null_pointer_exception Runtime1 stub}
  0x000001801fcecee4: 4707 e835 

  0x000001801fcecee8: ; ImmutableOopMap {[120]=Oop [136]=Oop [128]=Oop [152]=Oop rdx=Oop }
                      ;*invokevirtual toString {reexecute=0 rethrow=0 return_oop=0}
                      ; - java.lang.ClassLoader::defineClassSourceLocation@22 (line 917)
                      ; - java.lang.ClassLoader::defineClass@12 (line 1016)
                      ;   {metadata({method} {0x00000180340e87e8} 'toString' '()Ljava/lang/String;' in 'java/net/URL')}
  0x000001801fcecee8: 9447 0749 | bae0 870e | 3480 0100 | 004c 8954 | 2408 48c7 | 0424 ffff 

  0x000001801fcecf00: ;   {runtime_call counter_overflow Runtime1 stub}
  0x000001801fcecf00: ffff e879 

  0x000001801fcecf04: ; ImmutableOopMap {[120]=Oop [136]=Oop [128]=Oop [152]=Oop rdx=Oop }
                      ;*synchronization entry
                      ; - java.net.URL::toString@-1 (line 1025)
                      ; - java.lang.ClassLoader::defineClassSourceLocation@22 (line 917)
                      ; - java.lang.ClassLoader::defineClass@12 (line 1016)
  0x000001801fcecf04: f647 07e9 | fffd ffff 

  0x000001801fcecf0c: ;   {metadata({method} {0x00000180340e88a0} 'toExternalForm' '()Ljava/lang/String;' in 'java/net/URL')}
  0x000001801fcecf0c: 49ba 9888 | 0e34 8001 | 0000 4c89 | 5424 0848 | c704 24ff 

  0x000001801fcecf20: ;   {runtime_call counter_overflow Runtime1 stub}
  0x000001801fcecf20: ffff ffe8 

  0x000001801fcecf24: ; ImmutableOopMap {[120]=Oop [136]=Oop [128]=Oop [152]=Oop rdx=Oop }
                      ;*synchronization entry
                      ; - java.net.URL::toExternalForm@-1 (line 1039)
                      ; - java.net.URL::toString@1 (line 1025)
                      ; - java.lang.ClassLoader::defineClassSourceLocation@22 (line 917)
                      ; - java.lang.ClassLoader::defineClass@12 (line 1016)
  0x000001801fcecf24: 58f6 4707 | e91d feff 

  0x000001801fcecf2c: ;   {runtime_call throw_null_pointer_exception Runtime1 stub}
  0x000001801fcecf2c: ffe8 ee93 

  0x000001801fcecf30: ; ImmutableOopMap {[120]=Oop [136]=Oop [128]=Oop [152]=Oop rdx=Oop rsi=Oop }
                      ;*invokevirtual toExternalForm {reexecute=0 rethrow=0 return_oop=0}
                      ; - java.net.URL::toExternalForm@5 (line 1039)
                      ; - java.net.URL::toString@1 (line 1025)
                      ; - java.lang.ClassLoader::defineClassSourceLocation@22 (line 917)
                      ; - java.lang.ClassLoader::defineClass@12 (line 1016)
                      ;   {internal_word}
  0x000001801fcecf30: 4707 49ba | 8cce ce1f | 8001 0000 | 4d89 9768 

  0x000001801fcecf40: ;   {runtime_call SafepointBlob}
  0x000001801fcecf40: 0300 00e9 | 38c0 3d07 | 9090 498b | 87e0 0300 | 0049 c787 | e003 0000 | 0000 0000 | 49c7 87e8 
  0x000001801fcecf60: 0300 0000 | 0000 0048 | 81c4 b000 

  0x000001801fcecf6c: ;   {runtime_call unwind_exception Runtime1 stub}
  0x000001801fcecf6c: 0000 5de9 | 8cb3 3e07 | f4f4 f4f4 | f4f4 f4f4 | f4f4 f4f4 
[Stub Code]
  0x000001801fcecf80: ;   {no_reloc}
  0x000001801fcecf80: 0f1f 4400 

  0x000001801fcecf84: ;   {static_stub}
  0x000001801fcecf84: 0048 bb00 | 0000 0000 

  0x000001801fcecf8c: ;   {runtime_call}
  0x000001801fcecf8c: 0000 00e9 | fbff ffff 

  0x000001801fcecf94: ;   {static_stub}
  0x000001801fcecf94: 9048 bb00 | 0000 0000 

  0x000001801fcecf9c: ;   {runtime_call}
  0x000001801fcecf9c: 0000 00e9 | fbff ffff 

  0x000001801fcecfa4: ;   {static_stub}
  0x000001801fcecfa4: 9048 bb00 | 0000 0000 

  0x000001801fcecfac: ;   {runtime_call}
  0x000001801fcecfac: 0000 00e9 | fbff ffff 

  0x000001801fcecfb4: ;   {static_stub}
  0x000001801fcecfb4: 9048 bb00 | 0000 0000 

  0x000001801fcecfbc: ;   {runtime_call}
  0x000001801fcecfbc: 0000 00e9 | fbff ffff 
[Exception Handler]
  0x000001801fcecfc4: ;   {runtime_call handle_exception_from_callee Runtime1 stub}
  0x000001801fcecfc4: e837 b947 

  0x000001801fcecfc8: ;   {external_word}
  0x000001801fcecfc8: 0748 b9a0 | 7d0a cdff | 7f00 0048 

  0x000001801fcecfd4: ;   {runtime_call}
  0x000001801fcecfd4: 83e4 f049 | baf0 e4d2 | ccff 7f00 | 0041 ffd2 

  0x000001801fcecfe4: ;   {section_word}
  0x000001801fcecfe4: f449 bae5 | cfce 1f80 | 0100 0041 

  0x000001801fcecff0: ;   {runtime_call DeoptimizationBlob}
  0x000001801fcecff0: 52e9 2ad4 | 3d07 f4f4 
[/MachCode]


Compiled method (c1)   63464  860       3       java.security.SecureClassLoader::defineClass (16 bytes)
 total in heap  [0x000001801fcce210,0x000001801fcce600] = 1008
 relocation     [0x000001801fcce368,0x000001801fcce3b0] = 72
 main code      [0x000001801fcce3c0,0x000001801fcce500] = 320
 stub code      [0x000001801fcce500,0x000001801fcce558] = 88
 metadata       [0x000001801fcce558,0x000001801fcce560] = 8
 scopes data    [0x000001801fcce560,0x000001801fcce5a8] = 72
 scopes pcs     [0x000001801fcce5a8,0x000001801fcce5f8] = 80
 dependencies   [0x000001801fcce5f8,0x000001801fcce600] = 8

[Constant Pool (empty)]

[MachCode]
[Entry Point]
  # {method} {0x000001803403da68} 'defineClass' '(Ljava/lang/String;[BIILjava/security/CodeSource;)Ljava/lang/Class;' in 'java/security/SecureClassLoader'
  # this:     rdx:rdx   = 'java/security/SecureClassLoader'
  # parm0:    r8:r8     = 'java/lang/String'
  # parm1:    r9:r9     = '[B'
  # parm2:    rdi       = int
  # parm3:    rsi       = int
  # parm4:    rcx:rcx   = 'java/security/CodeSource'
  #           [sp+0x80]  (sp of caller)
  0x000001801fcce3c0: 448b 5208 | 49c1 e203 

  0x000001801fcce3c8: ;   {runtime_call ic_miss_stub}
  0x000001801fcce3c8: 4c3b d00f | 85af 313f | 0766 6666 | 0f1f 8400 | 0000 0000 | 6666 6690 
[Verified Entry Point]
  0x000001801fcce3e0: 8984 2400 | 90ff ff55 | 4883 ec70 

  0x000001801fcce3ec: ;   {metadata(method data for {method} {0x000001803403da68} 'defineClass' '(Ljava/lang/String;[BIILjava/security/CodeSource;)Ljava/lang/Class;' in 'java/security/SecureClassLoader')}
  0x000001801fcce3ec: 48bb 006c | 9b34 8001 | 0000 8b83 | cc00 0000 | 83c0 0289 | 83cc 0000 | 0081 e0fe | 0700 0083 
  0x000001801fcce40c: f800 0f84 | 8b00 0000 | 8974 245c | 897c 2458 | 4c89 4c24 | 504c 8944 | 2448 488b 

  0x000001801fcce428: ;   {metadata(method data for {method} {0x000001803403da68} 'defineClass' '(Ljava/lang/String;[BIILjava/security/CodeSource;)Ljava/lang/Class;' in 'java/security/SecureClassLoader')}
  0x000001801fcce428: da48 b800 | 6c9b 3480 | 0100 0048 | 8380 1001 | 0000 014c | 8bc1 488b | c248 8bd0 | 4889 4424 
  0x000001801fcce448: 4066 0f1f 

  0x000001801fcce44c: ;   {optimized virtual_call}
  0x000001801fcce44c: 4400 00e8 

  0x000001801fcce450: ; ImmutableOopMap {[80]=Oop [64]=Oop [72]=Oop }
                      ;*invokevirtual getProtectionDomain {reexecute=0 rethrow=0 return_oop=0}
                      ; - java.security.SecureClassLoader::defineClass@9 (line 150)
  0x000001801fcce450: ccdc 0100 | 488b 5424 

  0x000001801fcce458: ;   {metadata(method data for {method} {0x000001803403da68} 'defineClass' '(Ljava/lang/String;[BIILjava/security/CodeSource;)Ljava/lang/Class;' in 'java/security/SecureClassLoader')}
  0x000001801fcce458: 4049 b800 | 6c9b 3480 | 0100 0049 | 8380 4801 | 0000 014c | 8b44 2448 | 4c8b 4c24 | 508b 7c24 
  0x000001801fcce478: 588b 7424 | 5c48 8bc8 | 488b 5424 

  0x000001801fcce484: ;   {optimized virtual_call}
  0x000001801fcce484: 4066 90e8 

  0x000001801fcce488: ; ImmutableOopMap {}
                      ;*invokevirtual defineClass {reexecute=0 rethrow=0 return_oop=0}
                      ; - java.security.SecureClassLoader::defineClass@12 (line 150)
  0x000001801fcce488: 94e6 0100 | 4883 c470 

  0x000001801fcce490: ;   {poll_return}
  0x000001801fcce490: 5d49 3ba7 | 5003 0000 | 0f87 2200 

  0x000001801fcce49c: ;   {metadata({method} {0x000001803403da68} 'defineClass' '(Ljava/lang/String;[BIILjava/security/CodeSource;)Ljava/lang/Class;' in 'java/security/SecureClassLoader')}
  0x000001801fcce49c: 0000 c349 | ba60 da03 | 3480 0100 | 004c 8954 | 2408 48c7 | 0424 ffff 

  0x000001801fcce4b4: ;   {runtime_call counter_overflow Runtime1 stub}
  0x000001801fcce4b4: ffff e8c5 

  0x000001801fcce4b8: ; ImmutableOopMap {rdx=Oop r8=Oop r9=Oop rcx=Oop }
                      ;*synchronization entry
                      ; - java.security.SecureClassLoader::defineClass@-1 (line 150)
  0x000001801fcce4b8: e049 07e9 | 54ff ffff 

  0x000001801fcce4c0: ;   {internal_word}
  0x000001801fcce4c0: 49ba 91e4 | cc1f 8001 | 0000 4d89 | 9768 0300 

  0x000001801fcce4d0: ;   {runtime_call SafepointBlob}
  0x000001801fcce4d0: 00e9 aaaa | 3f07 9090 | 498b 87e0 | 0300 0049 | c787 e003 | 0000 0000 | 0000 49c7 | 87e8 0300 
  0x000001801fcce4f0: 0000 0000 | 0048 83c4 

  0x000001801fcce4f8: ;   {runtime_call unwind_exception Runtime1 stub}
  0x000001801fcce4f8: 705d e901 | 9e40 07f4 
[Stub Code]
  0x000001801fcce500: ;   {no_reloc}
  0x000001801fcce500: 0f1f 4400 

  0x000001801fcce504: ;   {static_stub}
  0x000001801fcce504: 0048 bbf0 | dc03 3480 

  0x000001801fcce50c: ;   {runtime_call I2C/C2I adapters}
  0x000001801fcce50c: 0100 00e9 | 4090 3f07 

  0x000001801fcce514: ;   {static_stub}
  0x000001801fcce514: 9048 bb10 | 4d02 3480 

  0x000001801fcce51c: ;   {runtime_call I2C/C2I adapters}
  0x000001801fcce51c: 0100 00e9 | be9a 3e07 
[Exception Handler]
  0x000001801fcce524: ;   {runtime_call handle_exception_from_callee Runtime1 stub}
  0x000001801fcce524: e8d7 a349 

  0x000001801fcce528: ;   {external_word}
  0x000001801fcce528: 0748 b9a0 | 7d0a cdff | 7f00 0048 

  0x000001801fcce534: ;   {runtime_call}
  0x000001801fcce534: 83e4 f049 | baf0 e4d2 | ccff 7f00 | 0041 ffd2 

  0x000001801fcce544: ;   {section_word}
  0x000001801fcce544: f449 ba45 | e5cc 1f80 | 0100 0041 

  0x000001801fcce550: ;   {runtime_call DeoptimizationBlob}
  0x000001801fcce550: 52e9 cabe | 3f07 f4f4 
[/MachCode]


---------------  P R O C E S S  ---------------

Threads class SMR info:
_java_thread_list=0x00000180380b8050, length=15, elements={
0x000001801c66e040, 0x000001803339dcc0, 0x000001803339e880, 0x000001803340f3f0,
0x00000180334180f0, 0x00000180334189c0, 0x00000180334106c0, 0x0000018033404f20,
0x0000018033408ef0, 0x000001803340a4e0, 0x00000180337b1990, 0x00000180337c6090,
0x00000180387fc750, 0x0000018038cf2410, 0x00000180380baea0
}

Java Threads: ( => current thread )
=>0x000001801c66e040 JavaThread "main" [_thread_in_vm, id=15508, stack(0x0000006c5cf00000,0x0000006c5d000000)]
  0x000001803339dcc0 JavaThread "Reference Handler" daemon [_thread_blocked, id=26028, stack(0x0000006c5d600000,0x0000006c5d700000)]
  0x000001803339e880 JavaThread "Finalizer" daemon [_thread_blocked, id=17164, stack(0x0000006c5d700000,0x0000006c5d800000)]
  0x000001803340f3f0 JavaThread "Signal Dispatcher" daemon [_thread_blocked, id=11328, stack(0x0000006c5d800000,0x0000006c5d900000)]
  0x00000180334180f0 JavaThread "Attach Listener" daemon [_thread_blocked, id=18532, stack(0x0000006c5d900000,0x0000006c5da00000)]
  0x00000180334189c0 JavaThread "Service Thread" daemon [_thread_blocked, id=16592, stack(0x0000006c5da00000,0x0000006c5db00000)]
  0x00000180334106c0 JavaThread "Monitor Deflation Thread" daemon [_thread_blocked, id=8508, stack(0x0000006c5db00000,0x0000006c5dc00000)]
  0x0000018033404f20 JavaThread "C2 CompilerThread0" daemon [_thread_blocked, id=16540, stack(0x0000006c5dc00000,0x0000006c5dd00000)]
  0x0000018033408ef0 JavaThread "C1 CompilerThread0" daemon [_thread_blocked, id=26256, stack(0x0000006c5dd00000,0x0000006c5de00000)]
  0x000001803340a4e0 JavaThread "Sweeper thread" daemon [_thread_blocked, id=19620, stack(0x0000006c5de00000,0x0000006c5df00000)]
  0x00000180337b1990 JavaThread "Notification Thread" daemon [_thread_blocked, id=23752, stack(0x0000006c5df00000,0x0000006c5e000000)]
  0x00000180337c6090 JavaThread "Common-Cleaner" daemon [_thread_blocked, id=23076, stack(0x0000006c5e100000,0x0000006c5e200000)]
  0x00000180387fc750 JavaThread "pool-1-thread-1" [_thread_in_vm, id=9992, stack(0x0000006c5e500000,0x0000006c5e600000)]
  0x0000018038cf2410 JavaThread "DisconnectableInputStream source reader" daemon [_thread_in_native, id=11080, stack(0x0000006c5e700000,0x0000006c5e800000)]
  0x00000180380baea0 JavaThread "Forward input" [_thread_blocked, id=25584, stack(0x0000006c5e800000,0x0000006c5e900000)]

Other Threads:
  0x00000180333990f0 VMThread "VM Thread" [stack: 0x0000006c5d500000,0x0000006c5d600000] [id=22064]
  0x00000180336f2100 WatcherThread [stack: 0x0000006c5e000000,0x0000006c5e100000] [id=14416]
  0x000001801c6a8220 GCTaskThread "GC Thread#0" [stack: 0x0000006c5d000000,0x0000006c5d100000] [id=12608]
  0x0000018033a4d840 GCTaskThread "GC Thread#1" [stack: 0x0000006c5e200000,0x0000006c5e300000] [id=17248]
  0x000001803809b0d0 GCTaskThread "GC Thread#2" [stack: 0x0000006c5e300000,0x0000006c5e400000] [id=10244]
  0x00000180380c6b50 GCTaskThread "GC Thread#3" [stack: 0x0000006c5e400000,0x0000006c5e500000] [id=24268]
  0x000001801c6b0970 ConcurrentGCThread "G1 Main Marker" [stack: 0x0000006c5d100000,0x0000006c5d200000] [id=17040]
  0x000001801c6b1390 ConcurrentGCThread "G1 Conc#0" [stack: 0x0000006c5d200000,0x0000006c5d300000] [id=12304]
  0x000001801c6f1610 ConcurrentGCThread "G1 Refine#0" [stack: 0x0000006c5d300000,0x0000006c5d400000] [id=25636]
  0x000001801c6f3050 ConcurrentGCThread "G1 Service" [stack: 0x0000006c5d400000,0x0000006c5d500000] [id=15280]

Threads with active compile tasks:

VM state: not at safepoint (normal execution)

VM Mutex/Monitor currently owned by a thread:  ([mutex/lock_event])
[0x000001801c668df0] Metaspace_lock - owner thread: 0x000001801c66e040

Heap address: 0x00000000c4000000, size: 960 MB, Compressed Oops mode: 32-bit

CDS archive(s) not mapped
Compressed class space mapped at: 0x0000000100000000-0x0000000140000000, reserved size: 1073741824
Narrow klass base: 0x0000000000000000, Narrow klass shift: 3, Narrow klass range: 0x140000000

GC Precious Log:
 CPUs: 4 total, 4 available
 Memory: 3834M
 Large Page Support: Disabled
 NUMA Support: Disabled
 Compressed Oops: Enabled (32-bit)
 Heap Region Size: 1M
 Heap Min Capacity: 8M
 Heap Initial Capacity: 60M
 Heap Max Capacity: 960M
 Pre-touch: Disabled
 Parallel Workers: 4
 Concurrent Workers: 1
 Concurrent Refinement Workers: 4
 Periodic GC: Disabled

Heap:
 garbage-first heap   total 61440K, used 24345K [0x00000000c4000000, 0x0000000100000000)
  region size 1024K, 18 young (18432K), 3 survivors (3072K)
 Metaspace       used 17731K, committed 17920K, reserved 1114112K
  class space    used 2035K, committed 2176K, reserved 1048576K

Heap Regions: E=young(eden), S=young(survivor), O=old, HS=humongous(starts), HC=humongous(continues), CS=collection set, F=free, OA=open archive, CA=closed archive, TAMS=top-at-mark-start (previous, next)
|   0|0x00000000c4000000, 0x00000000c4100000, 0x00000000c4100000|100%| O|  |TAMS 0x00000000c4000000, 0x00000000c4000000| Untracked 
|   1|0x00000000c4100000, 0x00000000c4200000, 0x00000000c4200000|100%| O|  |TAMS 0x00000000c4100000, 0x00000000c4100000| Untracked 
|   2|0x00000000c4200000, 0x00000000c4300000, 0x00000000c4300000|100%|HS|  |TAMS 0x00000000c4200000, 0x00000000c4200000| Complete 
|   3|0x00000000c4300000, 0x00000000c4400000, 0x00000000c4400000|100%|HC|  |TAMS 0x00000000c4300000, 0x00000000c4300000| Complete 
|   4|0x00000000c4400000, 0x00000000c4500000, 0x00000000c4500000|100%|HC|  |TAMS 0x00000000c4400000, 0x00000000c4400000| Complete 
|   5|0x00000000c4500000, 0x00000000c4600000, 0x00000000c4600000|100%| O|  |TAMS 0x00000000c4500000, 0x00000000c4500000| Untracked 
|   6|0x00000000c4600000, 0x00000000c46c6600, 0x00000000c4700000| 77%| O|  |TAMS 0x00000000c4600000, 0x00000000c4600000| Untracked 
|   7|0x00000000c4700000, 0x00000000c4700000, 0x00000000c4800000|  0%| F|  |TAMS 0x00000000c4700000, 0x00000000c4700000| Untracked 
|   8|0x00000000c4800000, 0x00000000c4800000, 0x00000000c4900000|  0%| F|  |TAMS 0x00000000c4800000, 0x00000000c4800000| Untracked 
|   9|0x00000000c4900000, 0x00000000c4900000, 0x00000000c4a00000|  0%| F|  |TAMS 0x00000000c4900000, 0x00000000c4900000| Untracked 
|  10|0x00000000c4a00000, 0x00000000c4a00000, 0x00000000c4b00000|  0%| F|  |TAMS 0x00000000c4a00000, 0x00000000c4a00000| Untracked 
|  11|0x00000000c4b00000, 0x00000000c4b00000, 0x00000000c4c00000|  0%| F|  |TAMS 0x00000000c4b00000, 0x00000000c4b00000| Untracked 
|  12|0x00000000c4c00000, 0x00000000c4c00000, 0x00000000c4d00000|  0%| F|  |TAMS 0x00000000c4c00000, 0x00000000c4c00000| Untracked 
|  13|0x00000000c4d00000, 0x00000000c4d00000, 0x00000000c4e00000|  0%| F|  |TAMS 0x00000000c4d00000, 0x00000000c4d00000| Untracked 
|  14|0x00000000c4e00000, 0x00000000c4e00000, 0x00000000c4f00000|  0%| F|  |TAMS 0x00000000c4e00000, 0x00000000c4e00000| Untracked 
|  15|0x00000000c4f00000, 0x00000000c4f00000, 0x00000000c5000000|  0%| F|  |TAMS 0x00000000c4f00000, 0x00000000c4f00000| Untracked 
|  16|0x00000000c5000000, 0x00000000c5000000, 0x00000000c5100000|  0%| F|  |TAMS 0x00000000c5000000, 0x00000000c5000000| Untracked 
|  17|0x00000000c5100000, 0x00000000c5100000, 0x00000000c5200000|  0%| F|  |TAMS 0x00000000c5100000, 0x00000000c5100000| Untracked 
|  18|0x00000000c5200000, 0x00000000c5200000, 0x00000000c5300000|  0%| F|  |TAMS 0x00000000c5200000, 0x00000000c5200000| Untracked 
|  19|0x00000000c5300000, 0x00000000c5300000, 0x00000000c5400000|  0%| F|  |TAMS 0x00000000c5300000, 0x00000000c5300000| Untracked 
|  20|0x00000000c5400000, 0x00000000c5400000, 0x00000000c5500000|  0%| F|  |TAMS 0x00000000c5400000, 0x00000000c5400000| Untracked 
|  21|0x00000000c5500000, 0x00000000c5500000, 0x00000000c5600000|  0%| F|  |TAMS 0x00000000c5500000, 0x00000000c5500000| Untracked 
|  22|0x00000000c5600000, 0x00000000c5600000, 0x00000000c5700000|  0%| F|  |TAMS 0x00000000c5600000, 0x00000000c5600000| Untracked 
|  23|0x00000000c5700000, 0x00000000c5700000, 0x00000000c5800000|  0%| F|  |TAMS 0x00000000c5700000, 0x00000000c5700000| Untracked 
|  24|0x00000000c5800000, 0x00000000c5800000, 0x00000000c5900000|  0%| F|  |TAMS 0x00000000c5800000, 0x00000000c5800000| Untracked 
|  25|0x00000000c5900000, 0x00000000c5900000, 0x00000000c5a00000|  0%| F|  |TAMS 0x00000000c5900000, 0x00000000c5900000| Untracked 
|  26|0x00000000c5a00000, 0x00000000c5a00000, 0x00000000c5b00000|  0%| F|  |TAMS 0x00000000c5a00000, 0x00000000c5a00000| Untracked 
|  27|0x00000000c5b00000, 0x00000000c5b00000, 0x00000000c5c00000|  0%| F|  |TAMS 0x00000000c5b00000, 0x00000000c5b00000| Untracked 
|  28|0x00000000c5c00000, 0x00000000c5c00000, 0x00000000c5d00000|  0%| F|  |TAMS 0x00000000c5c00000, 0x00000000c5c00000| Untracked 
|  29|0x00000000c5d00000, 0x00000000c5d00000, 0x00000000c5e00000|  0%| F|  |TAMS 0x00000000c5d00000, 0x00000000c5d00000| Untracked 
|  30|0x00000000c5e00000, 0x00000000c5e00000, 0x00000000c5f00000|  0%| F|  |TAMS 0x00000000c5e00000, 0x00000000c5e00000| Untracked 
|  31|0x00000000c5f00000, 0x00000000c5f00000, 0x00000000c6000000|  0%| F|  |TAMS 0x00000000c5f00000, 0x00000000c5f00000| Untracked 
|  32|0x00000000c6000000, 0x00000000c6000000, 0x00000000c6100000|  0%| F|  |TAMS 0x00000000c6000000, 0x00000000c6000000| Untracked 
|  33|0x00000000c6100000, 0x00000000c6100000, 0x00000000c6200000|  0%| F|  |TAMS 0x00000000c6100000, 0x00000000c6100000| Untracked 
|  34|0x00000000c6200000, 0x00000000c6200000, 0x00000000c6300000|  0%| F|  |TAMS 0x00000000c6200000, 0x00000000c6200000| Untracked 
|  35|0x00000000c6300000, 0x00000000c6300000, 0x00000000c6400000|  0%| F|  |TAMS 0x00000000c6300000, 0x00000000c6300000| Untracked 
|  36|0x00000000c6400000, 0x00000000c6400000, 0x00000000c6500000|  0%| F|  |TAMS 0x00000000c6400000, 0x00000000c6400000| Untracked 
|  37|0x00000000c6500000, 0x00000000c6500000, 0x00000000c6600000|  0%| F|  |TAMS 0x00000000c6500000, 0x00000000c6500000| Untracked 
|  38|0x00000000c6600000, 0x00000000c6600000, 0x00000000c6700000|  0%| F|  |TAMS 0x00000000c6600000, 0x00000000c6600000| Untracked 
|  39|0x00000000c6700000, 0x00000000c6700000, 0x00000000c6800000|  0%| F|  |TAMS 0x00000000c6700000, 0x00000000c6700000| Untracked 
|  40|0x00000000c6800000, 0x00000000c6900000, 0x00000000c6900000|100%| S|CS|TAMS 0x00000000c6800000, 0x00000000c6800000| Complete 
|  41|0x00000000c6900000, 0x00000000c6a00000, 0x00000000c6a00000|100%| S|CS|TAMS 0x00000000c6900000, 0x00000000c6900000| Complete 
|  42|0x00000000c6a00000, 0x00000000c6b00000, 0x00000000c6b00000|100%| S|CS|TAMS 0x00000000c6a00000, 0x00000000c6a00000| Complete 
|  43|0x00000000c6b00000, 0x00000000c6b00000, 0x00000000c6c00000|  0%| F|  |TAMS 0x00000000c6b00000, 0x00000000c6b00000| Untracked 
|  44|0x00000000c6c00000, 0x00000000c6c00000, 0x00000000c6d00000|  0%| F|  |TAMS 0x00000000c6c00000, 0x00000000c6c00000| Untracked 
|  45|0x00000000c6d00000, 0x00000000c6d5b788, 0x00000000c6e00000| 35%| E|  |TAMS 0x00000000c6d00000, 0x00000000c6d00000| Complete 
|  46|0x00000000c6e00000, 0x00000000c6f00000, 0x00000000c6f00000|100%| E|CS|TAMS 0x00000000c6e00000, 0x00000000c6e00000| Complete 
|  47|0x00000000c6f00000, 0x00000000c7000000, 0x00000000c7000000|100%| E|CS|TAMS 0x00000000c6f00000, 0x00000000c6f00000| Complete 
|  48|0x00000000c7000000, 0x00000000c7100000, 0x00000000c7100000|100%| E|CS|TAMS 0x00000000c7000000, 0x00000000c7000000| Complete 
|  49|0x00000000c7100000, 0x00000000c7200000, 0x00000000c7200000|100%| E|CS|TAMS 0x00000000c7100000, 0x00000000c7100000| Complete 
|  50|0x00000000c7200000, 0x00000000c7300000, 0x00000000c7300000|100%| E|CS|TAMS 0x00000000c7200000, 0x00000000c7200000| Complete 
|  51|0x00000000c7300000, 0x00000000c7400000, 0x00000000c7400000|100%| E|CS|TAMS 0x00000000c7300000, 0x00000000c7300000| Complete 
|  52|0x00000000c7400000, 0x00000000c7500000, 0x00000000c7500000|100%| E|CS|TAMS 0x00000000c7400000, 0x00000000c7400000| Complete 
|  53|0x00000000c7500000, 0x00000000c7600000, 0x00000000c7600000|100%| E|CS|TAMS 0x00000000c7500000, 0x00000000c7500000| Complete 
|  54|0x00000000c7600000, 0x00000000c7700000, 0x00000000c7700000|100%| E|CS|TAMS 0x00000000c7600000, 0x00000000c7600000| Complete 
|  55|0x00000000c7700000, 0x00000000c7800000, 0x00000000c7800000|100%| E|CS|TAMS 0x00000000c7700000, 0x00000000c7700000| Complete 
|  56|0x00000000c7800000, 0x00000000c7900000, 0x00000000c7900000|100%| E|CS|TAMS 0x00000000c7800000, 0x00000000c7800000| Complete 
|  57|0x00000000c7900000, 0x00000000c7a00000, 0x00000000c7a00000|100%| E|CS|TAMS 0x00000000c7900000, 0x00000000c7900000| Complete 
|  58|0x00000000c7a00000, 0x00000000c7b00000, 0x00000000c7b00000|100%| E|CS|TAMS 0x00000000c7a00000, 0x00000000c7a00000| Complete 
|  59|0x00000000c7b00000, 0x00000000c7c00000, 0x00000000c7c00000|100%| E|CS|TAMS 0x00000000c7b00000, 0x00000000c7b00000| Complete 

Card table byte_map: [0x000001802ed20000,0x000001802ef00000] _byte_map_base: 0x000001802e700000

Marking Bits (Prev, Next): (CMBitMap*) 0x000001801c6a8840, (CMBitMap*) 0x000001801c6a8880
 Prev Bits: [0x000001802f0e0000, 0x000001802ffe0000)
 Next Bits: [0x000001802ffe0000, 0x0000018030ee0000)

Polling page: 0x000001801a660000

Metaspace:

Usage:
  Non-class:     15.33 MB used.
      Class:      1.99 MB used.
       Both:     17.32 MB used.

Virtual space:
  Non-class space:       64.00 MB reserved,      15.38 MB ( 24%) committed,  1 nodes.
      Class space:        1.00 GB reserved,       2.12 MB ( <1%) committed,  1 nodes.
             Both:        1.06 GB reserved,      17.50 MB (  2%) committed. 

Chunk freelists:
   Non-Class:  560.00 KB
       Class:  13.73 MB
        Both:  14.27 MB

MaxMetaspaceSize: unlimited
CompressedClassSpaceSize: 1.00 GB
Initial GC threshold: 21.00 MB
Current GC threshold: 21.00 MB
CDS: off
MetaspaceReclaimPolicy: balanced
 - commit_granule_bytes: 65536.
 - commit_granule_words: 8192.
 - virtual_space_node_default_size: 8388608.
 - enlarge_chunks_in_place: 1.
 - new_chunks_are_fully_committed: 0.
 - uncommit_free_chunks: 1.
 - use_allocation_guard: 0.
 - handle_deallocations: 1.


Internal statistics:

num_allocs_failed_limit: 0.
num_arena_births: 88.
num_arena_deaths: 0.
num_vsnodes_births: 2.
num_vsnodes_deaths: 0.
num_space_committed: 280.
num_space_uncommitted: 0.
num_chunks_returned_to_freelist: 0.
num_chunks_taken_from_freelist: 328.
num_chunk_merges: 0.
num_chunk_splits: 219.
num_chunks_enlarged: 184.
num_inconsistent_stats: 0.

CodeHeap 'non-profiled nmethods': size=120000Kb used=590Kb max_used=590Kb free=119409Kb
 bounds [0x0000018027610000, 0x0000018027880000, 0x000001802eb40000]
CodeHeap 'profiled nmethods': size=120000Kb used=2946Kb max_used=2946Kb free=117053Kb
 bounds [0x000001801fb40000, 0x000001801fe30000, 0x0000018027070000]
CodeHeap 'non-nmethods': size=5760Kb used=1186Kb max_used=1212Kb free=4574Kb
 bounds [0x0000018027070000, 0x00000180272e0000, 0x0000018027610000]
 total_blobs=2011 nmethods=1539 adapters=385
 compilation: enabled
              stopped_count=0, restarted_count=0
 full_count=0

Compilation events (20 events):
Event: 52.865 Thread 0x0000018033408ef0 1530       3       java.util.concurrent.ThreadPoolExecutor::ensurePrestart (41 bytes)
Event: 52.866 Thread 0x0000018033408ef0 nmethod 1530 0x000001801fe1c390 code [0x000001801fe1c560, 0x000001801fe1c838]
Event: 52.866 Thread 0x0000018033408ef0 1532   !   3       java.util.concurrent.ScheduledThreadPoolExecutor$DelayedWorkQueue::take (203 bytes)
Event: 52.868 Thread 0x0000018033408ef0 nmethod 1532 0x000001801fe1c990 code [0x000001801fe1cd20, 0x000001801fe1e528]
Event: 52.868 Thread 0x0000018033408ef0 1531       3       java.util.concurrent.ScheduledThreadPoolExecutor$DelayedWorkQueue::take (5 bytes)
Event: 52.868 Thread 0x0000018033408ef0 nmethod 1531 0x000001801fe1f010 code [0x000001801fe1f1c0, 0x000001801fe1f308]
Event: 52.868 Thread 0x0000018033408ef0 1533       3       java.util.concurrent.locks.ReentrantLock::lockInterruptibly (8 bytes)
Event: 52.868 Thread 0x0000018033408ef0 nmethod 1533 0x000001801fe1f390 code [0x000001801fe1f580, 0x000001801fe1fa18]
Event: 52.868 Thread 0x0000018033408ef0 1534       3       java.util.concurrent.locks.ReentrantLock$Sync::lockInterruptibly (27 bytes)
Event: 52.868 Thread 0x0000018033408ef0 nmethod 1534 0x000001801fe1fc10 code [0x000001801fe1fe00, 0x000001801fe20238]
Event: 62.229 Thread 0x0000018033404f20 1535       4       jdk.internal.misc.Unsafe::putReferenceOpaque (9 bytes)
Event: 62.230 Thread 0x0000018033404f20 nmethod 1535 0x00000180276a2f90 code [0x00000180276a3100, 0x00000180276a3238]
Event: 62.734 Thread 0x0000018033408ef0 1536       1       org.gradle.internal.logging.text.AbstractLineChoppingStyledTextOutput$SeenFromEol::size (5 bytes)
Event: 62.734 Thread 0x0000018033408ef0 nmethod 1536 0x00000180276a3290 code [0x00000180276a3420, 0x00000180276a34f8]
Event: 62.839 Thread 0x0000018033408ef0 1537       1       org.gradle.internal.logging.text.AbstractLineChoppingStyledTextOutput$StateContext::access$000 (5 bytes)
Event: 62.839 Thread 0x0000018033408ef0 nmethod 1537 0x00000180276a3590 code [0x00000180276a3720, 0x00000180276a37d8]
Event: 63.373 Thread 0x0000018033408ef0 1538       1       java.util.LinkedList::size (5 bytes)
Event: 63.373 Thread 0x0000018033408ef0 nmethod 1538 0x00000180276a3890 code [0x00000180276a3a20, 0x00000180276a3af8]
Event: 63.374 Thread 0x0000018033408ef0 1539       3       java.nio.ByteBuffer::arrayOffset (35 bytes)
Event: 63.375 Thread 0x0000018033408ef0 nmethod 1539 0x000001801fe20390 code [0x000001801fe20560, 0x000001801fe20838]

GC Heap History (4 events):
Event: 1.105 GC heap before
{Heap before GC invocations=0 (full 0):
 garbage-first heap   total 61440K, used 12288K [0x00000000c4000000, 0x0000000100000000)
  region size 1024K, 13 young (13312K), 0 survivors (0K)
 Metaspace       used 8599K, committed 8768K, reserved 1114112K
  class space    used 767K, committed 832K, reserved 1048576K
}
Event: 1.112 GC heap after
{Heap after GC invocations=1 (full 0):
 garbage-first heap   total 61440K, used 3136K [0x00000000c4000000, 0x0000000100000000)
  region size 1024K, 2 young (2048K), 2 survivors (2048K)
 Metaspace       used 8599K, committed 8768K, reserved 1114112K
  class space    used 767K, committed 832K, reserved 1048576K
}
Event: 2.076 GC heap before
{Heap before GC invocations=1 (full 0):
 garbage-first heap   total 61440K, used 20544K [0x00000000c4000000, 0x0000000100000000)
  region size 1024K, 17 young (17408K), 2 survivors (2048K)
 Metaspace       used 13195K, committed 13312K, reserved 1114112K
  class space    used 1487K, committed 1536K, reserved 1048576K
}
Event: 2.080 GC heap after
{Heap after GC invocations=2 (full 0):
 garbage-first heap   total 61440K, used 10009K [0x00000000c4000000, 0x0000000100000000)
  region size 1024K, 3 young (3072K), 3 survivors (3072K)
 Metaspace       used 13195K, committed 13312K, reserved 1114112K
  class space    used 1487K, committed 1536K, reserved 1048576K
}

Dll operation events (2 events):
Event: 0.012 Loaded shared library C:\Program Files\Android\Android Studio1\jbr\bin\java.dll
Event: 0.243 Loaded shared library C:\Program Files\Android\Android Studio1\jbr\bin\verify.dll

Deoptimization events (20 events):
Event: 3.069 Thread 0x00000180389b8fa0 Uncommon trap: trap_request=0xffffff45 fr.pc=0x000001802765fcc8 relative=0x0000000000000048
Event: 3.069 Thread 0x00000180389b8fa0 Uncommon trap: reason=unstable_if action=reinterpret pc=0x000001802765fcc8 method=java.lang.CharacterData.of(I)Ljava/lang/CharacterData; @ 4 c2
Event: 3.069 Thread 0x00000180389b8fa0 DEOPT PACKING pc=0x000001802765fcc8 sp=0x0000006c5e6fe830
Event: 3.069 Thread 0x00000180389b8fa0 DEOPT UNPACKING pc=0x00000180270ca1a3 sp=0x0000006c5e6fe7c8 mode 2
Event: 3.074 Thread 0x00000180389b8fa0 Uncommon trap: trap_request=0xffffff6e fr.pc=0x000001802766cce4 relative=0x00000000000003c4
Event: 3.074 Thread 0x00000180389b8fa0 Uncommon trap: reason=loop_limit_check action=maybe_recompile pc=0x000001802766cce4 method=java.lang.StringLatin1.indexOf([BI[BII)I @ 37 c2
Event: 3.074 Thread 0x00000180389b8fa0 DEOPT PACKING pc=0x000001802766cce4 sp=0x0000006c5e6ff050
Event: 3.075 Thread 0x00000180389b8fa0 DEOPT UNPACKING pc=0x00000180270ca1a3 sp=0x0000006c5e6fefd8 mode 2
Event: 3.075 Thread 0x00000180389b8fa0 Uncommon trap: trap_request=0xffffff45 fr.pc=0x0000018027644ef4 relative=0x0000000000000154
Event: 3.075 Thread 0x00000180389b8fa0 Uncommon trap: reason=unstable_if action=reinterpret pc=0x0000018027644ef4 method=java.lang.AbstractStringBuilder.putStringAt(ILjava/lang/String;II)V @ 8 c2
Event: 3.075 Thread 0x00000180389b8fa0 DEOPT PACKING pc=0x0000018027644ef4 sp=0x0000006c5e6ff070
Event: 3.075 Thread 0x00000180389b8fa0 DEOPT UNPACKING pc=0x00000180270ca1a3 sp=0x0000006c5e6fefa0 mode 2
Event: 3.075 Thread 0x00000180389b8fa0 Uncommon trap: trap_request=0xffffff45 fr.pc=0x000001802766e4b8 relative=0x0000000000000418
Event: 3.075 Thread 0x00000180389b8fa0 Uncommon trap: reason=unstable_if action=reinterpret pc=0x000001802766e4b8 method=java.lang.AbstractStringBuilder.isLatin1()Z @ 10 c2
Event: 3.075 Thread 0x00000180389b8fa0 DEOPT PACKING pc=0x000001802766e4b8 sp=0x0000006c5e6ff120
Event: 3.075 Thread 0x00000180389b8fa0 DEOPT UNPACKING pc=0x00000180270ca1a3 sp=0x0000006c5e6ff0a0 mode 2
Event: 7.359 Thread 0x0000018038e603b0 Uncommon trap: trap_request=0xffffffde fr.pc=0x00000180276648d8 relative=0x0000000000001198
Event: 7.359 Thread 0x0000018038e603b0 Uncommon trap: reason=class_check action=maybe_recompile pc=0x00000180276648d8 method=java.util.concurrent.ConcurrentHashMap.putVal(Ljava/lang/Object;Ljava/lang/Object;Z)Ljava/lang/Object; @ 242 c2
Event: 7.359 Thread 0x0000018038e603b0 DEOPT PACKING pc=0x00000180276648d8 sp=0x0000006c5e8fdfe0
Event: 7.360 Thread 0x0000018038e603b0 DEOPT UNPACKING pc=0x00000180270ca1a3 sp=0x0000006c5e8fdf50 mode 2

Classes unloaded (0 events):
No events

Classes redefined (0 events):
No events

Internal exceptions (20 events):
Event: 1.652 Thread 0x000001801c66e040 Exception <a 'java/lang/NoSuchMethodError'{0x00000000c739bc08}: 'java.lang.Object java.lang.invoke.Invokers$Holder.invoker(java.lang.Object, java.lang.Object, java.lang.Object)'> (0x00000000c739bc08) 
thrown [s\src\hotspot\share\interpreter\linkResolver.cpp, line 771]
Event: 1.657 Thread 0x000001801c66e040 Exception <a 'java/lang/NoSuchMethodError'{0x00000000c73a4ff8}: 'java.lang.Object java.lang.invoke.DirectMethodHandle$Holder.invokeStatic(java.lang.Object, java.lang.Object, int)'> (0x00000000c73a4ff8) 
thrown [s\src\hotspot\share\interpreter\linkResolver.cpp, line 771]
Event: 1.659 Thread 0x000001801c66e040 Exception <a 'java/lang/NoSuchMethodError'{0x00000000c73b0ce8}: 'void java.lang.invoke.DelegatingMethodHandle$Holder.delegate(java.lang.Object, java.lang.Object, int, java.lang.Object)'> (0x00000000c73b0ce8) 
thrown [s\src\hotspot\share\interpreter\linkResolver.cpp, line 771]
Event: 1.660 Thread 0x000001801c66e040 Exception <a 'java/lang/NoSuchMethodError'{0x00000000c73b4e30}: 'int java.lang.invoke.DirectMethodHandle$Holder.invokeSpecial(java.lang.Object, java.lang.Object, java.lang.Object)'> (0x00000000c73b4e30) 
thrown [s\src\hotspot\share\interpreter\linkResolver.cpp, line 771]
Event: 1.665 Thread 0x000001801c66e040 Exception <a 'java/lang/NoSuchMethodError'{0x00000000c73c7fe8}: 'java.lang.Object java.lang.invoke.Invokers$Holder.invokeExact_MT(java.lang.Object, java.lang.Object, java.lang.Object, java.lang.Object)'> (0x00000000c73c7fe8) 
thrown [s\src\hotspot\share\interpreter\linkResolver.cpp, line 771]
Event: 1.903 Thread 0x000001801c66e040 Exception <a 'java/lang/NoSuchMethodError'{0x00000000c6c0a7f0}: 'void java.lang.invoke.DirectMethodHandle$Holder.invokeSpecial(java.lang.Object, java.lang.Object, java.lang.Object)'> (0x00000000c6c0a7f0) 
thrown [s\src\hotspot\share\interpreter\linkResolver.cpp, line 771]
Event: 1.937 Thread 0x000001801c66e040 Implicit null exception at 0x000001802765f30a to 0x000001802765f718
Event: 1.937 Thread 0x000001801c66e040 Implicit null exception at 0x000001802764ad0d to 0x000001802764b108
Event: 2.034 Thread 0x000001801c66e040 Exception <a 'java/lang/NoSuchMethodError'{0x00000000c6baa250}: 'java.lang.Object java.lang.invoke.DirectMethodHandle$Holder.invokeStaticInit(java.lang.Object)'> (0x00000000c6baa250) 
thrown [s\src\hotspot\share\interpreter\linkResolver.cpp, line 771]
Event: 2.224 Thread 0x000001801c66e040 Exception <a 'java/lang/NoSuchMethodError'{0x00000000c78e87c0}: 'java.lang.Object java.lang.invoke.DirectMethodHandle$Holder.invokeStaticInit(java.lang.Object, int, int, int, int)'> (0x00000000c78e87c0) 
thrown [s\src\hotspot\share\interpreter\linkResolver.cpp, line 771]
Event: 2.463 Thread 0x000001801c66e040 Exception <a 'java/lang/NoSuchMethodError'{0x00000000c77c9dd8}: 'java.lang.Object java.lang.invoke.DirectMethodHandle$Holder.invokeStaticInit(java.lang.Object, java.lang.Object, int, int, int, int)'> (0x00000000c77c9dd8) 
thrown [s\src\hotspot\share\interpreter\linkResolver.cpp, line 771]
Event: 2.595 Thread 0x000001801c66e040 Exception <a 'java/lang/NoSuchMethodError'{0x00000000c77f7328}: 'void java.lang.invoke.DirectMethodHandle$Holder.invokeStatic(java.lang.Object, java.lang.Object, java.lang.Object)'> (0x00000000c77f7328) 
thrown [s\src\hotspot\share\interpreter\linkResolver.cpp, line 771]
Event: 2.623 Thread 0x000001801c66e040 Implicit null exception at 0x00000180276487f2 to 0x0000018027648e30
Event: 2.623 Thread 0x000001801c66e040 Implicit null exception at 0x0000018027644172 to 0x00000180276447c8
Event: 2.976 Thread 0x00000180389b8fa0 Exception <a 'java/lang/NoSuchMethodError'{0x00000000c71cbd98}: 'void java.lang.invoke.DirectMethodHandle$Holder.invokeStatic(java.lang.Object, long)'> (0x00000000c71cbd98) 
thrown [s\src\hotspot\share\interpreter\linkResolver.cpp, line 771]
Event: 2.977 Thread 0x00000180389b8fa0 Exception <a 'java/lang/NoSuchMethodError'{0x00000000c71d1448}: 'java.lang.Object java.lang.invoke.DirectMethodHandle$Holder.newInvokeSpecial(java.lang.Object, long)'> (0x00000000c71d1448) 
thrown [s\src\hotspot\share\interpreter\linkResolver.cpp, line 771]
Event: 2.979 Thread 0x00000180389b8fa0 Exception <a 'java/lang/NoSuchMethodError'{0x00000000c71dbff0}: 'java.lang.Object java.lang.invoke.DirectMethodHandle$Holder.invokeStaticInit(java.lang.Object, java.lang.Object, long, java.lang.Object)'> (0x00000000c71dbff0) 
thrown [s\src\hotspot\share\interpreter\linkResolver.cpp, line 771]
Event: 2.980 Thread 0x00000180389b8fa0 Exception <a 'java/lang/NoSuchMethodError'{0x00000000c71e2678}: 'java.lang.Object java.lang.invoke.DirectMethodHandle$Holder.newInvokeSpecial(java.lang.Object, java.lang.Object, long)'> (0x00000000c71e2678) 
thrown [s\src\hotspot\share\interpreter\linkResolver.cpp, line 771]
Event: 2.980 Thread 0x00000180389b8fa0 Exception <a 'java/lang/NoSuchMethodError'{0x00000000c71e6968}: 'java.lang.Object java.lang.invoke.Invokers$Holder.linkToTargetMethod(java.lang.Object, long, java.lang.Object)'> (0x00000000c71e6968) 
thrown [s\src\hotspot\share\interpreter\linkResolver.cpp, line 771]
Event: 63.331 Thread 0x000001801c66e040 Exception <a 'sun/net/ConnectionResetException'{0x00000000c6eee8d0}: Connection reset> (0x00000000c6eee8d0) 
thrown [s\src\hotspot\share\prims\jni.cpp, line 536]

VM Operations (20 events):
Event: 8.450 Executing VM operation: Cleanup
Event: 8.450 Executing VM operation: Cleanup done
Event: 22.561 Executing VM operation: Cleanup
Event: 22.561 Executing VM operation: Cleanup done
Event: 23.564 Executing VM operation: Cleanup
Event: 23.564 Executing VM operation: Cleanup done
Event: 27.595 Executing VM operation: Cleanup
Event: 27.595 Executing VM operation: Cleanup done
Event: 44.692 Executing VM operation: Cleanup
Event: 44.692 Executing VM operation: Cleanup done
Event: 45.693 Executing VM operation: Cleanup
Event: 45.693 Executing VM operation: Cleanup done
Event: 52.741 Executing VM operation: Cleanup
Event: 52.742 Executing VM operation: Cleanup done
Event: 53.749 Executing VM operation: Cleanup
Event: 53.750 Executing VM operation: Cleanup done
Event: 60.070 Executing VM operation: HandshakeAllThreads
Event: 60.071 Executing VM operation: HandshakeAllThreads done
Event: 63.076 Executing VM operation: Cleanup
Event: 63.076 Executing VM operation: Cleanup done

Events (20 events):
Event: 15.950 loading class jdk/internal/reflect/ByteVector done
Event: 15.950 loading class jdk/internal/reflect/ByteVectorImpl done
Event: 15.950 loading class jdk/internal/reflect/ClassFileAssembler
Event: 15.950 loading class jdk/internal/reflect/ClassFileAssembler done
Event: 15.950 loading class jdk/internal/reflect/UTF8
Event: 15.950 loading class jdk/internal/reflect/UTF8 done
Event: 15.951 loading class jdk/internal/reflect/Label
Event: 15.951 loading class jdk/internal/reflect/Label done
Event: 15.951 loading class jdk/internal/reflect/Label$PatchInfo
Event: 15.951 loading class jdk/internal/reflect/Label$PatchInfo done
Event: 15.951 loading class jdk/internal/reflect/MethodAccessorGenerator$1
Event: 15.951 loading class jdk/internal/reflect/MethodAccessorGenerator$1 done
Event: 15.951 loading class jdk/internal/reflect/ClassDefiner
Event: 15.951 loading class jdk/internal/reflect/ClassDefiner done
Event: 15.951 loading class jdk/internal/reflect/ClassDefiner$1
Event: 15.951 loading class jdk/internal/reflect/ClassDefiner$1 done
Event: 45.481 loading class jdk/internal/misc/ScopedMemoryAccess$Scope
Event: 45.482 loading class jdk/internal/misc/ScopedMemoryAccess$Scope done
Event: 63.327 loading class sun/net/ConnectionResetException
Event: 63.330 loading class sun/net/ConnectionResetException done


Dynamic libraries:
0x00007ff665100000 - 0x00007ff66510a000 	C:\Program Files\Android\Android Studio1\jbr\bin\java.exe
0x00007ff8415b0000 - 0x00007ff8417c7000 	C:\WINDOWS\SYSTEM32\ntdll.dll
0x00007ff83fee0000 - 0x00007ff83ffa4000 	C:\WINDOWS\System32\KERNEL32.DLL
0x00007ff83ece0000 - 0x00007ff83f08d000 	C:\WINDOWS\System32\KERNELBASE.dll
0x00007ff83ea00000 - 0x00007ff83eb11000 	C:\WINDOWS\System32\ucrtbase.dll
0x00007ff82c110000 - 0x00007ff82c12b000 	C:\Program Files\Android\Android Studio1\jbr\bin\VCRUNTIME140.dll
0x00007ff82c4d0000 - 0x00007ff82c4e7000 	C:\Program Files\Android\Android Studio1\jbr\bin\jli.dll
0x00007ff8407a0000 - 0x00007ff84094e000 	C:\WINDOWS\System32\USER32.dll
0x00007ff83f090000 - 0x00007ff83f0b6000 	C:\WINDOWS\System32\win32u.dll
0x00007ff83feb0000 - 0x00007ff83fed9000 	C:\WINDOWS\System32\GDI32.dll
0x00007ff83e8e0000 - 0x00007ff83e9f9000 	C:\WINDOWS\System32\gdi32full.dll
0x00007ff83ebc0000 - 0x00007ff83ec5a000 	C:\WINDOWS\System32\msvcp_win.dll
0x00007ff829810000 - 0x00007ff829aa3000 	C:\WINDOWS\WinSxS\amd64_microsoft.windows.common-controls_6595b64144ccf1df_6.0.22621.3672_none_2713b9d173822955\COMCTL32.dll
0x00007ff8414c0000 - 0x00007ff841567000 	C:\WINDOWS\System32\msvcrt.dll
0x00007ff8400f0000 - 0x00007ff840121000 	C:\WINDOWS\System32\IMM32.DLL
0x00007ff837780000 - 0x00007ff83778c000 	C:\Program Files\Android\Android Studio1\jbr\bin\vcruntime140_1.dll
0x00007fffdf2a0000 - 0x00007fffdf32d000 	C:\Program Files\Android\Android Studio1\jbr\bin\msvcp140.dll
0x00007fffcc770000 - 0x00007fffcd3f3000 	C:\Program Files\Android\Android Studio1\jbr\bin\server\jvm.dll
0x00007ff83f7d0000 - 0x00007ff83f882000 	C:\WINDOWS\System32\ADVAPI32.dll
0x00007ff83f370000 - 0x00007ff83f419000 	C:\WINDOWS\System32\sechost.dll
0x00007ff83eb90000 - 0x00007ff83ebb8000 	C:\WINDOWS\System32\bcrypt.dll
0x00007ff83ffb0000 - 0x00007ff8400c4000 	C:\WINDOWS\System32\RPCRT4.dll
0x00007ff83e150000 - 0x00007ff83e19d000 	C:\WINDOWS\SYSTEM32\POWRPROF.dll
0x00007ff8380e0000 - 0x00007ff838114000 	C:\WINDOWS\SYSTEM32\WINMM.dll
0x00007ff838d00000 - 0x00007ff838d0a000 	C:\WINDOWS\SYSTEM32\VERSION.dll
0x00007ff834830000 - 0x00007ff834839000 	C:\WINDOWS\SYSTEM32\WSOCK32.dll
0x00007ff83f2f0000 - 0x00007ff83f361000 	C:\WINDOWS\System32\ws2_32.DLL
0x00007ff83e130000 - 0x00007ff83e143000 	C:\WINDOWS\SYSTEM32\UMPDC.dll
0x00007ff83d980000 - 0x00007ff83d998000 	C:\WINDOWS\SYSTEM32\kernel.appcore.dll
0x00007ff831730000 - 0x00007ff83173a000 	C:\Program Files\Android\Android Studio1\jbr\bin\jimage.dll
0x00007ff83c180000 - 0x00007ff83c3b2000 	C:\WINDOWS\SYSTEM32\DBGHELP.DLL
0x00007ff83f890000 - 0x00007ff83fc18000 	C:\WINDOWS\System32\combase.dll
0x00007ff840130000 - 0x00007ff840207000 	C:\WINDOWS\System32\OLEAUT32.dll
0x00007ff837430000 - 0x00007ff837462000 	C:\WINDOWS\SYSTEM32\dbgcore.DLL
0x00007ff83ec60000 - 0x00007ff83ecdb000 	C:\WINDOWS\System32\bcryptPrimitives.dll
0x00007ff815df0000 - 0x00007ff815e15000 	C:\Program Files\Android\Android Studio1\jbr\bin\java.dll
0x00007ff82b670000 - 0x00007ff82b688000 	C:\Program Files\Android\Android Studio1\jbr\bin\zip.dll
0x00007ff840b60000 - 0x00007ff8413bf000 	C:\WINDOWS\System32\SHELL32.dll
0x00007ff83c830000 - 0x00007ff83d12c000 	C:\WINDOWS\SYSTEM32\windows.storage.dll
0x00007ff83c6f0000 - 0x00007ff83c82f000 	C:\WINDOWS\SYSTEM32\wintypes.dll
0x00007ff8413c0000 - 0x00007ff8414b4000 	C:\WINDOWS\System32\SHCORE.dll
0x00007ff840b00000 - 0x00007ff840b5e000 	C:\WINDOWS\System32\shlwapi.dll
0x00007ff83e810000 - 0x00007ff83e831000 	C:\WINDOWS\SYSTEM32\profapi.dll
0x00007ff828f80000 - 0x00007ff828f99000 	C:\Program Files\Android\Android Studio1\jbr\bin\net.dll
0x00007ff838120000 - 0x00007ff838256000 	C:\WINDOWS\SYSTEM32\WINHTTP.dll
0x00007ff83ddf0000 - 0x00007ff83de59000 	C:\WINDOWS\system32\mswsock.dll
0x00007ff828cf0000 - 0x00007ff828d06000 	C:\Program Files\Android\Android Studio1\jbr\bin\nio.dll
0x00007ff831360000 - 0x00007ff831370000 	C:\Program Files\Android\Android Studio1\jbr\bin\verify.dll
0x00007ff8158c0000 - 0x00007ff8158e7000 	C:\Users\62887\.gradle\native\c067742578af261105cb4f569cf0c3c89f3d7b1fecec35dd04571415982c5e48\windows-amd64\native-platform.dll
0x00007ff82cfc0000 - 0x00007ff82cfc9000 	C:\Program Files\Android\Android Studio1\jbr\bin\management.dll
0x00007ff82cee0000 - 0x00007ff82ceeb000 	C:\Program Files\Android\Android Studio1\jbr\bin\management_ext.dll
0x00007ff83fc20000 - 0x00007ff83fc28000 	C:\WINDOWS\System32\PSAPI.DLL
0x00007ff83e060000 - 0x00007ff83e07b000 	C:\WINDOWS\SYSTEM32\CRYPTSP.dll
0x00007ff83d8e0000 - 0x00007ff83d915000 	C:\WINDOWS\system32\rsaenh.dll
0x00007ff83def0000 - 0x00007ff83df18000 	C:\WINDOWS\SYSTEM32\USERENV.dll
0x00007ff83e050000 - 0x00007ff83e05c000 	C:\WINDOWS\SYSTEM32\CRYPTBASE.dll
0x00007ff83d3d0000 - 0x00007ff83d3fd000 	C:\WINDOWS\SYSTEM32\IPHLPAPI.DLL
0x00007ff83f7c0000 - 0x00007ff83f7c9000 	C:\WINDOWS\System32\NSI.dll
0x00007ff8386f0000 - 0x00007ff838709000 	C:\WINDOWS\SYSTEM32\dhcpcsvc6.DLL
0x00007ff837f70000 - 0x00007ff837f8f000 	C:\WINDOWS\SYSTEM32\dhcpcsvc.DLL
0x00007ff83d450000 - 0x00007ff83d548000 	C:\WINDOWS\SYSTEM32\DNSAPI.dll
0x00007ff82cb60000 - 0x00007ff82cb69000 	C:\Program Files\Android\Android Studio1\jbr\bin\extnet.dll
0x00007ff82c4c0000 - 0x00007ff82c4c8000 	C:\WINDOWS\system32\wshunix.dll

dbghelp: loaded successfully - version: 4.0.5 - missing functions: none
symbol engine: initialized successfully - sym options: 0x614 - pdb path: .;C:\Program Files\Android\Android Studio1\jbr\bin;C:\WINDOWS\SYSTEM32;C:\WINDOWS\WinSxS\amd64_microsoft.windows.common-controls_6595b64144ccf1df_6.0.22621.3672_none_2713b9d173822955;C:\Program Files\Android\Android Studio1\jbr\bin\server;C:\Users\62887\.gradle\native\c067742578af261105cb4f569cf0c3c89f3d7b1fecec35dd04571415982c5e48\windows-amd64

VM Arguments:
jvm_args: -Dorg.gradle.appname=gradlew 
java_command: org.gradle.wrapper.GradleWrapperMain -q -Ptarget-platform=android-arm64 -Ptarget=C:\Users\62887\Documents\@Yusuf\PROJECT_FLUTTER\palugada\lib\main.dart -Pbase-application-name=android.app.Application -Pdart-defines=RkxVVFRFUl9XRUJfQ0FOVkFTS0lUX1VSTD1odHRwczovL3d3dy5nc3RhdGljLmNvbS9mbHV0dGVyLWNhbnZhc2tpdC9lZGQ4NTQ2MTE2NDU3YmRmMWM1YmRmYjEzZWNiOTQ2M2QyYmI1ZWQ0Lw== -Pdart-obfuscation=false -Ptrack-widget-creation=true -Ptree-shake-icons=false -Pfilesystem-scheme=org-dartlang-root assembleDebug
java_class_path (initial): C:\Users\62887\Documents\@Yusuf\PROJECT_FLUTTER\palugada\android\\gradle\wrapper\gradle-wrapper.jar
Launcher Type: SUN_STANDARD

[Global flags]
     intx CICompilerCount                          = 3                                         {product} {ergonomic}
     uint ConcGCThreads                            = 1                                         {product} {ergonomic}
     uint G1ConcRefinementThreads                  = 4                                         {product} {ergonomic}
   size_t G1HeapRegionSize                         = 1048576                                   {product} {ergonomic}
    uintx GCDrainStackTargetSize                   = 64                                        {product} {ergonomic}
   size_t InitialHeapSize                          = 62914560                                  {product} {ergonomic}
   size_t MarkStackSize                            = 4194304                                   {product} {ergonomic}
   size_t MaxHeapSize                              = 1006632960                                {product} {ergonomic}
   size_t MaxNewSize                               = 603979776                                 {product} {ergonomic}
   size_t MinHeapDeltaBytes                        = 1048576                                   {product} {ergonomic}
   size_t MinHeapSize                              = 8388608                                   {product} {ergonomic}
    uintx NonNMethodCodeHeapSize                   = 5832780                                {pd product} {ergonomic}
    uintx NonProfiledCodeHeapSize                  = 122912730                              {pd product} {ergonomic}
    uintx ProfiledCodeHeapSize                     = 122912730                              {pd product} {ergonomic}
    uintx ReservedCodeCacheSize                    = 251658240                              {pd product} {ergonomic}
     bool SegmentedCodeCache                       = true                                      {product} {ergonomic}
   size_t SoftMaxHeapSize                          = 1006632960                             {manageable} {ergonomic}
     bool UseCompressedClassPointers               = true                           {product lp64_product} {ergonomic}
     bool UseCompressedOops                        = true                           {product lp64_product} {ergonomic}
     bool UseG1GC                                  = true                                      {product} {ergonomic}
     bool UseLargePagesIndividualAllocation        = false                                  {pd product} {ergonomic}

Logging:
Log output configuration:
 #0: stdout all=warning uptime,level,tags
 #1: stderr all=off uptime,level,tags

Environment Variables:
JAVA_HOME=C:\Program Files\Android\Android Studio1\jbr
CLASSPATH=C:\Users\62887\Documents\@Yusuf\PROJECT_FLUTTER\palugada\android\\gradle\wrapper\gradle-wrapper.jar
PATH=C:\Program Files\Android\Android Studio1\jbr\bin;C:\Program Files\Common Files\Oracle\Java\javapath;C:\WINDOWS\system32;C:\WINDOWS;C:\WINDOWS\System32\Wbem;C:\WINDOWS\System32\WindowsPowerShell\v1.0\;C:\WINDOWS\System32\OpenSSH\;C:\Users\62887\AppData\Local\Programs\Python\Python310;C:\Users\62887\AppData\Local\Programs\Python\Python310\Scripts;C:\Program Files\Git\cmd;C:\xampp\mysql\bin;C:\Program Files\nodejs;C:\Program Files\nodejs\;C:\xampp\php;C:\ProgramData\ComposerSetup\bin;C:\flutter\bin;C:\Users\62887\AppData\Local\Android\Sdk\platform-tools;C:\Users\62887\AppData\Local\Android\Sdk;C:\Program Files\Java\jdk-22;C:\Program Files\Java\jdk-22\bin;C:\flutter\bin\cache\dart-sdk\bin;C:\flutter\bin\.pub-cache\bin;C:\flutter\bin\cache\dart-sdk\bin;C:\Program Files (x86)\Windows Kits\10\Windows Performance Toolkit\;C:\Users\62887\AppData\Roaming\Pub\Cache\bin;C:\Users\62887\AppData\Local\Pub\Cache\bin;C:\Users\62887\AppData\Local\Microsoft\WindowsApps;C:\Users\62887\AppData\Local\Programs\Microsoft VS Code\bin;C:\Users\62887\AppData\Local\Programs\Python\Python310;C:\Users\62887\AppData\Local\Programs\Python\Python310\Scripts;C:\xampp\mysql\bin;C:\Program Files\nodejs;C:\Users\62887\AppData\Roaming\npm;C:\Users\62887\AppData\Roaming\Composer\vendor\bin;C:\flutter\bin;C:\Users\62887\AppData\Local\Android\Sdk\platform-tools;C:\Users\62887\AppData\Local\Android\Sdk;C:\flutter\bin\cache\dart-sdk\bin;C:\Users\62887\AppData\Roaming\Pub\Cache\bin;C:\dart-sdk\bin;C:\flutter\bin\cache\dart-sdk\bin;;C:\flutter\bin\mingit\cmd;C:\flutter\bin\mingit\cmd
USERNAME=62887
OS=Windows_NT
PROCESSOR_IDENTIFIER=Intel64 Family 6 Model 126 Stepping 5, GenuineIntel
TMP=C:\Users\62887\AppData\Local\Temp
TEMP=C:\Users\62887\AppData\Local\Temp



Periodic native trim disabled

JNI global refs:
JNI global refs: 18, weak refs: 0

JNI global refs memory usage: 843, weak refs: 209

OOME stack traces (most recent first):
Classloader memory used:
Loader bootstrap                                                                       : 1623K
Loader org.gradle.internal.classloader.VisitableURLClassLoader                         : 534K
Loader java.net.URLClassLoader                                                         : 26124B
Loader jdk.internal.loader.ClassLoaders$AppClassLoader                                 : 18431B
Loader jdk.internal.loader.ClassLoaders$PlatformClassLoader                            : 14834B
Loader jdk.internal.reflect.DelegatingClassLoader                                      : 439B

Classes loaded by more than one classloader:
Class org.gradle.internal.installation.GradleInstallation                             : loaded 2 times (x 73B)
Class org.gradle.cli.ParsedCommandLine                                                : loaded 2 times (x 78B)
Class org.gradle.internal.classpath.ClassPath                                         : loaded 2 times (x 68B)
Class org.gradle.api.internal.classpath.DefaultModuleRegistry                         : loaded 2 times (x 84B)
Class org.gradle.api.Action                                                           : loaded 2 times (x 68B)
Class org.gradle.cli.CommandLineParser$OptionString                                   : loaded 2 times (x 71B)
Class org.gradle.internal.installation.GradleInstallation$1                           : loaded 2 times (x 73B)
Class org.gradle.cli.CommandLineParser$AfterOptions                                   : loaded 2 times (x 75B)
Class org.gradle.internal.classpath.DefaultClassPath$ImmutableUniqueList$Builder      : loaded 2 times (x 73B)
Class org.gradle.cli.CommandLineParser$AfterFirstSubCommand                           : loaded 2 times (x 75B)
Class org.gradle.internal.classloader.ClassLoaderVisitor                              : loaded 2 times (x 74B)
Class org.gradle.internal.service.UnknownServiceException                             : loaded 2 times (x 81B)
Class org.gradle.api.GradleException                                                  : loaded 2 times (x 80B)
Class org.gradle.api.internal.classpath.ModuleRegistry                                : loaded 2 times (x 68B)
Class org.gradle.cli.CommandLineParser$KnownOptionParserState                         : loaded 2 times (x 74B)
Class org.gradle.internal.classloader.ClasspathUtil$1                                 : loaded 2 times (x 74B)
Class org.gradle.cli.AbstractPropertiesCommandLineConverter                           : loaded 2 times (x 81B)
Class org.gradle.api.internal.classpath.ManifestUtil                                  : loaded 2 times (x 69B)
Class org.gradle.api.specs.Spec                                                       : loaded 2 times (x 68B)
Class org.gradle.cli.SystemPropertiesCommandLineConverter                             : loaded 2 times (x 81B)
Class org.gradle.internal.IoActions                                                   : loaded 2 times (x 69B)
Class org.gradle.api.internal.classpath.EffectiveClassPath                            : loaded 2 times (x 88B)
Class org.gradle.internal.installation.CurrentGradleInstallation                      : loaded 2 times (x 71B)
Class org.gradle.internal.installation.CurrentGradleInstallationLocator               : loaded 2 times (x 69B)
Class org.gradle.api.internal.classpath.Module                                        : loaded 2 times (x 68B)
Class org.gradle.internal.classpath.DefaultClassPath                                  : loaded 2 times (x 88B)
Class org.gradle.api.Transformer                                                      : loaded 2 times (x 68B)
Class org.gradle.cli.CommandLineParser                                                : loaded 2 times (x 77B)
Class org.gradle.cli.CommandLineParser$BeforeFirstSubCommand                          : loaded 2 times (x 75B)
Class org.gradle.internal.classloader.SystemClassLoaderSpec                           : loaded 2 times (x 69B)
Class org.gradle.cli.CommandLineOption                                                : loaded 2 times (x 84B)
Class org.gradle.cli.CommandLineParser$ParserState                                    : loaded 2 times (x 74B)
Class org.gradle.cli.CommandLineParser$MissingOptionArgState                          : loaded 2 times (x 75B)
Class org.gradle.api.UncheckedIOException                                             : loaded 2 times (x 80B)
Class org.gradle.cli.ParsedCommandLineOption                                          : loaded 2 times (x 74B)
Class org.gradle.internal.classloader.ClasspathUtil                                   : loaded 2 times (x 69B)
Class org.gradle.api.internal.classpath.DefaultModuleRegistry$DefaultModule           : loaded 2 times (x 84B)
Class org.gradle.cli.CommandLineParser$UnknownOptionParserState                       : loaded 2 times (x 74B)
Class org.gradle.api.internal.classpath.UnknownModuleException                        : loaded 2 times (x 80B)
Class org.gradle.internal.service.ServiceLookupException                              : loaded 2 times (x 80B)
Class org.gradle.cache.GlobalCache                                                    : loaded 2 times (x 68B)
Class org.gradle.util.internal.GUtil                                                  : loaded 2 times (x 69B)
Class org.gradle.internal.classloader.ClassLoaderSpec                                 : loaded 2 times (x 69B)
Class org.gradle.cli.CommandLineParser$OptionAwareParserState                         : loaded 2 times (x 75B)
Class org.gradle.cli.CommandLineParser$OptionParserState                              : loaded 2 times (x 73B)
Class org.gradle.internal.Cast                                                        : loaded 2 times (x 69B)
Class org.gradle.internal.classloader.ClassLoaderHierarchy                            : loaded 2 times (x 68B)
Class org.gradle.cli.CommandLineConverter                                             : loaded 2 times (x 68B)
Class org.gradle.internal.classpath.DefaultClassPath$ImmutableUniqueList              : loaded 2 times (x 159B)
Class org.gradle.cli.AbstractCommandLineConverter                                     : loaded 2 times (x 77B)
Class org.gradle.cli.CommandLineArgumentException                                     : loaded 2 times (x 80B)


---------------  S Y S T E M  ---------------

OS:
 Windows 11 , 64 bit Build 22621 (10.0.22621.3672)
OS uptime: 6 days 23:21 hours

CPU: total 4 (initial active 4) (2 cores per cpu, 2 threads per core) family 6 model 126 stepping 5 microcode 0xa8, cx8, cmov, fxsr, ht, mmx, 3dnowpref, sse, sse2, sse3, ssse3, sse4.1, sse4.2, popcnt, lzcnt, tsc, tscinvbit, avx, avx2, aes, erms, clmul, bmi1, bmi2, adx, avx512f, avx512dq, avx512cd, avx512bw, avx512vl, sha, fma, vzeroupper, avx512_vpopcntdq, avx512_vpclmulqdq, avx512_vaes, avx512_vnni, clflush, clflushopt, avx512_vbmi2, avx512_vbmi
Processor Information for all 4 processors :
  Max Mhz: 1190, Current Mhz: 1190, Mhz Limit: 1190

Memory: 4k page, system-wide physical 3834M (279M free)
TotalPageFile size 15610M (AvailPageFile size 653M)
current process WorkingSet (physical memory assigned to process): 27M, peak: 89M
current process commit charge ("private bytes"): 150M, peak: 157M

vm_info: OpenJDK 64-Bit Server VM (17.0.10+0--11572160) for windows-amd64 JRE (17.0.10+0--11572160), built on Mar 13 2024 23:56:38 by "androidbuild" with MS VC++ 16.10 / 16.11 (VS2019)

END.
