#
# There is insufficient memory for the Java Runtime Environment to continue.
# Native memory allocation (mmap) failed to map 62914560 bytes for G1 virtual space
# Possible reasons:
#   The system is out of physical RAM or swap space
#   The process is running with CompressedOops enabled, and the Java Heap may be blocking the growth of the native heap
# Possible solutions:
#   Reduce memory load on the system
#   Increase physical memory or swap space
#   Check if swap backing store is full
#   Decrease Java heap size (-Xmx/-Xms)
#   Decrease number of Java threads
#   Decrease Java thread stack sizes (-Xss)
#   Set larger code cache with -XX:ReservedCodeCacheSize=
#   JVM is running with Unscaled Compressed Oops mode in which the Java heap is
#     placed in the first 4GB address space. The Java Heap base address is the
#     maximum limit for the native heap growth. Please use -XX:HeapBaseMinAddress
#     to set the Java Heap base and to place the Java Heap above 4GB virtual address.
# This output file may be truncated or incomplete.
#
#  Out of Memory Error (os_windows.cpp:3825), pid=18320, tid=25556
#
# JRE version:  (17.0.10) (build )
# Java VM: OpenJDK 64-Bit Server VM (17.0.10+0--11572160, mixed mode, sharing, tiered, compressed oops, compressed class ptrs, g1 gc, windows-amd64)
# No core dump will be written. Minidumps are not enabled by default on client versions of Windows
#

---------------  S U M M A R Y ------------

Command Line: -Dorg.gradle.appname=gradlew org.gradle.wrapper.GradleWrapperMain -q -Ptarget-platform=android-arm64 -Ptarget=C:\Users\62887\Documents\@Yusuf\PROJECT_FLUTTER\palugada\lib\main.dart -Pbase-application-name=android.app.Application -Pdart-defines=RkxVVFRFUl9XRUJfQ0FOVkFTS0lUX1VSTD1odHRwczovL3d3dy5nc3RhdGljLmNvbS9mbHV0dGVyLWNhbnZhc2tpdC9lZGQ4NTQ2MTE2NDU3YmRmMWM1YmRmYjEzZWNiOTQ2M2QyYmI1ZWQ0Lw== -Pdart-obfuscation=false -Ptrack-widget-creation=true -Ptree-shake-icons=false -Pfilesystem-scheme=org-dartlang-root assembleDebug

Host: Intel(R) Core(TM) i3-1005G1 CPU @ 1.20GHz, 4 cores, 3G,  Windows 11 , 64 bit Build 22621 (10.0.22621.3672)
Time: Tue Jul 16 23:48:01 2024 SE Asia Standard Time elapsed time: 0.145795 seconds (0d 0h 0m 0s)

---------------  T H R E A D  ---------------

Current thread (0x0000025f618e07c0):  JavaThread "Unknown thread" [_thread_in_vm, id=25556, stack(0x000000dfa3900000,0x000000dfa3a00000)]

Stack: [0x000000dfa3900000,0x000000dfa3a00000]
Native frames: (J=compiled Java code, j=interpreted, Vv=VM code, C=native code)
V  [jvm.dll+0x688e89]
V  [jvm.dll+0x84247a]
V  [jvm.dll+0x8440be]
V  [jvm.dll+0x844723]
V  [jvm.dll+0x24be0f]
V  [jvm.dll+0x685c59]
V  [jvm.dll+0x67a50a]
V  [jvm.dll+0x30cbab]
V  [jvm.dll+0x314056]
V  [jvm.dll+0x363dce]
V  [jvm.dll+0x363fff]
V  [jvm.dll+0x2e2978]
V  [jvm.dll+0x2e38e4]
V  [jvm.dll+0x813011]
V  [jvm.dll+0x371c81]
V  [jvm.dll+0x7f1b66]
V  [jvm.dll+0x3f58df]
V  [jvm.dll+0x3f7511]
C  [jli.dll+0x528f]
C  [ucrtbase.dll+0x29333]
C  [KERNEL32.DLL+0x1257d]
C  [ntdll.dll+0x5af28]


---------------  P R O C E S S  ---------------

Threads class SMR info:
_java_thread_list=0x00007fffdc5aef58, length=0, elements={
}

Java Threads: ( => current thread )

Other Threads:
  0x0000025f6191a8f0 GCTaskThread "GC Thread#0" [stack: 0x000000dfa3a00000,0x000000dfa3b00000] [id=2216]
  0x0000025f61922f50 ConcurrentGCThread "G1 Main Marker" [stack: 0x000000dfa3b00000,0x000000dfa3c00000] [id=26376]
  0x0000025f61923880 ConcurrentGCThread "G1 Conc#0" [stack: 0x000000dfa3c00000,0x000000dfa3d00000] [id=3968]

[error occurred during error reporting (printing all threads), id 0xc0000005, EXCEPTION_ACCESS_VIOLATION (0xc0000005) at pc=0x00007fffdbd63547]

VM state: not at safepoint (not fully initialized)

VM Mutex/Monitor currently owned by a thread:  ([mutex/lock_event])
[0x0000025f618db600] Heap_lock - owner thread: 0x0000025f618e07c0

Heap address: 0x00000000c4000000, size: 960 MB, Compressed Oops mode: 32-bit

CDS archive(s) mapped at: [0x0000000000000000-0x0000000000000000-0x0000000000000000), size 0, SharedBaseAddress: 0x0000000800000000, ArchiveRelocationMode: 1.
Narrow klass base: 0x0000000000000000, Narrow klass shift: 0, Narrow klass range: 0x0

GC Precious Log:
<Empty>

Heap:
 garbage-first heap   total 0K, used 0K [0x00000000c4000000, 0x0000000100000000)
  region size 1024K, 0 young (0K), 0 survivors (0K)
 Metaspace       used 0K, committed 0K, reserved 0K
  class space    used 0K, committed 0K, reserved 0K

Heap Regions: E=young(eden), S=young(survivor), O=old, HS=humongous(starts), HC=humongous(continues), CS=collection set, F=free, OA=open archive, CA=closed archive, TAMS=top-at-mark-start (previous, next)

Card table byte_map: [0x0000025f75d90000,0x0000025f75f70000] _byte_map_base: 0x0000025f75770000

Marking Bits (Prev, Next): (CMBitMap*) 0x0000025f6191ae20, (CMBitMap*) 0x0000025f6191ae60
 Prev Bits: [0x0000025f76150000, 0x0000025f77050000)
 Next Bits: [0x0000025f77050000, 0x0000025f77f50000)

GC Heap History (0 events):
No events

Dll operation events (1 events):
Event: 0.100 Loaded shared library C:\Program Files\Android\Android Studio1\jbr\bin\java.dll

Deoptimization events (0 events):
No events

Classes unloaded (0 events):
No events

Classes redefined (0 events):
No events

Internal exceptions (0 events):
No events

VM Operations (0 events):
No events

Events (0 events):
No events


Dynamic libraries:
0x00007ff71c2c0000 - 0x00007ff71c2ca000 	C:\Program Files\Android\Android Studio1\jbr\bin\java.exe
0x00007ff8415b0000 - 0x00007ff8417c7000 	C:\WINDOWS\SYSTEM32\ntdll.dll
0x00007ff83fee0000 - 0x00007ff83ffa4000 	C:\WINDOWS\System32\KERNEL32.DLL
0x00007ff83ece0000 - 0x00007ff83f08d000 	C:\WINDOWS\System32\KERNELBASE.dll
0x00007ff83ea00000 - 0x00007ff83eb11000 	C:\WINDOWS\System32\ucrtbase.dll
0x00007ff81c2b0000 - 0x00007ff81c2c7000 	C:\Program Files\Android\Android Studio1\jbr\bin\jli.dll
0x00007ff8407a0000 - 0x00007ff84094e000 	C:\WINDOWS\System32\USER32.dll
0x00007ff83f090000 - 0x00007ff83f0b6000 	C:\WINDOWS\System32\win32u.dll
0x00007ff83feb0000 - 0x00007ff83fed9000 	C:\WINDOWS\System32\GDI32.dll
0x00007ff83e8e0000 - 0x00007ff83e9f9000 	C:\WINDOWS\System32\gdi32full.dll
0x00007ff81b840000 - 0x00007ff81b85b000 	C:\Program Files\Android\Android Studio1\jbr\bin\VCRUNTIME140.dll
0x00007ff829810000 - 0x00007ff829aa3000 	C:\WINDOWS\WinSxS\amd64_microsoft.windows.common-controls_6595b64144ccf1df_6.0.22621.3672_none_2713b9d173822955\COMCTL32.dll
0x00007ff83ebc0000 - 0x00007ff83ec5a000 	C:\WINDOWS\System32\msvcp_win.dll
0x00007ff8414c0000 - 0x00007ff841567000 	C:\WINDOWS\System32\msvcrt.dll
0x00007ff8400f0000 - 0x00007ff840121000 	C:\WINDOWS\System32\IMM32.DLL
0x00007ff839b00000 - 0x00007ff839b0c000 	C:\Program Files\Android\Android Studio1\jbr\bin\vcruntime140_1.dll
0x00007ffff2f50000 - 0x00007ffff2fdd000 	C:\Program Files\Android\Android Studio1\jbr\bin\msvcp140.dll
0x00007fffdba70000 - 0x00007fffdc6f3000 	C:\Program Files\Android\Android Studio1\jbr\bin\server\jvm.dll
0x00007ff83f7d0000 - 0x00007ff83f882000 	C:\WINDOWS\System32\ADVAPI32.dll
0x00007ff83f370000 - 0x00007ff83f419000 	C:\WINDOWS\System32\sechost.dll
0x00007ff83eb90000 - 0x00007ff83ebb8000 	C:\WINDOWS\System32\bcrypt.dll
0x00007ff83ffb0000 - 0x00007ff8400c4000 	C:\WINDOWS\System32\RPCRT4.dll
0x00007ff83e150000 - 0x00007ff83e19d000 	C:\WINDOWS\SYSTEM32\POWRPROF.dll
0x00007ff836950000 - 0x00007ff836959000 	C:\WINDOWS\SYSTEM32\WSOCK32.dll
0x00007ff8380e0000 - 0x00007ff838114000 	C:\WINDOWS\SYSTEM32\WINMM.dll
0x00007ff838d00000 - 0x00007ff838d0a000 	C:\WINDOWS\SYSTEM32\VERSION.dll
0x00007ff83f2f0000 - 0x00007ff83f361000 	C:\WINDOWS\System32\ws2_32.DLL
0x00007ff83e130000 - 0x00007ff83e143000 	C:\WINDOWS\SYSTEM32\UMPDC.dll
0x00007ff83d980000 - 0x00007ff83d998000 	C:\WINDOWS\SYSTEM32\kernel.appcore.dll
0x00007ff831bf0000 - 0x00007ff831bfa000 	C:\Program Files\Android\Android Studio1\jbr\bin\jimage.dll
0x00007ff83c180000 - 0x00007ff83c3b2000 	C:\WINDOWS\SYSTEM32\DBGHELP.DLL
0x00007ff83f890000 - 0x00007ff83fc18000 	C:\WINDOWS\System32\combase.dll
0x00007ff840130000 - 0x00007ff840207000 	C:\WINDOWS\System32\OLEAUT32.dll
0x00007ff837430000 - 0x00007ff837462000 	C:\WINDOWS\SYSTEM32\dbgcore.DLL
0x00007ff83ec60000 - 0x00007ff83ecdb000 	C:\WINDOWS\System32\bcryptPrimitives.dll
0x00007ff80a490000 - 0x00007ff80a4b5000 	C:\Program Files\Android\Android Studio1\jbr\bin\java.dll

dbghelp: loaded successfully - version: 4.0.5 - missing functions: none
symbol engine: initialized successfully - sym options: 0x614 - pdb path: .;C:\Program Files\Android\Android Studio1\jbr\bin;C:\WINDOWS\SYSTEM32;C:\WINDOWS\WinSxS\amd64_microsoft.windows.common-controls_6595b64144ccf1df_6.0.22621.3672_none_2713b9d173822955;C:\Program Files\Android\Android Studio1\jbr\bin\server

VM Arguments:
jvm_args: -Dorg.gradle.appname=gradlew 
java_command: org.gradle.wrapper.GradleWrapperMain -q -Ptarget-platform=android-arm64 -Ptarget=C:\Users\62887\Documents\@Yusuf\PROJECT_FLUTTER\palugada\lib\main.dart -Pbase-application-name=android.app.Application -Pdart-defines=RkxVVFRFUl9XRUJfQ0FOVkFTS0lUX1VSTD1odHRwczovL3d3dy5nc3RhdGljLmNvbS9mbHV0dGVyLWNhbnZhc2tpdC9lZGQ4NTQ2MTE2NDU3YmRmMWM1YmRmYjEzZWNiOTQ2M2QyYmI1ZWQ0Lw== -Pdart-obfuscation=false -Ptrack-widget-creation=true -Ptree-shake-icons=false -Pfilesystem-scheme=org-dartlang-root assembleDebug
java_class_path (initial): C:\Users\62887\Documents\@Yusuf\PROJECT_FLUTTER\palugada\android\\gradle\wrapper\gradle-wrapper.jar
Launcher Type: SUN_STANDARD

[Global flags]
     intx CICompilerCount                          = 3                                         {product} {ergonomic}
     uint ConcGCThreads                            = 1                                         {product} {ergonomic}
     uint G1ConcRefinementThreads                  = 4                                         {product} {ergonomic}
   size_t G1HeapRegionSize                         = 1048576                                   {product} {ergonomic}
    uintx GCDrainStackTargetSize                   = 64                                        {product} {ergonomic}
   size_t InitialHeapSize                          = 62914560                                  {product} {ergonomic}
   size_t MarkStackSize                            = 4194304                                   {product} {ergonomic}
   size_t MaxHeapSize                              = 1006632960                                {product} {ergonomic}
   size_t MinHeapDeltaBytes                        = 1048576                                   {product} {ergonomic}
   size_t MinHeapSize                              = 8388608                                   {product} {ergonomic}
    uintx NonNMethodCodeHeapSize                   = 5832780                                {pd product} {ergonomic}
    uintx NonProfiledCodeHeapSize                  = 122912730                              {pd product} {ergonomic}
    uintx ProfiledCodeHeapSize                     = 122912730                              {pd product} {ergonomic}
    uintx ReservedCodeCacheSize                    = 251658240                              {pd product} {ergonomic}
     bool SegmentedCodeCache                       = true                                      {product} {ergonomic}
   size_t SoftMaxHeapSize                          = 1006632960                             {manageable} {ergonomic}
     bool UseCompressedClassPointers               = true                           {product lp64_product} {ergonomic}
     bool UseCompressedOops                        = true                           {product lp64_product} {ergonomic}
     bool UseG1GC                                  = true                                      {product} {ergonomic}
     bool UseLargePagesIndividualAllocation        = false                                  {pd product} {ergonomic}

Logging:
Log output configuration:
 #0: stdout all=warning uptime,level,tags
 #1: stderr all=off uptime,level,tags

Environment Variables:
JAVA_HOME=C:\Program Files\Android\Android Studio1\jbr
CLASSPATH=C:\Users\62887\Documents\@Yusuf\PROJECT_FLUTTER\palugada\android\\gradle\wrapper\gradle-wrapper.jar
PATH=C:\Program Files\Android\Android Studio1\jbr\bin;C:\Program Files\Common Files\Oracle\Java\javapath;C:\WINDOWS\system32;C:\WINDOWS;C:\WINDOWS\System32\Wbem;C:\WINDOWS\System32\WindowsPowerShell\v1.0\;C:\WINDOWS\System32\OpenSSH\;C:\Users\62887\AppData\Local\Programs\Python\Python310;C:\Users\62887\AppData\Local\Programs\Python\Python310\Scripts;C:\Program Files\Git\cmd;C:\xampp\mysql\bin;C:\Program Files\nodejs;C:\Program Files\nodejs\;C:\xampp\php;C:\ProgramData\ComposerSetup\bin;C:\flutter\bin;C:\Users\62887\AppData\Local\Android\Sdk\platform-tools;C:\Users\62887\AppData\Local\Android\Sdk;C:\Program Files\Java\jdk-22;C:\Program Files\Java\jdk-22\bin;C:\flutter\bin\cache\dart-sdk\bin;C:\flutter\bin\.pub-cache\bin;C:\flutter\bin\cache\dart-sdk\bin;C:\Program Files (x86)\Windows Kits\10\Windows Performance Toolkit\;C:\Users\62887\AppData\Roaming\Pub\Cache\bin;C:\Users\62887\AppData\Local\Pub\Cache\bin;C:\Users\62887\AppData\Local\Microsoft\WindowsApps;C:\Users\62887\AppData\Local\Programs\Microsoft VS Code\bin;C:\Users\62887\AppData\Local\Programs\Python\Python310;C:\Users\62887\AppData\Local\Programs\Python\Python310\Scripts;C:\xampp\mysql\bin;C:\Program Files\nodejs;C:\Users\62887\AppData\Roaming\npm;C:\Users\62887\AppData\Roaming\Composer\vendor\bin;C:\flutter\bin;C:\Users\62887\AppData\Local\Android\Sdk\platform-tools;C:\Users\62887\AppData\Local\Android\Sdk;C:\flutter\bin\cache\dart-sdk\bin;C:\Users\62887\AppData\Roaming\Pub\Cache\bin;C:\dart-sdk\bin;C:\flutter\bin\cache\dart-sdk\bin;;C:\flutter\bin\mingit\cmd;C:\flutter\bin\mingit\cmd
USERNAME=62887
OS=Windows_NT
PROCESSOR_IDENTIFIER=Intel64 Family 6 Model 126 Stepping 5, GenuineIntel
TMP=C:\Users\62887\AppData\Local\Temp
TEMP=C:\Users\62887\AppData\Local\Temp



Periodic native trim disabled

JNI global refs:
JNI global refs: 0, weak refs: 0

JNI global refs memory usage: 0, weak refs: 0

OOME stack traces (most recent first):
Classloader memory used:


---------------  S Y S T E M  ---------------

OS:
 Windows 11 , 64 bit Build 22621 (10.0.22621.3672)
OS uptime: 5 days 22:40 hours

CPU: total 4 (initial active 4) (2 cores per cpu, 2 threads per core) family 6 model 126 stepping 5 microcode 0xa8, cx8, cmov, fxsr, ht, mmx, 3dnowpref, sse, sse2, sse3, ssse3, sse4.1, sse4.2, popcnt, lzcnt, tsc, tscinvbit, avx, avx2, aes, erms, clmul, bmi1, bmi2, adx, avx512f, avx512dq, avx512cd, avx512bw, avx512vl, sha, fma, vzeroupper, avx512_vpopcntdq, avx512_vpclmulqdq, avx512_vaes, avx512_vnni, clflush, clflushopt, avx512_vbmi2, avx512_vbmi
Processor Information for all 4 processors :
  Max Mhz: 1190, Current Mhz: 1190, Mhz Limit: 1190

Memory: 4k page, system-wide physical 3834M (153M free)
TotalPageFile size 15610M (AvailPageFile size 168M)
current process WorkingSet (physical memory assigned to process): 10M, peak: 10M
current process commit charge ("private bytes"): 51M, peak: 111M

vm_info: OpenJDK 64-Bit Server VM (17.0.10+0--11572160) for windows-amd64 JRE (17.0.10+0--11572160), built on Mar 13 2024 23:56:38 by "androidbuild" with MS VC++ 16.10 / 16.11 (VS2019)

END.
